<?xml version="1.0" encoding="UTF-8"?>
<robot generator="Robot 6.0.2 (Python 3.11.1 on win32)" generated="20230203 19:20:49.422" rpa="false" schemaversion="3">
<suite id="s1" name="Amazon Test" source="C:\Users\Gabriel\Documents\Robot\webtest\amazon_test.robot">
<test id="s1-t1" name="Case test 01 - Acesso ao menu &quot;Eletrônicos&quot;" line="9">
<kw name="Abrir navegador" library="amazon_resources" type="SETUP">
<kw name="Open Browser" library="SeleniumLibrary">
<arg>browser=chrome</arg>
<doc>Opens a new browser instance to the optional ``url``.</doc>
<msg timestamp="20230203 19:20:49.844" level="INFO">Opening browser 'chrome' to base url 'None'.</msg>
<status status="PASS" starttime="20230203 19:20:49.843" endtime="20230203 19:20:51.583"/>
</kw>
<kw name="Maximize Browser Window" library="SeleniumLibrary">
<doc>Maximizes current browser window.</doc>
<status status="PASS" starttime="20230203 19:20:51.583" endtime="20230203 19:20:51.732"/>
</kw>
<status status="PASS" starttime="20230203 19:20:49.843" endtime="20230203 19:20:51.732"/>
</kw>
<kw name="Acessar a home page do site Amazon.com.br" library="amazon_resources">
<kw name="Go To" library="SeleniumLibrary">
<arg>url=${URL}</arg>
<doc>Navigates the current browser window to the provided ``url``.</doc>
<msg timestamp="20230203 19:20:51.734" level="INFO">Opening url 'https://www.amazon.com.br/'</msg>
<status status="PASS" starttime="20230203 19:20:51.733" endtime="20230203 19:21:01.003"/>
</kw>
<kw name="Wait Until Element Is Visible" library="SeleniumLibrary">
<arg>locator=${MENU_ELETRONICOS}</arg>
<doc>Waits until the element ``locator`` is visible.</doc>
<status status="PASS" starttime="20230203 19:21:01.003" endtime="20230203 19:21:01.228"/>
</kw>
<status status="PASS" starttime="20230203 19:20:51.733" endtime="20230203 19:21:01.229"/>
</kw>
<kw name="Entrar no menu &quot;Eletrônicos&quot;" library="amazon_resources">
<kw name="Click Element" library="SeleniumLibrary">
<arg>locator=${MENU_ELETRONICOS}</arg>
<doc>Click the element identified by ``locator``.</doc>
<msg timestamp="20230203 19:21:01.232" level="INFO">Clicking element '//a[contains(.,'Eletrônicos')]'.</msg>
<status status="PASS" starttime="20230203 19:21:01.230" endtime="20230203 19:21:10.857"/>
</kw>
<status status="PASS" starttime="20230203 19:21:01.230" endtime="20230203 19:21:10.857"/>
</kw>
<kw name="Verificar se aparece a frase &quot;Eletrônicos e Tecnologia&quot;" library="amazon_resources" sourcename="Verificar se aparece a frase &quot;${FRASE}&quot;">
<kw name="Wait Until Page Contains" library="SeleniumLibrary">
<arg>text=${FRASE}</arg>
<doc>Waits until ``text`` appears on the current page.</doc>
<status status="PASS" starttime="20230203 19:21:10.858" endtime="20230203 19:21:11.011"/>
</kw>
<kw name="Wait Until Element Is Visible" library="SeleniumLibrary">
<arg>locator=${CHECK_HEADER}</arg>
<doc>Waits until the element ``locator`` is visible.</doc>
<status status="PASS" starttime="20230203 19:21:11.011" endtime="20230203 19:21:11.673"/>
</kw>
<status status="PASS" starttime="20230203 19:21:10.858" endtime="20230203 19:21:11.673"/>
</kw>
<kw name="Verificar se o título da página fica &quot;Eletrônicos e Tecnologia | Amazon.com.br&quot;" library="amazon_resources" sourcename="Verificar se o título da página fica &quot;${TITULO}&quot;">
<kw name="Title Should Be" library="SeleniumLibrary">
<arg>title=${TITULO}</arg>
<doc>Verifies that the current page title equals ``title``.</doc>
<msg timestamp="20230203 19:21:11.826" level="INFO">Page title is 'Eletrônicos e Tecnologia | Amazon.com.br'.</msg>
<status status="PASS" starttime="20230203 19:21:11.675" endtime="20230203 19:21:11.826"/>
</kw>
<status status="PASS" starttime="20230203 19:21:11.675" endtime="20230203 19:21:11.826"/>
</kw>
<kw name="Verificar se aparece a categoria &quot;Computadores e Informática&quot;" library="amazon_resources" sourcename="Verificar se aparece a categoria &quot;${CATEGORIA}&quot;">
<kw name="Element Should Be Visible" library="SeleniumLibrary">
<arg>locator=//a[contains(@aria-label,'${CATEGORIA}')]</arg>
<doc>Verifies that the element identified by ``locator`` is visible.</doc>
<msg timestamp="20230203 19:21:12.076" level="INFO">Element '//a[contains(@aria-label,'Computadores e Informática')]' is displayed.</msg>
<status status="PASS" starttime="20230203 19:21:11.828" endtime="20230203 19:21:12.077"/>
</kw>
<status status="PASS" starttime="20230203 19:21:11.827" endtime="20230203 19:21:12.077"/>
</kw>
<kw name="Fechar navegador" library="amazon_resources" type="TEARDOWN">
<kw name="Capture Page Screenshot" library="SeleniumLibrary">
<doc>Takes a screenshot of the current page and embeds it into a log file.</doc>
<msg timestamp="20230203 19:21:12.794" level="INFO" html="true">&lt;/td&gt;&lt;/tr&gt;&lt;tr&gt;&lt;td colspan="3"&gt;&lt;a href="selenium-screenshot-20.png"&gt;&lt;img src="selenium-screenshot-20.png" width="800px"&gt;&lt;/a&gt;</msg>
<status status="PASS" starttime="20230203 19:21:12.079" endtime="20230203 19:21:12.794"/>
</kw>
<kw name="Close Browser" library="SeleniumLibrary">
<doc>Closes the current browser.</doc>
<status status="PASS" starttime="20230203 19:21:12.795" endtime="20230203 19:21:15.514"/>
</kw>
<status status="PASS" starttime="20230203 19:21:12.078" endtime="20230203 19:21:15.514"/>
</kw>
<doc>Teste verifica o menu de elêtronicos da Amazon.com.br e a categoria "Computadores e
informática"</doc>
<tag>menus</tag>
<status status="PASS" starttime="20230203 19:20:49.841" endtime="20230203 19:21:15.515"/>
</test>
<test id="s1-t2" name="Case test 02 - Pesquisa de um Produto" line="19">
<kw name="Abrir navegador" library="amazon_resources" type="SETUP">
<kw name="Open Browser" library="SeleniumLibrary">
<arg>browser=chrome</arg>
<doc>Opens a new browser instance to the optional ``url``.</doc>
<msg timestamp="20230203 19:21:15.518" level="INFO">Opening browser 'chrome' to base url 'None'.</msg>
<status status="PASS" starttime="20230203 19:21:15.518" endtime="20230203 19:21:17.617"/>
</kw>
<kw name="Maximize Browser Window" library="SeleniumLibrary">
<doc>Maximizes current browser window.</doc>
<status status="PASS" starttime="20230203 19:21:17.618" endtime="20230203 19:21:17.776"/>
</kw>
<status status="PASS" starttime="20230203 19:21:15.517" endtime="20230203 19:21:17.776"/>
</kw>
<kw name="Acessar a home page do site Amazon.com.br" library="amazon_resources">
<kw name="Go To" library="SeleniumLibrary">
<arg>url=${URL}</arg>
<doc>Navigates the current browser window to the provided ``url``.</doc>
<msg timestamp="20230203 19:21:17.778" level="INFO">Opening url 'https://www.amazon.com.br/'</msg>
<status status="PASS" starttime="20230203 19:21:17.778" endtime="20230203 19:21:26.062"/>
</kw>
<kw name="Wait Until Element Is Visible" library="SeleniumLibrary">
<arg>locator=${MENU_ELETRONICOS}</arg>
<doc>Waits until the element ``locator`` is visible.</doc>
<status status="PASS" starttime="20230203 19:21:26.062" endtime="20230203 19:21:26.199"/>
</kw>
<status status="PASS" starttime="20230203 19:21:17.777" endtime="20230203 19:21:26.199"/>
</kw>
<kw name="Digitar o nome de produto &quot;Xbox Series S&quot; no campo de pesquisa" library="amazon_resources" sourcename="Digitar o nome de produto &quot;${PESQUISA}&quot; no campo de pesquisa">
<kw name="Input Text" library="SeleniumLibrary">
<arg>locator=${INPUT_TEXT}</arg>
<arg>text=${PESQUISA}</arg>
<doc>Types the given ``text`` into the text field identified by ``locator``.</doc>
<msg timestamp="20230203 19:21:26.201" level="INFO">Typing text 'Xbox Series S' into text field 'twotabsearchtextbox'.</msg>
<status status="PASS" starttime="20230203 19:21:26.200" endtime="20230203 19:21:26.704"/>
</kw>
<kw name="Capture Element Screenshot" library="SeleniumLibrary">
<arg>locator=${INPUT_TEXT}</arg>
<doc>Captures a screenshot from the element identified by ``locator`` and embeds it into log file.</doc>
<msg timestamp="20230203 19:21:26.916" level="INFO" html="true">&lt;/td&gt;&lt;/tr&gt;&lt;tr&gt;&lt;td colspan="3"&gt;&lt;a href="selenium-element-screenshot-3.png"&gt;&lt;img src="selenium-element-screenshot-3.png" width="400px"&gt;&lt;/a&gt;</msg>
<status status="PASS" starttime="20230203 19:21:26.704" endtime="20230203 19:21:26.917"/>
</kw>
<status status="PASS" starttime="20230203 19:21:26.199" endtime="20230203 19:21:26.917"/>
</kw>
<kw name="Clicar no botão de pesquisa" library="amazon_resources">
<kw name="Click Element" library="SeleniumLibrary">
<arg>locator=${PESQUISA_BOTAO}</arg>
<doc>Click the element identified by ``locator``.</doc>
<msg timestamp="20230203 19:21:26.923" level="INFO">Clicking element '//input[contains(@type,'submit')]'.</msg>
<status status="PASS" starttime="20230203 19:21:26.922" endtime="20230203 19:21:27.075"/>
</kw>
<status status="PASS" starttime="20230203 19:21:26.921" endtime="20230203 19:21:27.075"/>
</kw>
<kw name="Exibir a tela com o resultado da pesquisa,listando o produto pesquisado." library="amazon_resources">
<kw name="Wait Until Element Is Visible" library="SeleniumLibrary">
<arg>locator=//span[@class='a-size-medium-plus a-color-base a-text-normal'][contains(.,'RESULTADOS')]</arg>
<doc>Waits until the element ``locator`` is visible.</doc>
<status status="PASS" starttime="20230203 19:21:27.077" endtime="20230203 19:21:32.656"/>
</kw>
<status status="PASS" starttime="20230203 19:21:27.076" endtime="20230203 19:21:32.656"/>
</kw>
<kw name="Fechar navegador" library="amazon_resources" type="TEARDOWN">
<kw name="Capture Page Screenshot" library="SeleniumLibrary">
<doc>Takes a screenshot of the current page and embeds it into a log file.</doc>
<msg timestamp="20230203 19:21:32.924" level="INFO" html="true">&lt;/td&gt;&lt;/tr&gt;&lt;tr&gt;&lt;td colspan="3"&gt;&lt;a href="selenium-screenshot-21.png"&gt;&lt;img src="selenium-screenshot-21.png" width="800px"&gt;&lt;/a&gt;</msg>
<status status="PASS" starttime="20230203 19:21:32.657" endtime="20230203 19:21:32.924"/>
</kw>
<kw name="Close Browser" library="SeleniumLibrary">
<doc>Closes the current browser.</doc>
<status status="PASS" starttime="20230203 19:21:32.924" endtime="20230203 19:21:35.623"/>
</kw>
<status status="PASS" starttime="20230203 19:21:32.657" endtime="20230203 19:21:35.623"/>
</kw>
<doc>Teste verifica a busca de um produto dentro do site Amazon.com.br</doc>
<tag>busca_produto</tag>
<status status="PASS" starttime="20230203 19:21:15.516" endtime="20230203 19:21:35.624"/>
</test>
<doc>Suíte de teste do site amazon.com.br
</doc>
<status status="PASS" starttime="20230203 19:20:49.425" endtime="20230203 19:21:35.626"/>
</suite>
<statistics>
<total>
<stat pass="2" fail="0" skip="0">All Tests</stat>
</total>
<tag>
<stat pass="1" fail="0" skip="0">busca_produto</stat>
<stat pass="1" fail="0" skip="0">menus</stat>
</tag>
<suite>
<stat pass="2" fail="0" skip="0" id="s1" name="Amazon Test">Amazon Test</stat>
</suite>
</statistics>
<errors>
</errors>
</robot>
