<?xml version="1.0" encoding="UTF-8"?>
<robot generator="Robot 6.0.2 (Python 3.11.1 on win32)" generated="20230204 10:45:39.696" rpa="false" schemaversion="3">
<suite id="s1" name="Amazon Test" source="C:\Users\atend\Documents\robot_framework\webtest\amazon_test.robot">
<test id="s1-t1" name="Case test 01 - Acesso ao menu &quot;Eletrônicos&quot;" line="9">
<kw name="Abrir navegador" library="amazon_resources" type="SETUP">
<kw name="Open Browser" library="SeleniumLibrary">
<arg>browser=chrome</arg>
<doc>Opens a new browser instance to the optional ``url``.</doc>
<msg timestamp="20230204 10:45:39.922" level="INFO">Opening browser 'chrome' to base url 'None'.</msg>
<status status="PASS" starttime="20230204 10:45:39.922" endtime="20230204 10:45:42.027"/>
</kw>
<kw name="Maximize Browser Window" library="SeleniumLibrary">
<doc>Maximizes current browser window.</doc>
<status status="PASS" starttime="20230204 10:45:42.027" endtime="20230204 10:45:42.155"/>
</kw>
<status status="PASS" starttime="20230204 10:45:39.922" endtime="20230204 10:45:42.155"/>
</kw>
<kw name="Acessar a home page do site Amazon.com.br" library="amazon_resources">
<kw name="Go To" library="SeleniumLibrary">
<arg>url=${URL}</arg>
<doc>Navigates the current browser window to the provided ``url``.</doc>
<msg timestamp="20230204 10:45:42.156" level="INFO">Opening url 'https://www.amazon.com.br/'</msg>
<status status="PASS" starttime="20230204 10:45:42.156" endtime="20230204 10:45:43.961"/>
</kw>
<kw name="Wait Until Element Is Visible" library="SeleniumLibrary">
<arg>locator=${MENU_ELETRONICOS}</arg>
<doc>Waits until the element ``locator`` is visible.</doc>
<status status="PASS" starttime="20230204 10:45:43.962" endtime="20230204 10:45:44.137"/>
</kw>
<status status="PASS" starttime="20230204 10:45:42.155" endtime="20230204 10:45:44.137"/>
</kw>
<kw name="Entrar no menu &quot;Eletrônicos&quot;" library="amazon_resources">
<kw name="Click Element" library="SeleniumLibrary">
<arg>locator=${MENU_ELETRONICOS}</arg>
<doc>Click the element identified by ``locator``.</doc>
<msg timestamp="20230204 10:45:44.138" level="INFO">Clicking element '//a[contains(.,'Eletrônicos')]'.</msg>
<status status="PASS" starttime="20230204 10:45:44.138" endtime="20230204 10:45:46.469"/>
</kw>
<status status="PASS" starttime="20230204 10:45:44.138" endtime="20230204 10:45:46.469"/>
</kw>
<kw name="Verificar se aparece a frase &quot;Eletrônicos e Tecnologia&quot;" library="amazon_resources" sourcename="Verificar se aparece a frase &quot;${FRASE}&quot;">
<kw name="Wait Until Page Contains" library="SeleniumLibrary">
<arg>text=${FRASE}</arg>
<doc>Waits until ``text`` appears on the current page.</doc>
<status status="PASS" starttime="20230204 10:45:46.470" endtime="20230204 10:45:46.576"/>
</kw>
<kw name="Wait Until Element Is Visible" library="SeleniumLibrary">
<arg>locator=${CHECK_HEADER}</arg>
<doc>Waits until the element ``locator`` is visible.</doc>
<status status="PASS" starttime="20230204 10:45:46.576" endtime="20230204 10:45:46.648"/>
</kw>
<status status="PASS" starttime="20230204 10:45:46.470" endtime="20230204 10:45:46.648"/>
</kw>
<kw name="Verificar se o título da página fica &quot;Eletrônicos e Tecnologia | Amazon.com.br&quot;" library="amazon_resources" sourcename="Verificar se o título da página fica &quot;${TITULO}&quot;">
<kw name="Title Should Be" library="SeleniumLibrary">
<arg>title=${TITULO}</arg>
<doc>Verifies that the current page title equals ``title``.</doc>
<msg timestamp="20230204 10:45:46.683" level="INFO">Page title is 'Eletrônicos e Tecnologia | Amazon.com.br'.</msg>
<status status="PASS" starttime="20230204 10:45:46.649" endtime="20230204 10:45:46.683"/>
</kw>
<status status="PASS" starttime="20230204 10:45:46.649" endtime="20230204 10:45:46.683"/>
</kw>
<kw name="Verificar se aparece a categoria &quot;Computadores e Informática&quot;" library="amazon_resources" sourcename="Verificar se aparece a categoria &quot;${CATEGORIA}&quot;">
<kw name="Element Should Be Visible" library="SeleniumLibrary">
<arg>locator=//a[contains(@aria-label,'${CATEGORIA}')]</arg>
<doc>Verifies that the element identified by ``locator`` is visible.</doc>
<msg timestamp="20230204 10:45:46.750" level="INFO">Element '//a[contains(@aria-label,'Computadores e Informática')]' is displayed.</msg>
<status status="PASS" starttime="20230204 10:45:46.684" endtime="20230204 10:45:46.750"/>
</kw>
<status status="PASS" starttime="20230204 10:45:46.684" endtime="20230204 10:45:46.750"/>
</kw>
<kw name="Fechar navegador" library="amazon_resources" type="TEARDOWN">
<kw name="Capture Page Screenshot" library="SeleniumLibrary">
<doc>Takes a screenshot of the current page and embeds it into a log file.</doc>
<msg timestamp="20230204 10:45:46.955" level="INFO" html="true">&lt;/td&gt;&lt;/tr&gt;&lt;tr&gt;&lt;td colspan="3"&gt;&lt;a href="selenium-screenshot-1.png"&gt;&lt;img src="selenium-screenshot-1.png" width="800px"&gt;&lt;/a&gt;</msg>
<status status="PASS" starttime="20230204 10:45:46.751" endtime="20230204 10:45:46.956"/>
</kw>
<kw name="Close Browser" library="SeleniumLibrary">
<doc>Closes the current browser.</doc>
<status status="PASS" starttime="20230204 10:45:46.956" endtime="20230204 10:45:49.122"/>
</kw>
<status status="PASS" starttime="20230204 10:45:46.751" endtime="20230204 10:45:49.122"/>
</kw>
<doc>Teste verifica o menu de elêtronicos da Amazon.com.br e a categoria "Computadores e
informática"</doc>
<tag>menus</tag>
<status status="PASS" starttime="20230204 10:45:39.921" endtime="20230204 10:45:49.123"/>
</test>
<test id="s1-t2" name="Case test 02 - Pesquisa de um Produto" line="19">
<kw name="Abrir navegador" library="amazon_resources" type="SETUP">
<kw name="Open Browser" library="SeleniumLibrary">
<arg>browser=chrome</arg>
<doc>Opens a new browser instance to the optional ``url``.</doc>
<msg timestamp="20230204 10:45:49.125" level="INFO">Opening browser 'chrome' to base url 'None'.</msg>
<status status="PASS" starttime="20230204 10:45:49.125" endtime="20230204 10:45:50.378"/>
</kw>
<kw name="Maximize Browser Window" library="SeleniumLibrary">
<doc>Maximizes current browser window.</doc>
<status status="PASS" starttime="20230204 10:45:50.378" endtime="20230204 10:45:50.507"/>
</kw>
<status status="PASS" starttime="20230204 10:45:49.125" endtime="20230204 10:45:50.508"/>
</kw>
<kw name="Acessar a home page do site Amazon.com.br" library="amazon_resources">
<kw name="Go To" library="SeleniumLibrary">
<arg>url=${URL}</arg>
<doc>Navigates the current browser window to the provided ``url``.</doc>
<msg timestamp="20230204 10:45:50.508" level="INFO">Opening url 'https://www.amazon.com.br/'</msg>
<status status="PASS" starttime="20230204 10:45:50.508" endtime="20230204 10:45:52.278"/>
</kw>
<kw name="Wait Until Element Is Visible" library="SeleniumLibrary">
<arg>locator=${MENU_ELETRONICOS}</arg>
<doc>Waits until the element ``locator`` is visible.</doc>
<status status="PASS" starttime="20230204 10:45:52.278" endtime="20230204 10:45:52.311"/>
</kw>
<status status="PASS" starttime="20230204 10:45:50.508" endtime="20230204 10:45:52.311"/>
</kw>
<kw name="Digitar o nome de produto &quot;Xbox Series S&quot; no campo de pesquisa" library="amazon_resources" sourcename="Digitar o nome de produto &quot;${PESQUISA}&quot; no campo de pesquisa">
<kw name="Input Text" library="SeleniumLibrary">
<arg>locator=${INPUT_TEXT}</arg>
<arg>text=${PESQUISA}</arg>
<doc>Types the given ``text`` into the text field identified by ``locator``.</doc>
<msg timestamp="20230204 10:45:52.313" level="INFO">Typing text 'Xbox Series S' into text field 'twotabsearchtextbox'.</msg>
<status status="PASS" starttime="20230204 10:45:52.312" endtime="20230204 10:45:52.516"/>
</kw>
<kw name="Capture Element Screenshot" library="SeleniumLibrary">
<arg>locator=${INPUT_TEXT}</arg>
<doc>Captures a screenshot from the element identified by ``locator`` and embeds it into log file.</doc>
<msg timestamp="20230204 10:45:52.687" level="INFO" html="true">&lt;/td&gt;&lt;/tr&gt;&lt;tr&gt;&lt;td colspan="3"&gt;&lt;a href="selenium-element-screenshot-1.png"&gt;&lt;img src="selenium-element-screenshot-1.png" width="400px"&gt;&lt;/a&gt;</msg>
<status status="PASS" starttime="20230204 10:45:52.516" endtime="20230204 10:45:52.687"/>
</kw>
<status status="PASS" starttime="20230204 10:45:52.311" endtime="20230204 10:45:52.688"/>
</kw>
<kw name="Clicar no botão de pesquisa" library="amazon_resources">
<kw name="Click Element" library="SeleniumLibrary">
<arg>locator=${PESQUISA_BOTAO}</arg>
<doc>Click the element identified by ``locator``.</doc>
<msg timestamp="20230204 10:45:52.691" level="INFO">Clicking element '//input[contains(@type,'submit')]'.</msg>
<status status="PASS" starttime="20230204 10:45:52.689" endtime="20230204 10:45:52.835"/>
</kw>
<status status="PASS" starttime="20230204 10:45:52.688" endtime="20230204 10:45:52.835"/>
</kw>
<kw name="Exibir a tela com o resultado da pesquisa,listando o produto pesquisado." library="amazon_resources">
<kw name="Wait Until Element Is Visible" library="SeleniumLibrary">
<arg>locator=//span[@class='a-size-medium-plus a-color-base a-text-normal'][contains(.,'RESULTADOS')]</arg>
<doc>Waits until the element ``locator`` is visible.</doc>
<status status="PASS" starttime="20230204 10:45:52.836" endtime="20230204 10:45:53.832"/>
</kw>
<status status="PASS" starttime="20230204 10:45:52.835" endtime="20230204 10:45:53.833"/>
</kw>
<kw name="Fechar navegador" library="amazon_resources" type="TEARDOWN">
<kw name="Capture Page Screenshot" library="SeleniumLibrary">
<doc>Takes a screenshot of the current page and embeds it into a log file.</doc>
<msg timestamp="20230204 10:45:54.245" level="INFO" html="true">&lt;/td&gt;&lt;/tr&gt;&lt;tr&gt;&lt;td colspan="3"&gt;&lt;a href="selenium-screenshot-2.png"&gt;&lt;img src="selenium-screenshot-2.png" width="800px"&gt;&lt;/a&gt;</msg>
<status status="PASS" starttime="20230204 10:45:53.833" endtime="20230204 10:45:54.246"/>
</kw>
<kw name="Close Browser" library="SeleniumLibrary">
<doc>Closes the current browser.</doc>
<status status="PASS" starttime="20230204 10:45:54.246" endtime="20230204 10:45:56.390"/>
</kw>
<status status="PASS" starttime="20230204 10:45:53.833" endtime="20230204 10:45:56.390"/>
</kw>
<doc>Teste verifica a busca de um produto dentro do site Amazon.com.br</doc>
<tag>busca_produto</tag>
<status status="PASS" starttime="20230204 10:45:49.124" endtime="20230204 10:45:56.391"/>
</test>
<doc>Suíte de teste do site amazon.com.br
</doc>
<status status="PASS" starttime="20230204 10:45:39.697" endtime="20230204 10:45:56.393"/>
</suite>
<statistics>
<total>
<stat pass="2" fail="0" skip="0">All Tests</stat>
</total>
<tag>
<stat pass="1" fail="0" skip="0">busca_produto</stat>
<stat pass="1" fail="0" skip="0">menus</stat>
</tag>
<suite>
<stat pass="2" fail="0" skip="0" id="s1" name="Amazon Test">Amazon Test</stat>
</suite>
</statistics>
<errors>
</errors>
</robot>
