<?xml version="1.0" encoding="UTF-8"?>
<robot generator="Robot 6.0.2 (Python 3.11.1 on win32)" generated="20230216 14:22:45.233" rpa="false" schemaversion="3">
<suite id="s1" name="Amazon Test" source="C:\Users\atend\Documents\robot_framework\webtest\amazon_test.robot">
<test id="s1-t1" name="Case test 01 - Acesso ao menu &quot;Eletrônicos&quot;" line="9">
<kw name="Abrir navegador" library="amazon_resources" type="SETUP">
<kw name="Open Browser" library="SeleniumLibrary">
<arg>browser=chrome</arg>
<doc>Opens a new browser instance to the optional ``url``.</doc>
<msg timestamp="20230216 14:22:45.616" level="INFO">Opening browser 'chrome' to base url 'None'.</msg>
<status status="PASS" starttime="20230216 14:22:45.615" endtime="20230216 14:22:47.290"/>
</kw>
<kw name="Maximize Browser Window" library="SeleniumLibrary">
<doc>Maximizes current browser window.</doc>
<status status="PASS" starttime="20230216 14:22:47.291" endtime="20230216 14:22:47.428"/>
</kw>
<status status="PASS" starttime="20230216 14:22:45.615" endtime="20230216 14:22:47.430"/>
</kw>
<kw name="Acessar a home page do site Amazon.com.br" library="amazon_resources">
<kw name="Go To" library="SeleniumLibrary">
<arg>url=${URL}</arg>
<doc>Navigates the current browser window to the provided ``url``.</doc>
<msg timestamp="20230216 14:22:47.438" level="INFO">Opening url 'https://www.amazon.com.br/'</msg>
<status status="PASS" starttime="20230216 14:22:47.437" endtime="20230216 14:22:50.263"/>
</kw>
<status status="PASS" starttime="20230216 14:22:47.435" endtime="20230216 14:22:50.263"/>
</kw>
<kw name="Entrar no menu &quot;Eletrônicos&quot;" library="amazon_resources">
<kw name="Wait Until Element Is Visible" library="SeleniumLibrary">
<arg>locator=${MENU_ELETRONICOS}</arg>
<doc>Waits until the element ``locator`` is visible.</doc>
<status status="PASS" starttime="20230216 14:22:50.265" endtime="20230216 14:22:50.461"/>
</kw>
<kw name="Click Element" library="SeleniumLibrary">
<arg>locator=${MENU_ELETRONICOS}</arg>
<doc>Click the element identified by ``locator``.</doc>
<msg timestamp="20230216 14:22:50.462" level="INFO">Clicking element '//a[contains(.,'Eletrônicos')]'.</msg>
<status status="PASS" starttime="20230216 14:22:50.461" endtime="20230216 14:22:52.982"/>
</kw>
<status status="PASS" starttime="20230216 14:22:50.264" endtime="20230216 14:22:52.983"/>
</kw>
<kw name="Verificar se aparece a frase &quot;Eletrônicos e Tecnologia&quot;" library="amazon_resources" sourcename="Verificar se aparece a frase &quot;${FRASE}&quot;">
<kw name="Wait Until Page Contains" library="SeleniumLibrary">
<arg>text=${FRASE}</arg>
<doc>Waits until ``text`` appears on the current page.</doc>
<status status="PASS" starttime="20230216 14:22:52.984" endtime="20230216 14:22:53.080"/>
</kw>
<kw name="Wait Until Element Is Visible" library="SeleniumLibrary">
<arg>locator=${CHECK_HEADER}</arg>
<doc>Waits until the element ``locator`` is visible.</doc>
<status status="PASS" starttime="20230216 14:22:53.080" endtime="20230216 14:22:53.182"/>
</kw>
<status status="PASS" starttime="20230216 14:22:52.984" endtime="20230216 14:22:53.183"/>
</kw>
<kw name="Verificar se o título da página fica &quot;Eletrônicos e Tecnologia | Amazon.com.br&quot;" library="amazon_resources" sourcename="Verificar se o título da página fica &quot;${TITULO}&quot;">
<kw name="Title Should Be" library="SeleniumLibrary">
<arg>title=${TITULO}</arg>
<doc>Verifies that the current page title equals ``title``.</doc>
<msg timestamp="20230216 14:22:53.230" level="INFO">Page title is 'Eletrônicos e Tecnologia | Amazon.com.br'.</msg>
<status status="PASS" starttime="20230216 14:22:53.184" endtime="20230216 14:22:53.230"/>
</kw>
<status status="PASS" starttime="20230216 14:22:53.183" endtime="20230216 14:22:53.230"/>
</kw>
<kw name="Verificar se aparece a categoria &quot;Computadores e Informática&quot;" library="amazon_resources" sourcename="Verificar se aparece a categoria &quot;${CATEGORIA}&quot;">
<kw name="Element Should Be Visible" library="SeleniumLibrary">
<arg>locator=//a[contains(@aria-label,'${CATEGORIA}')]</arg>
<doc>Verifies that the element identified by ``locator`` is visible.</doc>
<msg timestamp="20230216 14:22:53.374" level="INFO">Element '//a[contains(@aria-label,'Computadores e Informática')]' is displayed.</msg>
<status status="PASS" starttime="20230216 14:22:53.231" endtime="20230216 14:22:53.374"/>
</kw>
<status status="PASS" starttime="20230216 14:22:53.231" endtime="20230216 14:22:53.374"/>
</kw>
<kw name="Fechar navegador" library="amazon_resources" type="TEARDOWN">
<kw name="Capture Page Screenshot" library="SeleniumLibrary">
<doc>Takes a screenshot of the current page and embeds it into a log file.</doc>
<msg timestamp="20230216 14:22:53.680" level="INFO" html="true">&lt;/td&gt;&lt;/tr&gt;&lt;tr&gt;&lt;td colspan="3"&gt;&lt;a href="selenium-screenshot-48.png"&gt;&lt;img src="selenium-screenshot-48.png" width="800px"&gt;&lt;/a&gt;</msg>
<status status="PASS" starttime="20230216 14:22:53.375" endtime="20230216 14:22:53.680"/>
</kw>
<kw name="Close Browser" library="SeleniumLibrary">
<doc>Closes the current browser.</doc>
<status status="PASS" starttime="20230216 14:22:53.680" endtime="20230216 14:22:55.995"/>
</kw>
<status status="PASS" starttime="20230216 14:22:53.375" endtime="20230216 14:22:55.995"/>
</kw>
<doc>Teste verifica o menu de elêtronicos da Amazon.com.br e a categoria "Computadores e
informática"</doc>
<tag>menus</tag>
<status status="PASS" starttime="20230216 14:22:45.614" endtime="20230216 14:22:55.996"/>
</test>
<test id="s1-t2" name="Case test 02 - Pesquisa de um Produto" line="19">
<kw name="Abrir navegador" library="amazon_resources" type="SETUP">
<kw name="Open Browser" library="SeleniumLibrary">
<arg>browser=chrome</arg>
<doc>Opens a new browser instance to the optional ``url``.</doc>
<msg timestamp="20230216 14:22:55.998" level="INFO">Opening browser 'chrome' to base url 'None'.</msg>
<status status="PASS" starttime="20230216 14:22:55.998" endtime="20230216 14:22:57.335"/>
</kw>
<kw name="Maximize Browser Window" library="SeleniumLibrary">
<doc>Maximizes current browser window.</doc>
<status status="PASS" starttime="20230216 14:22:57.335" endtime="20230216 14:22:57.466"/>
</kw>
<status status="PASS" starttime="20230216 14:22:55.998" endtime="20230216 14:22:57.466"/>
</kw>
<kw name="Acessar a home page do site Amazon.com.br" library="amazon_resources">
<kw name="Go To" library="SeleniumLibrary">
<arg>url=${URL}</arg>
<doc>Navigates the current browser window to the provided ``url``.</doc>
<msg timestamp="20230216 14:22:57.468" level="INFO">Opening url 'https://www.amazon.com.br/'</msg>
<status status="PASS" starttime="20230216 14:22:57.468" endtime="20230216 14:22:59.444"/>
</kw>
<status status="PASS" starttime="20230216 14:22:57.467" endtime="20230216 14:22:59.444"/>
</kw>
<kw name="Digitar o nome de produto &quot;Xbox Series S&quot; no campo de pesquisa" library="amazon_resources" sourcename="Digitar o nome de produto &quot;${PESQUISA}&quot; no campo de pesquisa">
<kw name="Input Text" library="SeleniumLibrary">
<arg>locator=${INPUT_TEXT}</arg>
<arg>text=${PESQUISA}</arg>
<doc>Types the given ``text`` into the text field identified by ``locator``.</doc>
<msg timestamp="20230216 14:22:59.447" level="INFO">Typing text 'Xbox Series S' into text field 'twotabsearchtextbox'.</msg>
<status status="PASS" starttime="20230216 14:22:59.446" endtime="20230216 14:22:59.741"/>
</kw>
<kw name="Capture Element Screenshot" library="SeleniumLibrary">
<arg>locator=${INPUT_TEXT}</arg>
<doc>Captures a screenshot from the element identified by ``locator`` and embeds it into log file.</doc>
<msg timestamp="20230216 14:23:00.014" level="INFO" html="true">&lt;/td&gt;&lt;/tr&gt;&lt;tr&gt;&lt;td colspan="3"&gt;&lt;a href="selenium-element-screenshot-26.png"&gt;&lt;img src="selenium-element-screenshot-26.png" width="400px"&gt;&lt;/a&gt;</msg>
<status status="PASS" starttime="20230216 14:22:59.741" endtime="20230216 14:23:00.015"/>
</kw>
<status status="PASS" starttime="20230216 14:22:59.445" endtime="20230216 14:23:00.015"/>
</kw>
<kw name="Clicar no botão de pesquisa" library="amazon_resources">
<kw name="Click Element" library="SeleniumLibrary">
<arg>locator=${PESQUISA_BOTAO}</arg>
<doc>Click the element identified by ``locator``.</doc>
<msg timestamp="20230216 14:23:00.020" level="INFO">Clicking element '//input[contains(@type,'submit')]'.</msg>
<status status="PASS" starttime="20230216 14:23:00.018" endtime="20230216 14:23:02.355"/>
</kw>
<status status="PASS" starttime="20230216 14:23:00.018" endtime="20230216 14:23:02.356"/>
</kw>
<kw name="Exibir a tela com o resultado da pesquisa,listando o produto pesquisado." library="amazon_resources">
<kw name="Wait Until Page Contains" library="SeleniumLibrary">
<arg>text=${PRODUTO}</arg>
<doc>Waits until ``text`` appears on the current page.</doc>
<status status="PASS" starttime="20230216 14:23:02.357" endtime="20230216 14:23:02.390"/>
</kw>
<status status="PASS" starttime="20230216 14:23:02.357" endtime="20230216 14:23:02.390"/>
</kw>
<kw name="Fechar navegador" library="amazon_resources" type="TEARDOWN">
<kw name="Capture Page Screenshot" library="SeleniumLibrary">
<doc>Takes a screenshot of the current page and embeds it into a log file.</doc>
<msg timestamp="20230216 14:23:02.705" level="INFO" html="true">&lt;/td&gt;&lt;/tr&gt;&lt;tr&gt;&lt;td colspan="3"&gt;&lt;a href="selenium-screenshot-49.png"&gt;&lt;img src="selenium-screenshot-49.png" width="800px"&gt;&lt;/a&gt;</msg>
<status status="PASS" starttime="20230216 14:23:02.391" endtime="20230216 14:23:02.706"/>
</kw>
<kw name="Close Browser" library="SeleniumLibrary">
<doc>Closes the current browser.</doc>
<status status="PASS" starttime="20230216 14:23:02.706" endtime="20230216 14:23:05.051"/>
</kw>
<status status="PASS" starttime="20230216 14:23:02.390" endtime="20230216 14:23:05.051"/>
</kw>
<doc>Teste verifica a busca de um produto dentro do site Amazon.com.br</doc>
<tag>busca_produto</tag>
<status status="PASS" starttime="20230216 14:22:55.997" endtime="20230216 14:23:05.052"/>
</test>
<test id="s1-t3" name="Caso de Teste 03 - Adicionar Produto no Carrinho" line="28">
<kw name="Abrir navegador" library="amazon_resources" type="SETUP">
<kw name="Open Browser" library="SeleniumLibrary">
<arg>browser=chrome</arg>
<doc>Opens a new browser instance to the optional ``url``.</doc>
<msg timestamp="20230216 14:23:05.055" level="INFO">Opening browser 'chrome' to base url 'None'.</msg>
<status status="PASS" starttime="20230216 14:23:05.054" endtime="20230216 14:23:06.423"/>
</kw>
<kw name="Maximize Browser Window" library="SeleniumLibrary">
<doc>Maximizes current browser window.</doc>
<status status="PASS" starttime="20230216 14:23:06.423" endtime="20230216 14:23:06.577"/>
</kw>
<status status="PASS" starttime="20230216 14:23:05.054" endtime="20230216 14:23:06.577"/>
</kw>
<kw name="Acessar a home page do site Amazon.com.br" library="amazon_resources">
<kw name="Go To" library="SeleniumLibrary">
<arg>url=${URL}</arg>
<doc>Navigates the current browser window to the provided ``url``.</doc>
<msg timestamp="20230216 14:23:06.578" level="INFO">Opening url 'https://www.amazon.com.br/'</msg>
<status status="PASS" starttime="20230216 14:23:06.578" endtime="20230216 14:23:08.872"/>
</kw>
<status status="PASS" starttime="20230216 14:23:06.578" endtime="20230216 14:23:08.872"/>
</kw>
<kw name="Digitar o nome de produto &quot;Xbox Series S&quot; no campo de pesquisa" library="amazon_resources" sourcename="Digitar o nome de produto &quot;${PESQUISA}&quot; no campo de pesquisa">
<kw name="Input Text" library="SeleniumLibrary">
<arg>locator=${INPUT_TEXT}</arg>
<arg>text=${PESQUISA}</arg>
<doc>Types the given ``text`` into the text field identified by ``locator``.</doc>
<msg timestamp="20230216 14:23:08.874" level="INFO">Typing text 'Xbox Series S' into text field 'twotabsearchtextbox'.</msg>
<status status="PASS" starttime="20230216 14:23:08.873" endtime="20230216 14:23:09.099"/>
</kw>
<kw name="Capture Element Screenshot" library="SeleniumLibrary">
<arg>locator=${INPUT_TEXT}</arg>
<doc>Captures a screenshot from the element identified by ``locator`` and embeds it into log file.</doc>
<msg timestamp="20230216 14:23:09.270" level="INFO" html="true">&lt;/td&gt;&lt;/tr&gt;&lt;tr&gt;&lt;td colspan="3"&gt;&lt;a href="selenium-element-screenshot-27.png"&gt;&lt;img src="selenium-element-screenshot-27.png" width="400px"&gt;&lt;/a&gt;</msg>
<status status="PASS" starttime="20230216 14:23:09.099" endtime="20230216 14:23:09.270"/>
</kw>
<status status="PASS" starttime="20230216 14:23:08.873" endtime="20230216 14:23:09.271"/>
</kw>
<kw name="Clicar no botão de pesquisa" library="amazon_resources">
<kw name="Click Element" library="SeleniumLibrary">
<arg>locator=${PESQUISA_BOTAO}</arg>
<doc>Click the element identified by ``locator``.</doc>
<msg timestamp="20230216 14:23:09.273" level="INFO">Clicking element '//input[contains(@type,'submit')]'.</msg>
<status status="PASS" starttime="20230216 14:23:09.272" endtime="20230216 14:23:09.474"/>
</kw>
<status status="PASS" starttime="20230216 14:23:09.271" endtime="20230216 14:23:09.474"/>
</kw>
<kw name="Verificar o resultado da pesquisa se está listando o produto &quot;Console Xbox Series S&quot;" library="amazon_resources" sourcename="Verificar o resultado da pesquisa se está listando o produto &quot;${PRODUTO}&quot;">
<kw name="Exibir a tela com o resultado da pesquisa,listando o produto pesquisado." library="amazon_resources">
<kw name="Wait Until Page Contains" library="SeleniumLibrary">
<arg>text=${PRODUTO}</arg>
<doc>Waits until ``text`` appears on the current page.</doc>
<status status="PASS" starttime="20230216 14:23:09.475" endtime="20230216 14:23:10.221"/>
</kw>
<status status="PASS" starttime="20230216 14:23:09.475" endtime="20230216 14:23:10.221"/>
</kw>
<status status="PASS" starttime="20230216 14:23:09.475" endtime="20230216 14:23:10.221"/>
</kw>
<kw name="Adicionar o produto &quot;Console Xbox Series S&quot; no carrinho" library="amazon_resources">
<kw name="Selecionar produto com o nome &quot;Console Xbox Series S&quot;" library="amazon_resources" sourcename="Selecionar produto com o nome ${PRODUTO}">
<kw name="Wait Until Page Contains Element" library="SeleniumLibrary">
<arg>locator=//img[contains(@alt,'Console Xbox Series S')]</arg>
<doc>Waits until the element ``locator`` appears on the current page.</doc>
<status status="PASS" starttime="20230216 14:23:10.224" endtime="20230216 14:23:10.390"/>
</kw>
<kw name="Click Element" library="SeleniumLibrary">
<arg>locator=//img[contains(@alt,'Console Xbox Series S')]</arg>
<doc>Click the element identified by ``locator``.</doc>
<msg timestamp="20230216 14:23:10.391" level="INFO">Clicking element '//img[contains(@alt,'Console Xbox Series S')]'.</msg>
<status status="PASS" starttime="20230216 14:23:10.390" endtime="20230216 14:23:11.203"/>
</kw>
<status status="PASS" starttime="20230216 14:23:10.223" endtime="20230216 14:23:11.204"/>
</kw>
<kw name="Clicar em adicionar ao carrinho" library="amazon_resources">
<kw name="Wait Until Element Is Visible" library="SeleniumLibrary">
<arg>locator=add-to-cart-button</arg>
<doc>Waits until the element ``locator`` is visible.</doc>
<status status="PASS" starttime="20230216 14:23:11.204" endtime="20230216 14:23:12.532"/>
</kw>
<kw name="Click Element" library="SeleniumLibrary">
<arg>locator=add-to-cart-button</arg>
<doc>Click the element identified by ``locator``.</doc>
<msg timestamp="20230216 14:23:12.532" level="INFO">Clicking element 'add-to-cart-button'.</msg>
<status status="PASS" starttime="20230216 14:23:12.532" endtime="20230216 14:23:12.639"/>
</kw>
<status status="PASS" starttime="20230216 14:23:11.204" endtime="20230216 14:23:12.639"/>
</kw>
<status status="PASS" starttime="20230216 14:23:10.222" endtime="20230216 14:23:12.639"/>
</kw>
<kw name="Verificar se o produto &quot;Console Xbox Series S&quot; foi adicionado com sucesso" library="amazon_resources">
<kw name="Clique em &quot;Ir para o carrinho&quot;" library="amazon_resources">
<kw name="Click Element" library="SeleniumLibrary">
<arg>locator=//a[contains(@data-csa-c-type,'button')]</arg>
<doc>Click the element identified by ``locator``.</doc>
<msg timestamp="20230216 14:23:12.641" level="INFO">Clicking element '//a[contains(@data-csa-c-type,'button')]'.</msg>
<msg timestamp="20230216 14:23:14.014" level="INFO" html="true">&lt;/td&gt;&lt;/tr&gt;&lt;tr&gt;&lt;td colspan="3"&gt;&lt;a href="selenium-screenshot-50.png"&gt;&lt;img src="selenium-screenshot-50.png" width="800px"&gt;&lt;/a&gt;</msg>
<msg timestamp="20230216 14:23:14.014" level="FAIL">Element with locator '//a[contains(@data-csa-c-type,'button')]' not found.</msg>
<status status="FAIL" starttime="20230216 14:23:12.641" endtime="20230216 14:23:14.109"/>
</kw>
<status status="FAIL" starttime="20230216 14:23:12.640" endtime="20230216 14:23:14.109"/>
</kw>
<kw name="Ver se o produto esta no Carrinho" library="amazon_resources">
<status status="NOT RUN" starttime="20230216 14:23:14.110" endtime="20230216 14:23:14.110"/>
</kw>
<status status="FAIL" starttime="20230216 14:23:12.640" endtime="20230216 14:23:14.110"/>
</kw>
<kw name="Fechar navegador" library="amazon_resources" type="TEARDOWN">
<kw name="Capture Page Screenshot" library="SeleniumLibrary">
<doc>Takes a screenshot of the current page and embeds it into a log file.</doc>
<msg timestamp="20230216 14:23:14.441" level="INFO" html="true">&lt;/td&gt;&lt;/tr&gt;&lt;tr&gt;&lt;td colspan="3"&gt;&lt;a href="selenium-screenshot-51.png"&gt;&lt;img src="selenium-screenshot-51.png" width="800px"&gt;&lt;/a&gt;</msg>
<status status="PASS" starttime="20230216 14:23:14.111" endtime="20230216 14:23:14.441"/>
</kw>
<kw name="Close Browser" library="SeleniumLibrary">
<doc>Closes the current browser.</doc>
<status status="PASS" starttime="20230216 14:23:14.441" endtime="20230216 14:23:16.711"/>
</kw>
<status status="PASS" starttime="20230216 14:23:14.111" endtime="20230216 14:23:16.711"/>
</kw>
<doc>Esse teste verifica a adição de um produto no carrinho de compras</doc>
<tag>adicionar_carrinho</tag>
<status status="FAIL" starttime="20230216 14:23:05.053" endtime="20230216 14:23:16.712">Element with locator '//a[contains(@data-csa-c-type,'button')]' not found.</status>
</test>
<test id="s1-t4" name="Caso de Teste 04 - Remover Produto do Carrinho" line="38">
<kw name="Abrir navegador" library="amazon_resources" type="SETUP">
<kw name="Open Browser" library="SeleniumLibrary">
<arg>browser=chrome</arg>
<doc>Opens a new browser instance to the optional ``url``.</doc>
<msg timestamp="20230216 14:23:16.714" level="INFO">Opening browser 'chrome' to base url 'None'.</msg>
<status status="PASS" starttime="20230216 14:23:16.714" endtime="20230216 14:23:17.947"/>
</kw>
<kw name="Maximize Browser Window" library="SeleniumLibrary">
<doc>Maximizes current browser window.</doc>
<status status="PASS" starttime="20230216 14:23:17.947" endtime="20230216 14:23:18.077"/>
</kw>
<status status="PASS" starttime="20230216 14:23:16.714" endtime="20230216 14:23:18.078"/>
</kw>
<kw name="Acessar a home page do site Amazon.com.br" library="amazon_resources">
<kw name="Go To" library="SeleniumLibrary">
<arg>url=${URL}</arg>
<doc>Navigates the current browser window to the provided ``url``.</doc>
<msg timestamp="20230216 14:23:18.078" level="INFO">Opening url 'https://www.amazon.com.br/'</msg>
<status status="PASS" starttime="20230216 14:23:18.078" endtime="20230216 14:23:20.071"/>
</kw>
<status status="PASS" starttime="20230216 14:23:18.078" endtime="20230216 14:23:20.071"/>
</kw>
<kw name="Digitar o nome de produto &quot;Xbox Series S&quot; no campo de pesquisa" library="amazon_resources" sourcename="Digitar o nome de produto &quot;${PESQUISA}&quot; no campo de pesquisa">
<kw name="Input Text" library="SeleniumLibrary">
<arg>locator=${INPUT_TEXT}</arg>
<arg>text=${PESQUISA}</arg>
<doc>Types the given ``text`` into the text field identified by ``locator``.</doc>
<msg timestamp="20230216 14:23:20.073" level="INFO">Typing text 'Xbox Series S' into text field 'twotabsearchtextbox'.</msg>
<status status="PASS" starttime="20230216 14:23:20.072" endtime="20230216 14:23:20.386"/>
</kw>
<kw name="Capture Element Screenshot" library="SeleniumLibrary">
<arg>locator=${INPUT_TEXT}</arg>
<doc>Captures a screenshot from the element identified by ``locator`` and embeds it into log file.</doc>
<msg timestamp="20230216 14:23:20.597" level="INFO" html="true">&lt;/td&gt;&lt;/tr&gt;&lt;tr&gt;&lt;td colspan="3"&gt;&lt;a href="selenium-element-screenshot-28.png"&gt;&lt;img src="selenium-element-screenshot-28.png" width="400px"&gt;&lt;/a&gt;</msg>
<status status="PASS" starttime="20230216 14:23:20.386" endtime="20230216 14:23:20.597"/>
</kw>
<status status="PASS" starttime="20230216 14:23:20.071" endtime="20230216 14:23:20.597"/>
</kw>
<kw name="Clicar no botão de pesquisa" library="amazon_resources">
<kw name="Click Element" library="SeleniumLibrary">
<arg>locator=${PESQUISA_BOTAO}</arg>
<doc>Click the element identified by ``locator``.</doc>
<msg timestamp="20230216 14:23:20.599" level="INFO">Clicking element '//input[contains(@type,'submit')]'.</msg>
<status status="PASS" starttime="20230216 14:23:20.599" endtime="20230216 14:23:20.816"/>
</kw>
<status status="PASS" starttime="20230216 14:23:20.598" endtime="20230216 14:23:20.816"/>
</kw>
<kw name="Verificar o resultado da pesquisa se está listando o produto &quot;Console Xbox Series S&quot;" library="amazon_resources" sourcename="Verificar o resultado da pesquisa se está listando o produto &quot;${PRODUTO}&quot;">
<kw name="Exibir a tela com o resultado da pesquisa,listando o produto pesquisado." library="amazon_resources">
<kw name="Wait Until Page Contains" library="SeleniumLibrary">
<arg>text=${PRODUTO}</arg>
<doc>Waits until ``text`` appears on the current page.</doc>
<status status="PASS" starttime="20230216 14:23:20.818" endtime="20230216 14:23:21.514"/>
</kw>
<status status="PASS" starttime="20230216 14:23:20.818" endtime="20230216 14:23:21.515"/>
</kw>
<status status="PASS" starttime="20230216 14:23:20.817" endtime="20230216 14:23:21.515"/>
</kw>
<kw name="Adicionar o produto &quot;Console Xbox Series S&quot; no carrinho" library="amazon_resources">
<kw name="Selecionar produto com o nome &quot;Console Xbox Series S&quot;" library="amazon_resources" sourcename="Selecionar produto com o nome ${PRODUTO}">
<kw name="Wait Until Page Contains Element" library="SeleniumLibrary">
<arg>locator=//img[contains(@alt,'Console Xbox Series S')]</arg>
<doc>Waits until the element ``locator`` appears on the current page.</doc>
<status status="PASS" starttime="20230216 14:23:21.517" endtime="20230216 14:23:21.570"/>
</kw>
<kw name="Click Element" library="SeleniumLibrary">
<arg>locator=//img[contains(@alt,'Console Xbox Series S')]</arg>
<doc>Click the element identified by ``locator``.</doc>
<msg timestamp="20230216 14:23:21.572" level="INFO">Clicking element '//img[contains(@alt,'Console Xbox Series S')]'.</msg>
<status status="PASS" starttime="20230216 14:23:21.571" endtime="20230216 14:23:22.146"/>
</kw>
<status status="PASS" starttime="20230216 14:23:21.517" endtime="20230216 14:23:22.146"/>
</kw>
<kw name="Clicar em adicionar ao carrinho" library="amazon_resources">
<kw name="Wait Until Element Is Visible" library="SeleniumLibrary">
<arg>locator=add-to-cart-button</arg>
<doc>Waits until the element ``locator`` is visible.</doc>
<status status="PASS" starttime="20230216 14:23:22.146" endtime="20230216 14:23:23.360"/>
</kw>
<kw name="Click Element" library="SeleniumLibrary">
<arg>locator=add-to-cart-button</arg>
<doc>Click the element identified by ``locator``.</doc>
<msg timestamp="20230216 14:23:23.360" level="INFO">Clicking element 'add-to-cart-button'.</msg>
<status status="PASS" starttime="20230216 14:23:23.360" endtime="20230216 14:23:23.470"/>
</kw>
<status status="PASS" starttime="20230216 14:23:22.146" endtime="20230216 14:23:23.470"/>
</kw>
<status status="PASS" starttime="20230216 14:23:21.516" endtime="20230216 14:23:23.470"/>
</kw>
<kw name="Verificar se o produto &quot;Console Xbox Series S&quot; foi adicionado com sucesso" library="amazon_resources">
<kw name="Clique em &quot;Ir para o carrinho&quot;" library="amazon_resources">
<kw name="Click Element" library="SeleniumLibrary">
<arg>locator=//a[contains(@data-csa-c-type,'button')]</arg>
<doc>Click the element identified by ``locator``.</doc>
<msg timestamp="20230216 14:23:23.472" level="INFO">Clicking element '//a[contains(@data-csa-c-type,'button')]'.</msg>
<msg timestamp="20230216 14:23:24.142" level="INFO" html="true">&lt;/td&gt;&lt;/tr&gt;&lt;tr&gt;&lt;td colspan="3"&gt;&lt;a href="selenium-screenshot-52.png"&gt;&lt;img src="selenium-screenshot-52.png" width="800px"&gt;&lt;/a&gt;</msg>
<msg timestamp="20230216 14:23:24.142" level="FAIL">Element with locator '//a[contains(@data-csa-c-type,'button')]' not found.</msg>
<status status="FAIL" starttime="20230216 14:23:23.471" endtime="20230216 14:23:24.143"/>
</kw>
<status status="FAIL" starttime="20230216 14:23:23.471" endtime="20230216 14:23:24.143"/>
</kw>
<kw name="Ver se o produto esta no Carrinho" library="amazon_resources">
<status status="NOT RUN" starttime="20230216 14:23:24.143" endtime="20230216 14:23:24.143"/>
</kw>
<status status="FAIL" starttime="20230216 14:23:23.471" endtime="20230216 14:23:24.143"/>
</kw>
<kw name="Remover o produto &quot;Console Xbox Series S&quot; do carrinho" library="amazon_resources">
<status status="NOT RUN" starttime="20230216 14:23:24.144" endtime="20230216 14:23:24.144"/>
</kw>
<kw name="Verificar se o carrinho fica vazio" library="amazon_resources">
<status status="NOT RUN" starttime="20230216 14:23:24.145" endtime="20230216 14:23:24.145"/>
</kw>
<kw name="Fechar navegador" library="amazon_resources" type="TEARDOWN">
<kw name="Capture Page Screenshot" library="SeleniumLibrary">
<doc>Takes a screenshot of the current page and embeds it into a log file.</doc>
<msg timestamp="20230216 14:23:24.266" level="INFO" html="true">&lt;/td&gt;&lt;/tr&gt;&lt;tr&gt;&lt;td colspan="3"&gt;&lt;a href="selenium-screenshot-53.png"&gt;&lt;img src="selenium-screenshot-53.png" width="800px"&gt;&lt;/a&gt;</msg>
<status status="PASS" starttime="20230216 14:23:24.146" endtime="20230216 14:23:24.266"/>
</kw>
<kw name="Close Browser" library="SeleniumLibrary">
<doc>Closes the current browser.</doc>
<status status="PASS" starttime="20230216 14:23:24.267" endtime="20230216 14:23:26.538"/>
</kw>
<status status="PASS" starttime="20230216 14:23:24.146" endtime="20230216 14:23:26.538"/>
</kw>
<doc>Esse teste verifica a remoção de um produto no carrinho de compras</doc>
<tag>remover_carrinho</tag>
<status status="FAIL" starttime="20230216 14:23:16.713" endtime="20230216 14:23:26.539">Element with locator '//a[contains(@data-csa-c-type,'button')]' not found.</status>
</test>
<doc>Suíte de teste do site amazon.com.br
</doc>
<status status="FAIL" starttime="20230216 14:22:45.236" endtime="20230216 14:23:26.541"/>
</suite>
<statistics>
<total>
<stat pass="2" fail="2" skip="0">All Tests</stat>
</total>
<tag>
<stat pass="0" fail="1" skip="0">adicionar_carrinho</stat>
<stat pass="1" fail="0" skip="0">busca_produto</stat>
<stat pass="1" fail="0" skip="0">menus</stat>
<stat pass="0" fail="1" skip="0">remover_carrinho</stat>
</tag>
<suite>
<stat pass="2" fail="2" skip="0" id="s1" name="Amazon Test">Amazon Test</stat>
</suite>
</statistics>
<errors>
</errors>
</robot>
