<?xml version="1.0" encoding="UTF-8"?>
<robot generator="Robot 6.0.2 (Python 3.11.1 on win32)" generated="20230210 16:20:53.075" rpa="false" schemaversion="3">
<suite id="s1" name="Dasorte Tests" source="c:\Users\atend\Documents\robot_framework\pratice\testes\dasorte_tests.robot">
<kw name="Abrir navegador" library="dasorte_resources" type="SETUP">
<arg>https://sp.dasorte.com/</arg>
<kw name="Open Browser" library="SeleniumLibrary">
<arg>${URL}</arg>
<arg>chrome</arg>
<doc>Opens a new browser instance to the optional ``url``.</doc>
<msg timestamp="20230210 16:20:53.393" level="INFO">Opening browser 'chrome' to base url 'https://sp.dasorte.com/'.</msg>
<status status="PASS" starttime="20230210 16:20:53.392" endtime="20230210 16:20:57.908"/>
</kw>
<status status="PASS" starttime="20230210 16:20:53.391" endtime="20230210 16:20:57.909"/>
</kw>
<test id="s1-t1" name="Case 01: Testar pagina inicial" line="10">
<kw name="Dado que estou na home page do São Paulo da Sorte" library="dasorte_resources">
<kw name="Checar Título" library="dasorte_resources">
<kw name="Title Should Be" library="SeleniumLibrary">
<arg>São Paulo Dá Sorte</arg>
<doc>Verifies that the current page title equals ``title``.</doc>
<msg timestamp="20230210 16:20:58.045" level="INFO" html="true">&lt;/td&gt;&lt;/tr&gt;&lt;tr&gt;&lt;td colspan="3"&gt;&lt;a href="selenium-screenshot-5.png"&gt;&lt;img src="selenium-screenshot-5.png" width="800px"&gt;&lt;/a&gt;</msg>
<msg timestamp="20230210 16:20:58.046" level="FAIL">Title should have been 'São Paulo Dá Sorte' but was ''.</msg>
<status status="FAIL" starttime="20230210 16:20:57.911" endtime="20230210 16:20:58.053"/>
</kw>
<status status="FAIL" starttime="20230210 16:20:57.911" endtime="20230210 16:20:58.053"/>
</kw>
<status status="FAIL" starttime="20230210 16:20:57.910" endtime="20230210 16:20:58.054"/>
</kw>
<tag>atalhos</tag>
<status status="FAIL" starttime="20230210 16:20:57.909" endtime="20230210 16:20:58.055">Title should have been 'São Paulo Dá Sorte' but was ''.</status>
</test>
<kw name="Fechar navegador" library="dasorte_resources" type="TEARDOWN">
<kw name="Close Browser" library="SeleniumLibrary">
<doc>Closes the current browser.</doc>
<status status="PASS" starttime="20230210 16:20:58.058" endtime="20230210 16:21:00.202"/>
</kw>
<status status="PASS" starttime="20230210 16:20:58.057" endtime="20230210 16:21:00.202"/>
</kw>
<doc>Suite de testes do site São Paulo dá Sorte</doc>
<status status="FAIL" starttime="20230210 16:20:53.083" endtime="20230210 16:21:00.203"/>
</suite>
<statistics>
<total>
<stat pass="0" fail="1" skip="0">All Tests</stat>
</total>
<tag>
<stat pass="0" fail="1" skip="0">atalhos</stat>
</tag>
<suite>
<stat pass="0" fail="1" skip="0" id="s1" name="Dasorte Tests">Dasorte Tests</stat>
</suite>
</statistics>
<errors>
</errors>
</robot>
