<?xml version="1.0" encoding="UTF-8"?>
<robot generator="Robot 6.0.2 (Python 3.11.1 on win32)" generated="20230216 15:16:29.475" rpa="false" schemaversion="3">
<suite id="s1" name="Viacep" source="c:\Users\atend\Documents\robot_framework\viacep\viacep.robot">
<test id="s1-t1" name="Buscar CEP pelo logradouro," line="16">
<kw name="Busca cep">
<arg>${UF}</arg>
<arg>${CITY}</arg>
<arg>${LOGRADOURO}</arg>
<kw name="Busca cep">
<var>${CEP}</var>
<arg>UF=${UF}</arg>
<arg>City=${City}</arg>
<arg>Rua=${Rua}</arg>
<kw name="Busca cep">
<var>${CEP}</var>
<arg>UF=${UF}</arg>
<arg>City=${City}</arg>
<arg>Rua=${Rua}</arg>
<kw name="Busca cep">
<var>${CEP}</var>
<arg>UF=${UF}</arg>
<arg>City=${City}</arg>
<arg>Rua=${Rua}</arg>
<kw name="Busca cep">
<var>${CEP}</var>
<arg>UF=${UF}</arg>
<arg>City=${City}</arg>
<arg>Rua=${Rua}</arg>
<kw name="Busca cep">
<var>${CEP}</var>
<arg>UF=${UF}</arg>
<arg>City=${City}</arg>
<arg>Rua=${Rua}</arg>
<kw name="Busca cep">
<var>${CEP}</var>
<arg>UF=${UF}</arg>
<arg>City=${City}</arg>
<arg>Rua=${Rua}</arg>
<kw name="Busca cep">
<var>${CEP}</var>
<arg>UF=${UF}</arg>
<arg>City=${City}</arg>
<arg>Rua=${Rua}</arg>
<kw name="Busca cep">
<var>${CEP}</var>
<arg>UF=${UF}</arg>
<arg>City=${City}</arg>
<arg>Rua=${Rua}</arg>
<kw name="Busca cep">
<var>${CEP}</var>
<arg>UF=${UF}</arg>
<arg>City=${City}</arg>
<arg>Rua=${Rua}</arg>
<kw name="Busca cep">
<var>${CEP}</var>
<arg>UF=${UF}</arg>
<arg>City=${City}</arg>
<arg>Rua=${Rua}</arg>
<kw name="Busca cep">
<var>${CEP}</var>
<arg>UF=${UF}</arg>
<arg>City=${City}</arg>
<arg>Rua=${Rua}</arg>
<kw name="Busca cep">
<var>${CEP}</var>
<arg>UF=${UF}</arg>
<arg>City=${City}</arg>
<arg>Rua=${Rua}</arg>
<kw name="Busca cep">
<var>${CEP}</var>
<arg>UF=${UF}</arg>
<arg>City=${City}</arg>
<arg>Rua=${Rua}</arg>
<kw name="Busca cep">
<var>${CEP}</var>
<arg>UF=${UF}</arg>
<arg>City=${City}</arg>
<arg>Rua=${Rua}</arg>
<kw name="Busca cep">
<var>${CEP}</var>
<arg>UF=${UF}</arg>
<arg>City=${City}</arg>
<arg>Rua=${Rua}</arg>
<kw name="Busca cep">
<var>${CEP}</var>
<arg>UF=${UF}</arg>
<arg>City=${City}</arg>
<arg>Rua=${Rua}</arg>
<kw name="Busca cep">
<var>${CEP}</var>
<arg>UF=${UF}</arg>
<arg>City=${City}</arg>
<arg>Rua=${Rua}</arg>
<kw name="Busca cep">
<var>${CEP}</var>
<arg>UF=${UF}</arg>
<arg>City=${City}</arg>
<arg>Rua=${Rua}</arg>
<kw name="Busca cep">
<var>${CEP}</var>
<arg>UF=${UF}</arg>
<arg>City=${City}</arg>
<arg>Rua=${Rua}</arg>
<kw name="Busca cep">
<var>${CEP}</var>
<arg>UF=${UF}</arg>
<arg>City=${City}</arg>
<arg>Rua=${Rua}</arg>
<kw name="Busca cep">
<var>${CEP}</var>
<arg>UF=${UF}</arg>
<arg>City=${City}</arg>
<arg>Rua=${Rua}</arg>
<kw name="Busca cep">
<var>${CEP}</var>
<arg>UF=${UF}</arg>
<arg>City=${City}</arg>
<arg>Rua=${Rua}</arg>
<kw name="Busca cep">
<var>${CEP}</var>
<arg>UF=${UF}</arg>
<arg>City=${City}</arg>
<arg>Rua=${Rua}</arg>
<kw name="Busca cep">
<var>${CEP}</var>
<arg>UF=${UF}</arg>
<arg>City=${City}</arg>
<arg>Rua=${Rua}</arg>
<kw name="Busca cep">
<var>${CEP}</var>
<arg>UF=${UF}</arg>
<arg>City=${City}</arg>
<arg>Rua=${Rua}</arg>
<kw name="Busca cep">
<var>${CEP}</var>
<arg>UF=${UF}</arg>
<arg>City=${City}</arg>
<arg>Rua=${Rua}</arg>
<kw name="Busca cep">
<var>${CEP}</var>
<arg>UF=${UF}</arg>
<arg>City=${City}</arg>
<arg>Rua=${Rua}</arg>
<kw name="Busca cep">
<var>${CEP}</var>
<arg>UF=${UF}</arg>
<arg>City=${City}</arg>
<arg>Rua=${Rua}</arg>
<kw name="Busca cep">
<var>${CEP}</var>
<arg>UF=${UF}</arg>
<arg>City=${City}</arg>
<arg>Rua=${Rua}</arg>
<kw name="Busca cep">
<var>${CEP}</var>
<arg>UF=${UF}</arg>
<arg>City=${City}</arg>
<arg>Rua=${Rua}</arg>
<kw name="Busca cep">
<var>${CEP}</var>
<arg>UF=${UF}</arg>
<arg>City=${City}</arg>
<arg>Rua=${Rua}</arg>
<kw name="Busca cep">
<var>${CEP}</var>
<arg>UF=${UF}</arg>
<arg>City=${City}</arg>
<arg>Rua=${Rua}</arg>
<kw name="Busca cep">
<var>${CEP}</var>
<arg>UF=${UF}</arg>
<arg>City=${City}</arg>
<arg>Rua=${Rua}</arg>
<kw name="Busca cep">
<var>${CEP}</var>
<arg>UF=${UF}</arg>
<arg>City=${City}</arg>
<arg>Rua=${Rua}</arg>
<kw name="Busca cep">
<var>${CEP}</var>
<arg>UF=${UF}</arg>
<arg>City=${City}</arg>
<arg>Rua=${Rua}</arg>
<kw name="Busca cep">
<var>${CEP}</var>
<arg>UF=${UF}</arg>
<arg>City=${City}</arg>
<arg>Rua=${Rua}</arg>
<kw name="Busca cep">
<var>${CEP}</var>
<arg>UF=${UF}</arg>
<arg>City=${City}</arg>
<arg>Rua=${Rua}</arg>
<kw name="Busca cep">
<var>${CEP}</var>
<arg>UF=${UF}</arg>
<arg>City=${City}</arg>
<arg>Rua=${Rua}</arg>
<kw name="Busca cep">
<var>${CEP}</var>
<arg>UF=${UF}</arg>
<arg>City=${City}</arg>
<arg>Rua=${Rua}</arg>
<kw name="Busca cep">
<var>${CEP}</var>
<arg>UF=${UF}</arg>
<arg>City=${City}</arg>
<arg>Rua=${Rua}</arg>
<kw name="Busca cep">
<var>${CEP}</var>
<arg>UF=${UF}</arg>
<arg>City=${City}</arg>
<arg>Rua=${Rua}</arg>
<kw name="Busca cep">
<var>${CEP}</var>
<arg>UF=${UF}</arg>
<arg>City=${City}</arg>
<arg>Rua=${Rua}</arg>
<kw name="Busca cep">
<var>${CEP}</var>
<arg>UF=${UF}</arg>
<arg>City=${City}</arg>
<arg>Rua=${Rua}</arg>
<kw name="Busca cep">
<var>${CEP}</var>
<arg>UF=${UF}</arg>
<arg>City=${City}</arg>
<arg>Rua=${Rua}</arg>
<kw name="Busca cep">
<var>${CEP}</var>
<arg>UF=${UF}</arg>
<arg>City=${City}</arg>
<arg>Rua=${Rua}</arg>
<kw name="Busca cep">
<var>${CEP}</var>
<arg>UF=${UF}</arg>
<arg>City=${City}</arg>
<arg>Rua=${Rua}</arg>
<kw name="Busca cep">
<var>${CEP}</var>
<arg>UF=${UF}</arg>
<arg>City=${City}</arg>
<arg>Rua=${Rua}</arg>
<kw name="Busca cep">
<var>${CEP}</var>
<arg>UF=${UF}</arg>
<arg>City=${City}</arg>
<arg>Rua=${Rua}</arg>
<kw name="Busca cep">
<var>${CEP}</var>
<arg>UF=${UF}</arg>
<arg>City=${City}</arg>
<arg>Rua=${Rua}</arg>
<kw name="Busca cep">
<var>${CEP}</var>
<arg>UF=${UF}</arg>
<arg>City=${City}</arg>
<arg>Rua=${Rua}</arg>
<kw name="Busca cep">
<var>${CEP}</var>
<arg>UF=${UF}</arg>
<arg>City=${City}</arg>
<arg>Rua=${Rua}</arg>
<kw name="Busca cep">
<var>${CEP}</var>
<arg>UF=${UF}</arg>
<arg>City=${City}</arg>
<arg>Rua=${Rua}</arg>
<kw name="Busca cep">
<var>${CEP}</var>
<arg>UF=${UF}</arg>
<arg>City=${City}</arg>
<arg>Rua=${Rua}</arg>
<kw name="Busca cep">
<var>${CEP}</var>
<arg>UF=${UF}</arg>
<arg>City=${City}</arg>
<arg>Rua=${Rua}</arg>
<kw name="Busca cep">
<var>${CEP}</var>
<arg>UF=${UF}</arg>
<arg>City=${City}</arg>
<arg>Rua=${Rua}</arg>
<kw name="Busca cep">
<var>${CEP}</var>
<arg>UF=${UF}</arg>
<arg>City=${City}</arg>
<arg>Rua=${Rua}</arg>
<kw name="Busca cep">
<var>${CEP}</var>
<arg>UF=${UF}</arg>
<arg>City=${City}</arg>
<arg>Rua=${Rua}</arg>
<kw name="Busca cep">
<var>${CEP}</var>
<arg>UF=${UF}</arg>
<arg>City=${City}</arg>
<arg>Rua=${Rua}</arg>
<kw name="Busca cep">
<var>${CEP}</var>
<arg>UF=${UF}</arg>
<arg>City=${City}</arg>
<arg>Rua=${Rua}</arg>
<kw name="Busca cep">
<var>${CEP}</var>
<arg>UF=${UF}</arg>
<arg>City=${City}</arg>
<arg>Rua=${Rua}</arg>
<kw name="Busca cep">
<var>${CEP}</var>
<arg>UF=${UF}</arg>
<arg>City=${City}</arg>
<arg>Rua=${Rua}</arg>
<kw name="Busca cep">
<var>${CEP}</var>
<arg>UF=${UF}</arg>
<arg>City=${City}</arg>
<arg>Rua=${Rua}</arg>
<kw name="Busca cep">
<var>${CEP}</var>
<arg>UF=${UF}</arg>
<arg>City=${City}</arg>
<arg>Rua=${Rua}</arg>
<kw name="Busca cep">
<var>${CEP}</var>
<arg>UF=${UF}</arg>
<arg>City=${City}</arg>
<arg>Rua=${Rua}</arg>
<kw name="Busca cep">
<var>${CEP}</var>
<arg>UF=${UF}</arg>
<arg>City=${City}</arg>
<arg>Rua=${Rua}</arg>
<kw name="Busca cep">
<var>${CEP}</var>
<arg>UF=${UF}</arg>
<arg>City=${City}</arg>
<arg>Rua=${Rua}</arg>
<kw name="Busca cep">
<var>${CEP}</var>
<arg>UF=${UF}</arg>
<arg>City=${City}</arg>
<arg>Rua=${Rua}</arg>
<kw name="Busca cep">
<var>${CEP}</var>
<arg>UF=${UF}</arg>
<arg>City=${City}</arg>
<arg>Rua=${Rua}</arg>
<kw name="Busca cep">
<var>${CEP}</var>
<arg>UF=${UF}</arg>
<arg>City=${City}</arg>
<arg>Rua=${Rua}</arg>
<kw name="Busca cep">
<var>${CEP}</var>
<arg>UF=${UF}</arg>
<arg>City=${City}</arg>
<arg>Rua=${Rua}</arg>
<kw name="Busca cep">
<var>${CEP}</var>
<arg>UF=${UF}</arg>
<arg>City=${City}</arg>
<arg>Rua=${Rua}</arg>
<kw name="Busca cep">
<var>${CEP}</var>
<arg>UF=${UF}</arg>
<arg>City=${City}</arg>
<arg>Rua=${Rua}</arg>
<kw name="Busca cep">
<var>${CEP}</var>
<arg>UF=${UF}</arg>
<arg>City=${City}</arg>
<arg>Rua=${Rua}</arg>
<kw name="Busca cep">
<var>${CEP}</var>
<arg>UF=${UF}</arg>
<arg>City=${City}</arg>
<arg>Rua=${Rua}</arg>
<kw name="Busca cep">
<var>${CEP}</var>
<arg>UF=${UF}</arg>
<arg>City=${City}</arg>
<arg>Rua=${Rua}</arg>
<kw name="Busca cep">
<var>${CEP}</var>
<arg>UF=${UF}</arg>
<arg>City=${City}</arg>
<arg>Rua=${Rua}</arg>
<kw name="Busca cep">
<var>${CEP}</var>
<arg>UF=${UF}</arg>
<arg>City=${City}</arg>
<arg>Rua=${Rua}</arg>
<kw name="Busca cep">
<var>${CEP}</var>
<arg>UF=${UF}</arg>
<arg>City=${City}</arg>
<arg>Rua=${Rua}</arg>
<kw name="Busca cep">
<var>${CEP}</var>
<arg>UF=${UF}</arg>
<arg>City=${City}</arg>
<arg>Rua=${Rua}</arg>
<kw name="Busca cep">
<var>${CEP}</var>
<arg>UF=${UF}</arg>
<arg>City=${City}</arg>
<arg>Rua=${Rua}</arg>
<kw name="Busca cep">
<var>${CEP}</var>
<arg>UF=${UF}</arg>
<arg>City=${City}</arg>
<arg>Rua=${Rua}</arg>
<kw name="Busca cep">
<var>${CEP}</var>
<arg>UF=${UF}</arg>
<arg>City=${City}</arg>
<arg>Rua=${Rua}</arg>
<kw name="Busca cep">
<var>${CEP}</var>
<arg>UF=${UF}</arg>
<arg>City=${City}</arg>
<arg>Rua=${Rua}</arg>
<kw name="Busca cep">
<var>${CEP}</var>
<arg>UF=${UF}</arg>
<arg>City=${City}</arg>
<arg>Rua=${Rua}</arg>
<kw name="Busca cep">
<var>${CEP}</var>
<arg>UF=${UF}</arg>
<arg>City=${City}</arg>
<arg>Rua=${Rua}</arg>
<kw name="Busca cep">
<var>${CEP}</var>
<arg>UF=${UF}</arg>
<arg>City=${City}</arg>
<arg>Rua=${Rua}</arg>
<kw name="Busca cep">
<var>${CEP}</var>
<arg>UF=${UF}</arg>
<arg>City=${City}</arg>
<arg>Rua=${Rua}</arg>
<kw name="Busca cep">
<var>${CEP}</var>
<arg>UF=${UF}</arg>
<arg>City=${City}</arg>
<arg>Rua=${Rua}</arg>
<kw name="Busca cep">
<var>${CEP}</var>
<arg>UF=${UF}</arg>
<arg>City=${City}</arg>
<arg>Rua=${Rua}</arg>
<kw name="Busca cep">
<var>${CEP}</var>
<arg>UF=${UF}</arg>
<arg>City=${City}</arg>
<arg>Rua=${Rua}</arg>
<kw name="Busca cep">
<var>${CEP}</var>
<arg>UF=${UF}</arg>
<arg>City=${City}</arg>
<arg>Rua=${Rua}</arg>
<kw name="Busca cep">
<var>${CEP}</var>
<arg>UF=${UF}</arg>
<arg>City=${City}</arg>
<arg>Rua=${Rua}</arg>
<kw name="Busca cep">
<var>${CEP}</var>
<arg>UF=${UF}</arg>
<arg>City=${City}</arg>
<arg>Rua=${Rua}</arg>
<kw name="Busca cep">
<var>${CEP}</var>
<arg>UF=${UF}</arg>
<arg>City=${City}</arg>
<arg>Rua=${Rua}</arg>
<kw name="Busca cep">
<var>${CEP}</var>
<arg>UF=${UF}</arg>
<arg>City=${City}</arg>
<arg>Rua=${Rua}</arg>
<kw name="Busca cep">
<var>${CEP}</var>
<arg>UF=${UF}</arg>
<arg>City=${City}</arg>
<arg>Rua=${Rua}</arg>
<kw name="Busca cep">
<var>${CEP}</var>
<arg>UF=${UF}</arg>
<arg>City=${City}</arg>
<arg>Rua=${Rua}</arg>
<kw name="Busca cep">
<var>${CEP}</var>
<arg>UF=${UF}</arg>
<arg>City=${City}</arg>
<arg>Rua=${Rua}</arg>
<kw name="Busca cep">
<var>${CEP}</var>
<arg>UF=${UF}</arg>
<arg>City=${City}</arg>
<arg>Rua=${Rua}</arg>
<msg timestamp="20230216 15:16:29.717" level="FAIL">Maximum limit of started keywords and control structures exceeded.</msg>
<status status="FAIL" starttime="20230216 15:16:29.716" endtime="20230216 15:16:29.720"/>
</kw>
<msg timestamp="20230216 15:16:29.721" level="FAIL">Maximum limit of started keywords and control structures exceeded.</msg>
<status status="FAIL" starttime="20230216 15:16:29.716" endtime="20230216 15:16:29.721"/>
</kw>
<msg timestamp="20230216 15:16:29.721" level="FAIL">Maximum limit of started keywords and control structures exceeded.</msg>
<status status="FAIL" starttime="20230216 15:16:29.715" endtime="20230216 15:16:29.722"/>
</kw>
<msg timestamp="20230216 15:16:29.722" level="FAIL">Maximum limit of started keywords and control structures exceeded.</msg>
<status status="FAIL" starttime="20230216 15:16:29.715" endtime="20230216 15:16:29.723"/>
</kw>
<msg timestamp="20230216 15:16:29.723" level="FAIL">Maximum limit of started keywords and control structures exceeded.</msg>
<status status="FAIL" starttime="20230216 15:16:29.714" endtime="20230216 15:16:29.723"/>
</kw>
<msg timestamp="20230216 15:16:29.724" level="FAIL">Maximum limit of started keywords and control structures exceeded.</msg>
<status status="FAIL" starttime="20230216 15:16:29.713" endtime="20230216 15:16:29.724"/>
</kw>
<msg timestamp="20230216 15:16:29.725" level="FAIL">Maximum limit of started keywords and control structures exceeded.</msg>
<status status="FAIL" starttime="20230216 15:16:29.711" endtime="20230216 15:16:29.725"/>
</kw>
<msg timestamp="20230216 15:16:29.725" level="FAIL">Maximum limit of started keywords and control structures exceeded.</msg>
<status status="FAIL" starttime="20230216 15:16:29.711" endtime="20230216 15:16:29.725"/>
</kw>
<msg timestamp="20230216 15:16:29.726" level="FAIL">Maximum limit of started keywords and control structures exceeded.</msg>
<status status="FAIL" starttime="20230216 15:16:29.710" endtime="20230216 15:16:29.726"/>
</kw>
<msg timestamp="20230216 15:16:29.727" level="FAIL">Maximum limit of started keywords and control structures exceeded.</msg>
<status status="FAIL" starttime="20230216 15:16:29.709" endtime="20230216 15:16:29.727"/>
</kw>
<msg timestamp="20230216 15:16:29.727" level="FAIL">Maximum limit of started keywords and control structures exceeded.</msg>
<status status="FAIL" starttime="20230216 15:16:29.708" endtime="20230216 15:16:29.728"/>
</kw>
<msg timestamp="20230216 15:16:29.729" level="FAIL">Maximum limit of started keywords and control structures exceeded.</msg>
<status status="FAIL" starttime="20230216 15:16:29.708" endtime="20230216 15:16:29.731"/>
</kw>
<msg timestamp="20230216 15:16:29.731" level="FAIL">Maximum limit of started keywords and control structures exceeded.</msg>
<status status="FAIL" starttime="20230216 15:16:29.707" endtime="20230216 15:16:29.731"/>
</kw>
<msg timestamp="20230216 15:16:29.732" level="FAIL">Maximum limit of started keywords and control structures exceeded.</msg>
<status status="FAIL" starttime="20230216 15:16:29.707" endtime="20230216 15:16:29.732"/>
</kw>
<msg timestamp="20230216 15:16:29.732" level="FAIL">Maximum limit of started keywords and control structures exceeded.</msg>
<status status="FAIL" starttime="20230216 15:16:29.707" endtime="20230216 15:16:29.733"/>
</kw>
<msg timestamp="20230216 15:16:29.733" level="FAIL">Maximum limit of started keywords and control structures exceeded.</msg>
<status status="FAIL" starttime="20230216 15:16:29.706" endtime="20230216 15:16:29.733"/>
</kw>
<msg timestamp="20230216 15:16:29.734" level="FAIL">Maximum limit of started keywords and control structures exceeded.</msg>
<status status="FAIL" starttime="20230216 15:16:29.706" endtime="20230216 15:16:29.734"/>
</kw>
<msg timestamp="20230216 15:16:29.734" level="FAIL">Maximum limit of started keywords and control structures exceeded.</msg>
<status status="FAIL" starttime="20230216 15:16:29.705" endtime="20230216 15:16:29.734"/>
</kw>
<msg timestamp="20230216 15:16:29.735" level="FAIL">Maximum limit of started keywords and control structures exceeded.</msg>
<status status="FAIL" starttime="20230216 15:16:29.705" endtime="20230216 15:16:29.735"/>
</kw>
<msg timestamp="20230216 15:16:29.735" level="FAIL">Maximum limit of started keywords and control structures exceeded.</msg>
<status status="FAIL" starttime="20230216 15:16:29.704" endtime="20230216 15:16:29.736"/>
</kw>
<msg timestamp="20230216 15:16:29.736" level="FAIL">Maximum limit of started keywords and control structures exceeded.</msg>
<status status="FAIL" starttime="20230216 15:16:29.704" endtime="20230216 15:16:29.736"/>
</kw>
<msg timestamp="20230216 15:16:29.737" level="FAIL">Maximum limit of started keywords and control structures exceeded.</msg>
<status status="FAIL" starttime="20230216 15:16:29.703" endtime="20230216 15:16:29.737"/>
</kw>
<msg timestamp="20230216 15:16:29.737" level="FAIL">Maximum limit of started keywords and control structures exceeded.</msg>
<status status="FAIL" starttime="20230216 15:16:29.703" endtime="20230216 15:16:29.738"/>
</kw>
<msg timestamp="20230216 15:16:29.738" level="FAIL">Maximum limit of started keywords and control structures exceeded.</msg>
<status status="FAIL" starttime="20230216 15:16:29.703" endtime="20230216 15:16:29.738"/>
</kw>
<msg timestamp="20230216 15:16:29.739" level="FAIL">Maximum limit of started keywords and control structures exceeded.</msg>
<status status="FAIL" starttime="20230216 15:16:29.702" endtime="20230216 15:16:29.739"/>
</kw>
<msg timestamp="20230216 15:16:29.739" level="FAIL">Maximum limit of started keywords and control structures exceeded.</msg>
<status status="FAIL" starttime="20230216 15:16:29.701" endtime="20230216 15:16:29.740"/>
</kw>
<msg timestamp="20230216 15:16:29.740" level="FAIL">Maximum limit of started keywords and control structures exceeded.</msg>
<status status="FAIL" starttime="20230216 15:16:29.700" endtime="20230216 15:16:29.740"/>
</kw>
<msg timestamp="20230216 15:16:29.740" level="FAIL">Maximum limit of started keywords and control structures exceeded.</msg>
<status status="FAIL" starttime="20230216 15:16:29.699" endtime="20230216 15:16:29.741"/>
</kw>
<msg timestamp="20230216 15:16:29.741" level="FAIL">Maximum limit of started keywords and control structures exceeded.</msg>
<status status="FAIL" starttime="20230216 15:16:29.698" endtime="20230216 15:16:29.741"/>
</kw>
<msg timestamp="20230216 15:16:29.741" level="FAIL">Maximum limit of started keywords and control structures exceeded.</msg>
<status status="FAIL" starttime="20230216 15:16:29.697" endtime="20230216 15:16:29.742"/>
</kw>
<msg timestamp="20230216 15:16:29.742" level="FAIL">Maximum limit of started keywords and control structures exceeded.</msg>
<status status="FAIL" starttime="20230216 15:16:29.697" endtime="20230216 15:16:29.742"/>
</kw>
<msg timestamp="20230216 15:16:29.742" level="FAIL">Maximum limit of started keywords and control structures exceeded.</msg>
<status status="FAIL" starttime="20230216 15:16:29.696" endtime="20230216 15:16:29.743"/>
</kw>
<msg timestamp="20230216 15:16:29.743" level="FAIL">Maximum limit of started keywords and control structures exceeded.</msg>
<status status="FAIL" starttime="20230216 15:16:29.695" endtime="20230216 15:16:29.743"/>
</kw>
<msg timestamp="20230216 15:16:29.743" level="FAIL">Maximum limit of started keywords and control structures exceeded.</msg>
<status status="FAIL" starttime="20230216 15:16:29.694" endtime="20230216 15:16:29.744"/>
</kw>
<msg timestamp="20230216 15:16:29.744" level="FAIL">Maximum limit of started keywords and control structures exceeded.</msg>
<status status="FAIL" starttime="20230216 15:16:29.694" endtime="20230216 15:16:29.745"/>
</kw>
<msg timestamp="20230216 15:16:29.746" level="FAIL">Maximum limit of started keywords and control structures exceeded.</msg>
<status status="FAIL" starttime="20230216 15:16:29.693" endtime="20230216 15:16:29.747"/>
</kw>
<msg timestamp="20230216 15:16:29.748" level="FAIL">Maximum limit of started keywords and control structures exceeded.</msg>
<status status="FAIL" starttime="20230216 15:16:29.693" endtime="20230216 15:16:29.748"/>
</kw>
<msg timestamp="20230216 15:16:29.748" level="FAIL">Maximum limit of started keywords and control structures exceeded.</msg>
<status status="FAIL" starttime="20230216 15:16:29.691" endtime="20230216 15:16:29.748"/>
</kw>
<msg timestamp="20230216 15:16:29.749" level="FAIL">Maximum limit of started keywords and control structures exceeded.</msg>
<status status="FAIL" starttime="20230216 15:16:29.691" endtime="20230216 15:16:29.749"/>
</kw>
<msg timestamp="20230216 15:16:29.749" level="FAIL">Maximum limit of started keywords and control structures exceeded.</msg>
<status status="FAIL" starttime="20230216 15:16:29.690" endtime="20230216 15:16:29.749"/>
</kw>
<msg timestamp="20230216 15:16:29.750" level="FAIL">Maximum limit of started keywords and control structures exceeded.</msg>
<status status="FAIL" starttime="20230216 15:16:29.689" endtime="20230216 15:16:29.750"/>
</kw>
<msg timestamp="20230216 15:16:29.750" level="FAIL">Maximum limit of started keywords and control structures exceeded.</msg>
<status status="FAIL" starttime="20230216 15:16:29.688" endtime="20230216 15:16:29.752"/>
</kw>
<msg timestamp="20230216 15:16:29.752" level="FAIL">Maximum limit of started keywords and control structures exceeded.</msg>
<status status="FAIL" starttime="20230216 15:16:29.688" endtime="20230216 15:16:29.752"/>
</kw>
<msg timestamp="20230216 15:16:29.753" level="FAIL">Maximum limit of started keywords and control structures exceeded.</msg>
<status status="FAIL" starttime="20230216 15:16:29.687" endtime="20230216 15:16:29.753"/>
</kw>
<msg timestamp="20230216 15:16:29.753" level="FAIL">Maximum limit of started keywords and control structures exceeded.</msg>
<status status="FAIL" starttime="20230216 15:16:29.687" endtime="20230216 15:16:29.754"/>
</kw>
<msg timestamp="20230216 15:16:29.754" level="FAIL">Maximum limit of started keywords and control structures exceeded.</msg>
<status status="FAIL" starttime="20230216 15:16:29.687" endtime="20230216 15:16:29.754"/>
</kw>
<msg timestamp="20230216 15:16:29.754" level="FAIL">Maximum limit of started keywords and control structures exceeded.</msg>
<status status="FAIL" starttime="20230216 15:16:29.686" endtime="20230216 15:16:29.755"/>
</kw>
<msg timestamp="20230216 15:16:29.755" level="FAIL">Maximum limit of started keywords and control structures exceeded.</msg>
<status status="FAIL" starttime="20230216 15:16:29.686" endtime="20230216 15:16:29.755"/>
</kw>
<msg timestamp="20230216 15:16:29.755" level="FAIL">Maximum limit of started keywords and control structures exceeded.</msg>
<status status="FAIL" starttime="20230216 15:16:29.685" endtime="20230216 15:16:29.756"/>
</kw>
<msg timestamp="20230216 15:16:29.756" level="FAIL">Maximum limit of started keywords and control structures exceeded.</msg>
<status status="FAIL" starttime="20230216 15:16:29.685" endtime="20230216 15:16:29.756"/>
</kw>
<msg timestamp="20230216 15:16:29.756" level="FAIL">Maximum limit of started keywords and control structures exceeded.</msg>
<status status="FAIL" starttime="20230216 15:16:29.684" endtime="20230216 15:16:29.756"/>
</kw>
<msg timestamp="20230216 15:16:29.757" level="FAIL">Maximum limit of started keywords and control structures exceeded.</msg>
<status status="FAIL" starttime="20230216 15:16:29.684" endtime="20230216 15:16:29.757"/>
</kw>
<msg timestamp="20230216 15:16:29.757" level="FAIL">Maximum limit of started keywords and control structures exceeded.</msg>
<status status="FAIL" starttime="20230216 15:16:29.683" endtime="20230216 15:16:29.757"/>
</kw>
<msg timestamp="20230216 15:16:29.758" level="FAIL">Maximum limit of started keywords and control structures exceeded.</msg>
<status status="FAIL" starttime="20230216 15:16:29.681" endtime="20230216 15:16:29.758"/>
</kw>
<msg timestamp="20230216 15:16:29.758" level="FAIL">Maximum limit of started keywords and control structures exceeded.</msg>
<status status="FAIL" starttime="20230216 15:16:29.681" endtime="20230216 15:16:29.758"/>
</kw>
<msg timestamp="20230216 15:16:29.759" level="FAIL">Maximum limit of started keywords and control structures exceeded.</msg>
<status status="FAIL" starttime="20230216 15:16:29.680" endtime="20230216 15:16:29.759"/>
</kw>
<msg timestamp="20230216 15:16:29.759" level="FAIL">Maximum limit of started keywords and control structures exceeded.</msg>
<status status="FAIL" starttime="20230216 15:16:29.679" endtime="20230216 15:16:29.759"/>
</kw>
<msg timestamp="20230216 15:16:29.760" level="FAIL">Maximum limit of started keywords and control structures exceeded.</msg>
<status status="FAIL" starttime="20230216 15:16:29.677" endtime="20230216 15:16:29.760"/>
</kw>
<msg timestamp="20230216 15:16:29.761" level="FAIL">Maximum limit of started keywords and control structures exceeded.</msg>
<status status="FAIL" starttime="20230216 15:16:29.677" endtime="20230216 15:16:29.761"/>
</kw>
<msg timestamp="20230216 15:16:29.763" level="FAIL">Maximum limit of started keywords and control structures exceeded.</msg>
<status status="FAIL" starttime="20230216 15:16:29.676" endtime="20230216 15:16:29.763"/>
</kw>
<msg timestamp="20230216 15:16:29.764" level="FAIL">Maximum limit of started keywords and control structures exceeded.</msg>
<status status="FAIL" starttime="20230216 15:16:29.675" endtime="20230216 15:16:29.764"/>
</kw>
<msg timestamp="20230216 15:16:29.764" level="FAIL">Maximum limit of started keywords and control structures exceeded.</msg>
<status status="FAIL" starttime="20230216 15:16:29.674" endtime="20230216 15:16:29.764"/>
</kw>
<msg timestamp="20230216 15:16:29.765" level="FAIL">Maximum limit of started keywords and control structures exceeded.</msg>
<status status="FAIL" starttime="20230216 15:16:29.674" endtime="20230216 15:16:29.765"/>
</kw>
<msg timestamp="20230216 15:16:29.765" level="FAIL">Maximum limit of started keywords and control structures exceeded.</msg>
<status status="FAIL" starttime="20230216 15:16:29.673" endtime="20230216 15:16:29.765"/>
</kw>
<msg timestamp="20230216 15:16:29.765" level="FAIL">Maximum limit of started keywords and control structures exceeded.</msg>
<status status="FAIL" starttime="20230216 15:16:29.672" endtime="20230216 15:16:29.766"/>
</kw>
<msg timestamp="20230216 15:16:29.766" level="FAIL">Maximum limit of started keywords and control structures exceeded.</msg>
<status status="FAIL" starttime="20230216 15:16:29.672" endtime="20230216 15:16:29.766"/>
</kw>
<msg timestamp="20230216 15:16:29.766" level="FAIL">Maximum limit of started keywords and control structures exceeded.</msg>
<status status="FAIL" starttime="20230216 15:16:29.671" endtime="20230216 15:16:29.767"/>
</kw>
<msg timestamp="20230216 15:16:29.767" level="FAIL">Maximum limit of started keywords and control structures exceeded.</msg>
<status status="FAIL" starttime="20230216 15:16:29.670" endtime="20230216 15:16:29.767"/>
</kw>
<msg timestamp="20230216 15:16:29.767" level="FAIL">Maximum limit of started keywords and control structures exceeded.</msg>
<status status="FAIL" starttime="20230216 15:16:29.669" endtime="20230216 15:16:29.767"/>
</kw>
<msg timestamp="20230216 15:16:29.768" level="FAIL">Maximum limit of started keywords and control structures exceeded.</msg>
<status status="FAIL" starttime="20230216 15:16:29.668" endtime="20230216 15:16:29.768"/>
</kw>
<msg timestamp="20230216 15:16:29.768" level="FAIL">Maximum limit of started keywords and control structures exceeded.</msg>
<status status="FAIL" starttime="20230216 15:16:29.668" endtime="20230216 15:16:29.768"/>
</kw>
<msg timestamp="20230216 15:16:29.769" level="FAIL">Maximum limit of started keywords and control structures exceeded.</msg>
<status status="FAIL" starttime="20230216 15:16:29.667" endtime="20230216 15:16:29.769"/>
</kw>
<msg timestamp="20230216 15:16:29.770" level="FAIL">Maximum limit of started keywords and control structures exceeded.</msg>
<status status="FAIL" starttime="20230216 15:16:29.666" endtime="20230216 15:16:29.772"/>
</kw>
<msg timestamp="20230216 15:16:29.773" level="FAIL">Maximum limit of started keywords and control structures exceeded.</msg>
<status status="FAIL" starttime="20230216 15:16:29.666" endtime="20230216 15:16:29.773"/>
</kw>
<msg timestamp="20230216 15:16:29.774" level="FAIL">Maximum limit of started keywords and control structures exceeded.</msg>
<status status="FAIL" starttime="20230216 15:16:29.665" endtime="20230216 15:16:29.774"/>
</kw>
<msg timestamp="20230216 15:16:29.774" level="FAIL">Maximum limit of started keywords and control structures exceeded.</msg>
<status status="FAIL" starttime="20230216 15:16:29.665" endtime="20230216 15:16:29.774"/>
</kw>
<msg timestamp="20230216 15:16:29.775" level="FAIL">Maximum limit of started keywords and control structures exceeded.</msg>
<status status="FAIL" starttime="20230216 15:16:29.664" endtime="20230216 15:16:29.775"/>
</kw>
<msg timestamp="20230216 15:16:29.775" level="FAIL">Maximum limit of started keywords and control structures exceeded.</msg>
<status status="FAIL" starttime="20230216 15:16:29.664" endtime="20230216 15:16:29.775"/>
</kw>
<msg timestamp="20230216 15:16:29.775" level="FAIL">Maximum limit of started keywords and control structures exceeded.</msg>
<status status="FAIL" starttime="20230216 15:16:29.663" endtime="20230216 15:16:29.776"/>
</kw>
<msg timestamp="20230216 15:16:29.776" level="FAIL">Maximum limit of started keywords and control structures exceeded.</msg>
<status status="FAIL" starttime="20230216 15:16:29.663" endtime="20230216 15:16:29.776"/>
</kw>
<msg timestamp="20230216 15:16:29.776" level="FAIL">Maximum limit of started keywords and control structures exceeded.</msg>
<status status="FAIL" starttime="20230216 15:16:29.661" endtime="20230216 15:16:29.777"/>
</kw>
<msg timestamp="20230216 15:16:29.777" level="FAIL">Maximum limit of started keywords and control structures exceeded.</msg>
<status status="FAIL" starttime="20230216 15:16:29.660" endtime="20230216 15:16:29.777"/>
</kw>
<msg timestamp="20230216 15:16:29.778" level="FAIL">Maximum limit of started keywords and control structures exceeded.</msg>
<status status="FAIL" starttime="20230216 15:16:29.660" endtime="20230216 15:16:29.780"/>
</kw>
<msg timestamp="20230216 15:16:29.781" level="FAIL">Maximum limit of started keywords and control structures exceeded.</msg>
<status status="FAIL" starttime="20230216 15:16:29.659" endtime="20230216 15:16:29.782"/>
</kw>
<msg timestamp="20230216 15:16:29.783" level="FAIL">Maximum limit of started keywords and control structures exceeded.</msg>
<status status="FAIL" starttime="20230216 15:16:29.659" endtime="20230216 15:16:29.783"/>
</kw>
<msg timestamp="20230216 15:16:29.784" level="FAIL">Maximum limit of started keywords and control structures exceeded.</msg>
<status status="FAIL" starttime="20230216 15:16:29.658" endtime="20230216 15:16:29.784"/>
</kw>
<msg timestamp="20230216 15:16:29.784" level="FAIL">Maximum limit of started keywords and control structures exceeded.</msg>
<status status="FAIL" starttime="20230216 15:16:29.658" endtime="20230216 15:16:29.784"/>
</kw>
<msg timestamp="20230216 15:16:29.785" level="FAIL">Maximum limit of started keywords and control structures exceeded.</msg>
<status status="FAIL" starttime="20230216 15:16:29.656" endtime="20230216 15:16:29.785"/>
</kw>
<msg timestamp="20230216 15:16:29.786" level="FAIL">Maximum limit of started keywords and control structures exceeded.</msg>
<status status="FAIL" starttime="20230216 15:16:29.655" endtime="20230216 15:16:29.786"/>
</kw>
<msg timestamp="20230216 15:16:29.786" level="FAIL">Maximum limit of started keywords and control structures exceeded.</msg>
<status status="FAIL" starttime="20230216 15:16:29.655" endtime="20230216 15:16:29.786"/>
</kw>
<msg timestamp="20230216 15:16:29.787" level="FAIL">Maximum limit of started keywords and control structures exceeded.</msg>
<status status="FAIL" starttime="20230216 15:16:29.654" endtime="20230216 15:16:29.787"/>
</kw>
<msg timestamp="20230216 15:16:29.787" level="FAIL">Maximum limit of started keywords and control structures exceeded.</msg>
<status status="FAIL" starttime="20230216 15:16:29.654" endtime="20230216 15:16:29.787"/>
</kw>
<msg timestamp="20230216 15:16:29.788" level="FAIL">Maximum limit of started keywords and control structures exceeded.</msg>
<status status="FAIL" starttime="20230216 15:16:29.654" endtime="20230216 15:16:29.788"/>
</kw>
<msg timestamp="20230216 15:16:29.788" level="FAIL">Maximum limit of started keywords and control structures exceeded.</msg>
<status status="FAIL" starttime="20230216 15:16:29.653" endtime="20230216 15:16:29.788"/>
</kw>
<msg timestamp="20230216 15:16:29.788" level="FAIL">Maximum limit of started keywords and control structures exceeded.</msg>
<status status="FAIL" starttime="20230216 15:16:29.653" endtime="20230216 15:16:29.789"/>
</kw>
<msg timestamp="20230216 15:16:29.789" level="FAIL">Maximum limit of started keywords and control structures exceeded.</msg>
<status status="FAIL" starttime="20230216 15:16:29.652" endtime="20230216 15:16:29.789"/>
</kw>
<msg timestamp="20230216 15:16:29.789" level="FAIL">Maximum limit of started keywords and control structures exceeded.</msg>
<status status="FAIL" starttime="20230216 15:16:29.651" endtime="20230216 15:16:29.789"/>
</kw>
<msg timestamp="20230216 15:16:29.790" level="FAIL">Maximum limit of started keywords and control structures exceeded.</msg>
<status status="FAIL" starttime="20230216 15:16:29.651" endtime="20230216 15:16:29.790"/>
</kw>
<msg timestamp="20230216 15:16:29.790" level="FAIL">Maximum limit of started keywords and control structures exceeded.</msg>
<status status="FAIL" starttime="20230216 15:16:29.650" endtime="20230216 15:16:29.790"/>
</kw>
<msg timestamp="20230216 15:16:29.791" level="FAIL">Maximum limit of started keywords and control structures exceeded.</msg>
<status status="FAIL" starttime="20230216 15:16:29.650" endtime="20230216 15:16:29.791"/>
</kw>
<status status="FAIL" starttime="20230216 15:16:29.649" endtime="20230216 15:16:29.792">Maximum limit of started keywords and control structures exceeded.</status>
</test>
<status status="FAIL" starttime="20230216 15:16:29.483" endtime="20230216 15:16:29.798"/>
</suite>
<statistics>
<total>
<stat pass="0" fail="1" skip="0">All Tests</stat>
</total>
<tag>
</tag>
<suite>
<stat pass="0" fail="1" skip="0" id="s1" name="Viacep">Viacep</stat>
</suite>
</statistics>
<errors>
</errors>
</robot>
