<?xml version="1.0" encoding="UTF-8"?>
<robot generator="Robot 6.0.2 (Python 3.11.1 on win32)" generated="20230208 16:52:23.129" rpa="false" schemaversion="3">
<suite id="s1" name="ApiTest User" source="C:\Users\atend\Documents\robot_framework\ApiTest\tests\ApiTest_User.robot">
<test id="s1-t1" name="Cenario 01: Cadastrar um novo usuario com sucesso na ServeRest" line="10">
<kw name="Criar um usuario novo" library="ApiTest_User_Resource">
<kw name="Generate Random String" library="String">
<var>${PALAVRA_ALEATORIA}</var>
<arg>length=4</arg>
<arg>chars=[LETTERS]</arg>
<doc>Generates a string with a desired ``length`` from the given ``chars``.</doc>
<msg timestamp="20230208 16:52:23.359" level="INFO">${PALAVRA_ALEATORIA} = akdb</msg>
<status status="PASS" starttime="20230208 16:52:23.358" endtime="20230208 16:52:23.359"/>
</kw>
<kw name="Convert To Lower Case" library="String">
<var>${PALAVRA_ALEATORIA}</var>
<arg>${PALAVRA_ALEATORIA}</arg>
<doc>Converts string to lower case.</doc>
<msg timestamp="20230208 16:52:23.359" level="INFO">${PALAVRA_ALEATORIA} = akdb</msg>
<status status="PASS" starttime="20230208 16:52:23.359" endtime="20230208 16:52:23.359"/>
</kw>
<kw name="Set Test Variable" library="BuiltIn">
<arg>${EMAIL}</arg>
<arg>${PALAVRA_ALEATORIA}@emailteste.com</arg>
<doc>Makes a variable available everywhere within the scope of the current test.</doc>
<msg timestamp="20230208 16:52:23.360" level="INFO">${EMAIL} = akdb@emailteste.com</msg>
<status status="PASS" starttime="20230208 16:52:23.359" endtime="20230208 16:52:23.360"/>
</kw>
<status status="PASS" starttime="20230208 16:52:23.358" endtime="20230208 16:52:23.360"/>
</kw>
<kw name="Cadastrar o usuario criado na ServeRest" library="ApiTest_User_Resource">
<kw name="Create Dictionary" library="BuiltIn">
<var>${BODY}</var>
<arg>nome=Coisinha de Tal</arg>
<arg>email=coisinha@teste.com.br</arg>
<arg>password=coisinha</arg>
<arg>administrador=true</arg>
<doc>Creates and returns a dictionary based on the given ``items``.</doc>
<msg timestamp="20230208 16:52:23.361" level="INFO">${BODY} = {'nome': 'Coisinha de Tal', 'email': 'coisinha@teste.com.br', 'password': 'coisinha', 'administrador': 'true'}</msg>
<status status="PASS" starttime="20230208 16:52:23.361" endtime="20230208 16:52:23.361"/>
</kw>
<kw name="Log" library="BuiltIn">
<arg>${BODY}</arg>
<doc>Logs the given message with the given level.</doc>
<msg timestamp="20230208 16:52:23.361" level="INFO">{'nome': 'Coisinha de Tal', 'email': 'coisinha@teste.com.br', 'password': 'coisinha', 'administrador': 'true'}</msg>
<status status="PASS" starttime="20230208 16:52:23.361" endtime="20230208 16:52:23.361"/>
</kw>
<kw name="Criar sessão na ServeRest" library="ApiTest_User_Resource">
<kw name="Create Dictionary" library="BuiltIn">
<var>${HEADERS}</var>
<arg>accept=application/json</arg>
<arg>Content-Type=application/json</arg>
<doc>Creates and returns a dictionary based on the given ``items``.</doc>
<msg timestamp="20230208 16:52:23.362" level="INFO">${HEADERS} = {'accept': 'application/json', 'Content-Type': 'application/json'}</msg>
<status status="PASS" starttime="20230208 16:52:23.361" endtime="20230208 16:52:23.362"/>
</kw>
<kw name="Create Session" library="RequestsLibrary">
<arg>alias=ServeRest</arg>
<arg>url=https://serverest.dev/</arg>
<arg>headers=${HEADERS}</arg>
<doc>Create Session: create a HTTP session to a server</doc>
<msg timestamp="20230208 16:52:23.362" level="INFO">Creating Session using : alias=ServeRest, url=https://serverest.dev/, headers={'accept': 'application/json', 'Content-Type': 'application/json'},                     cookies={}, auth=None, timeout=None, proxies=None, verify=False,                     debug=0 </msg>
<status status="PASS" starttime="20230208 16:52:23.362" endtime="20230208 16:52:23.362"/>
</kw>
<status status="PASS" starttime="20230208 16:52:23.361" endtime="20230208 16:52:23.362"/>
</kw>
<kw name="POST On Session" library="RequestsLibrary">
<var>${RESPONSE}</var>
<arg>alias=ServeRest</arg>
<arg>url=/usuarios</arg>
<arg>json=${BODY}</arg>
<doc>Sends a POST request on a previously created HTTP Session.</doc>
<msg timestamp="20230208 16:52:23.921" level="INFO">POST Request : url=https://serverest.dev/usuarios 
 path_url=/usuarios 
 headers={'User-Agent': 'python-requests/2.28.2', 'Accept-Encoding': 'gzip, deflate', 'accept': 'application/json', 'Connection': 'keep-alive', 'Content-Type': 'application/json', 'Content-Length': '110'} 
 body=b'{"nome": "Coisinha de Tal", "email": "coisinha@teste.com.br", "password": "coisinha", "administrador": "true"}' 
 </msg>
<msg timestamp="20230208 16:52:23.921" level="INFO">POST Response : url=https://serverest.dev/usuarios 
 status=201, reason=Created 
 headers={'access-control-allow-origin': '*', 'x-dns-prefetch-control': 'off', 'x-frame-options': 'SAMEORIGIN', 'strict-transport-security': 'max-age=15552000; includeSubDomains', 'x-download-options': 'noopen', 'x-content-type-options': 'nosniff', 'x-xss-protection': '1; mode=block', 'x-moesif-transaction-id': '2411e0a1-ac4e-4f80-89d1-e8df0e7d2735', 'content-type': 'application/json; charset=utf-8', 'X-Cloud-Trace-Context': '70e906395a35f814d1763d8106f61bde;o=1', 'Date': 'Wed, 08 Feb 2023 19:52:24 GMT', 'Server': 'Google Frontend', 'Content-Length': '82'} 
 body={
    "message": "Cadastro realizado com sucesso",
    "_id": "eYVBVE7RcXIP77jw"
} 
 </msg>
<msg timestamp="20230208 16:52:23.921" level="INFO">C:\Users\atend\AppData\Local\Programs\Python\Python311\Lib\site-packages\urllib3\connectionpool.py:1045: InsecureRequestWarning: Unverified HTTPS request is being made to host 'serverest.dev'. Adding certificate verification is strongly advised. See: https://urllib3.readthedocs.io/en/1.26.x/advanced-usage.html#ssl-warnings
  warnings.warn(</msg>
<msg timestamp="20230208 16:52:23.922" level="INFO">${RESPONSE} = &lt;Response [201]&gt;</msg>
<status status="PASS" starttime="20230208 16:52:23.362" endtime="20230208 16:52:23.922"/>
</kw>
<kw name="Log" library="BuiltIn">
<arg>${RESPONSE.json()}</arg>
<doc>Logs the given message with the given level.</doc>
<msg timestamp="20230208 16:52:23.923" level="INFO">{'message': 'Cadastro realizado com sucesso', '_id': 'eYVBVE7RcXIP77jw'}</msg>
<status status="PASS" starttime="20230208 16:52:23.922" endtime="20230208 16:52:23.923"/>
</kw>
<status status="PASS" starttime="20230208 16:52:23.360" endtime="20230208 16:52:23.923"/>
</kw>
<status status="PASS" starttime="20230208 16:52:23.358" endtime="20230208 16:52:23.924"/>
</test>
<status status="PASS" starttime="20230208 16:52:23.131" endtime="20230208 16:52:23.925"/>
</suite>
<statistics>
<total>
<stat pass="1" fail="0" skip="0">All Tests</stat>
</total>
<tag>
</tag>
<suite>
<stat pass="1" fail="0" skip="0" id="s1" name="ApiTest User">ApiTest User</stat>
</suite>
</statistics>
<errors>
</errors>
</robot>
