<?xml version="1.0" encoding="UTF-8"?>
<robot generator="Robot 6.0.2 (Python 3.11.1 on win32)" generated="20230204 14:52:18.106" rpa="false" schemaversion="3">
<suite id="s1" name="Dasorte Test" source="C:\Users\atend\Documents\robot_framework\pratice\dasorte_test.robot">
<kw name="Abrir navegador" library="dasorte_resources" type="SETUP">
<kw name="Open Browser" library="SeleniumLibrary">
<arg>browser=chrome</arg>
<doc>Opens a new browser instance to the optional ``url``.</doc>
<msg timestamp="20230204 14:52:18.486" level="INFO">Opening browser 'chrome' to base url 'None'.</msg>
<status status="PASS" starttime="20230204 14:52:18.485" endtime="20230204 14:52:20.149"/>
</kw>
<kw name="Maximize Browser Window" library="SeleniumLibrary">
<doc>Maximizes current browser window.</doc>
<status status="PASS" starttime="20230204 14:52:20.149" endtime="20230204 14:52:20.292"/>
</kw>
<status status="PASS" starttime="20230204 14:52:18.485" endtime="20230204 14:52:20.293"/>
</kw>
<test id="s1-t1" name="Case test 01 - Acesso a página de compras" line="9">
<kw name="Acessar home page do site Sao Paulo da Sorte" library="dasorte_resources">
<kw name="Go To" library="SeleniumLibrary">
<arg>url=${SP_DASORTE}</arg>
<doc>Navigates the current browser window to the provided ``url``.</doc>
<msg timestamp="20230204 14:52:20.296" level="INFO">Opening url 'https://sp.dasorte.com/'</msg>
<status status="PASS" starttime="20230204 14:52:20.296" endtime="20230204 14:52:23.771"/>
</kw>
<status status="PASS" starttime="20230204 14:52:20.295" endtime="20230204 14:52:23.771"/>
</kw>
<kw name="Verificar se o título é &quot;São Paulo Dá Sorte&quot;" library="dasorte_resources" sourcename="Verificar se o título é &quot;${TITULO}&quot;">
<kw name="Title Should Be" library="SeleniumLibrary">
<arg>title=${TITULO}</arg>
<doc>Verifies that the current page title equals ``title``.</doc>
<msg timestamp="20230204 14:52:23.942" level="INFO" html="true">&lt;/td&gt;&lt;/tr&gt;&lt;tr&gt;&lt;td colspan="3"&gt;&lt;a href="selenium-screenshot-1.png"&gt;&lt;img src="selenium-screenshot-1.png" width="800px"&gt;&lt;/a&gt;</msg>
<msg timestamp="20230204 14:52:23.942" level="FAIL">Title should have been 'São Paulo Dá Sorte' but was ''.</msg>
<status status="FAIL" starttime="20230204 14:52:23.772" endtime="20230204 14:52:23.948"/>
</kw>
<status status="FAIL" starttime="20230204 14:52:23.771" endtime="20230204 14:52:23.949"/>
</kw>
<doc>Teste para verificar se o atalho da home page envia para a tela de compras</doc>
<tag>atalhos</tag>
<status status="FAIL" starttime="20230204 14:52:20.293" endtime="20230204 14:52:23.949">Title should have been 'São Paulo Dá Sorte' but was ''.</status>
</test>
<kw name="Fechar navegador" library="dasorte_resources" type="TEARDOWN">
<kw name="Capture Page Screenshot" library="SeleniumLibrary">
<doc>Takes a screenshot of the current page and embeds it into a log file.</doc>
<msg timestamp="20230204 14:52:24.084" level="INFO" html="true">&lt;/td&gt;&lt;/tr&gt;&lt;tr&gt;&lt;td colspan="3"&gt;&lt;a href="selenium-screenshot-2.png"&gt;&lt;img src="selenium-screenshot-2.png" width="800px"&gt;&lt;/a&gt;</msg>
<status status="PASS" starttime="20230204 14:52:23.951" endtime="20230204 14:52:24.084"/>
</kw>
<kw name="Close All Browsers" library="SeleniumLibrary">
<doc>Closes all open browsers and resets the browser cache.</doc>
<status status="PASS" starttime="20230204 14:52:24.085" endtime="20230204 14:52:30.298"/>
</kw>
<status status="PASS" starttime="20230204 14:52:23.950" endtime="20230204 14:52:30.299"/>
</kw>
<doc>Suíte de teste, sites Grupo dá Sorte
</doc>
<status status="FAIL" starttime="20230204 14:52:18.108" endtime="20230204 14:52:30.299"/>
</suite>
<statistics>
<total>
<stat pass="0" fail="1" skip="0">All Tests</stat>
</total>
<tag>
<stat pass="0" fail="1" skip="0">atalhos</stat>
</tag>
<suite>
<stat pass="0" fail="1" skip="0" id="s1" name="Dasorte Test">Dasorte Test</stat>
</suite>
</statistics>
<errors>
</errors>
</robot>
