<?xml version="1.0" encoding="UTF-8"?>
<robot generator="Robot 6.0.2 (Python 3.11.1 on win32)" generated="20230208 14:42:28.291" rpa="false" schemaversion="3">
<suite id="s1" name="ApiTest User" source="C:\Users\atend\Documents\robot_framework\ApiTest\tests\ApiTest_User.robot">
<test id="s1-t1" name="Cenario 01: Cadastrar um novo usuario com sucesso na ServeRest" line="10">
<kw name="Criar um usuario novo" library="ApiTest_User_Resource">
<kw name="Generate Random String" library="String">
<var>${PALAVRA_ALEATORIA}</var>
<arg>length=4</arg>
<arg>chars=[LETTERS]</arg>
<doc>Generates a string with a desired ``length`` from the given ``chars``.</doc>
<msg timestamp="20230208 14:42:28.465" level="INFO">${PALAVRA_ALEATORIA} = WqmE</msg>
<status status="PASS" starttime="20230208 14:42:28.463" endtime="20230208 14:42:28.465"/>
</kw>
<kw name="Convert To Lower Case" library="String">
<var>${PALAVRA_ALEATORIA}</var>
<arg>${PALAVRA_ALEATORIA}</arg>
<doc>Converts string to lower case.</doc>
<msg timestamp="20230208 14:42:28.469" level="INFO">${PALAVRA_ALEATORIA} = wqme</msg>
<status status="PASS" starttime="20230208 14:42:28.466" endtime="20230208 14:42:28.469"/>
</kw>
<kw name="Set Test Variable" library="BuiltIn">
<arg>${EMAIL}</arg>
<arg>${PALAVRA_ALEATORIA}@emailteste.com</arg>
<doc>Makes a variable available everywhere within the scope of the current test.</doc>
<msg timestamp="20230208 14:42:28.471" level="INFO">${EMAIL} = wqme@emailteste.com</msg>
<status status="PASS" starttime="20230208 14:42:28.469" endtime="20230208 14:42:28.471"/>
</kw>
<status status="PASS" starttime="20230208 14:42:28.461" endtime="20230208 14:42:28.471"/>
</kw>
<status status="PASS" starttime="20230208 14:42:28.460" endtime="20230208 14:42:28.472"/>
</test>
<status status="PASS" starttime="20230208 14:42:28.293" endtime="20230208 14:42:28.473"/>
</suite>
<statistics>
<total>
<stat pass="1" fail="0" skip="0">All Tests</stat>
</total>
<tag>
</tag>
<suite>
<stat pass="1" fail="0" skip="0" id="s1" name="ApiTest User">ApiTest User</stat>
</suite>
</statistics>
<errors>
</errors>
</robot>
