<?xml version="1.0" encoding="UTF-8"?>
<robot generator="Robot 6.0.2 (Python 3.11.1 on win32)" generated="20230208 13:08:54.424" rpa="false" schemaversion="3">
<suite id="s1" name="Dasorte Test" source="C:\Users\atend\Documents\robot_framework\pratice\dasorte_test.robot">
<kw name="Abrir navegador" library="dasorte_resources" type="SETUP">
<kw name="Open Browser" library="SeleniumLibrary">
<arg>browser=${BROWSER}</arg>
<doc>Opens a new browser instance to the optional ``url``.</doc>
<msg timestamp="20230208 13:08:54.820" level="INFO">Opening browser 'chrome' to base url 'None'.</msg>
<status status="PASS" starttime="20230208 13:08:54.820" endtime="20230208 13:08:56.122"/>
</kw>
<kw name="Maximize Browser Window" library="SeleniumLibrary">
<doc>Maximizes current browser window.</doc>
<status status="PASS" starttime="20230208 13:08:56.122" endtime="20230208 13:08:56.247"/>
</kw>
<status status="PASS" starttime="20230208 13:08:54.819" endtime="20230208 13:08:56.247"/>
</kw>
<test id="s1-t1" name="Case test 01 - Acesso a página de compras" line="9">
<kw name="Acessar home page do site Sao Paulo da Sorte" library="dasorte_resources">
<kw name="Go To" library="SeleniumLibrary">
<arg>url=${SP_DASORTE}</arg>
<doc>Navigates the current browser window to the provided ``url``.</doc>
<msg timestamp="20230208 13:08:56.253" level="INFO">Opening url 'https://sp.dasorte.com/'</msg>
<status status="PASS" starttime="20230208 13:08:56.253" endtime="20230208 13:08:59.495"/>
</kw>
<status status="PASS" starttime="20230208 13:08:56.252" endtime="20230208 13:08:59.495"/>
</kw>
<kw name="Verificar se o título é &quot;São Paulo Dá Sorte&quot;" library="dasorte_resources" sourcename="Verificar se o título é &quot;${TITULO}&quot;">
<kw name="Wait Until Element Is Visible" library="SeleniumLibrary">
<arg>locator=//a[contains(.,'Agora não')]</arg>
<doc>Waits until the element ``locator`` is visible.</doc>
<status status="PASS" starttime="20230208 13:08:59.497" endtime="20230208 13:09:00.641"/>
</kw>
<kw name="Click Element" library="SeleniumLibrary">
<arg>locator=//a[contains(.,'Agora não')]</arg>
<doc>Click the element identified by ``locator``.</doc>
<msg timestamp="20230208 13:09:00.642" level="INFO">Clicking element '//a[contains(.,'Agora não')]'.</msg>
<status status="PASS" starttime="20230208 13:09:00.641" endtime="20230208 13:09:00.740"/>
</kw>
<kw name="Wait Until Element Is Visible" library="SeleniumLibrary">
<arg>locator=//button[@class='accept-button'][contains(.,'OK')]</arg>
<doc>Waits until the element ``locator`` is visible.</doc>
<status status="PASS" starttime="20230208 13:09:00.740" endtime="20230208 13:09:00.770"/>
</kw>
<kw name="Click Element" library="SeleniumLibrary">
<arg>locator=//button[@class='accept-button'][contains(.,'OK')]</arg>
<doc>Click the element identified by ``locator``.</doc>
<msg timestamp="20230208 13:09:00.771" level="INFO">Clicking element '//button[@class='accept-button'][contains(.,'OK')]'.</msg>
<status status="PASS" starttime="20230208 13:09:00.770" endtime="20230208 13:09:00.922"/>
</kw>
<kw name="Wait Until Page Contains" library="SeleniumLibrary">
<arg>text=${TITULO}</arg>
<doc>Waits until ``text`` appears on the current page.</doc>
<status status="PASS" starttime="20230208 13:09:00.922" endtime="20230208 13:09:00.951"/>
</kw>
<kw name="Title Should Be" library="SeleniumLibrary">
<arg>São Paulo Dá Sorte</arg>
<doc>Verifies that the current page title equals ``title``.</doc>
<msg timestamp="20230208 13:09:00.957" level="INFO">Page title is 'São Paulo Dá Sorte'.</msg>
<status status="PASS" starttime="20230208 13:09:00.951" endtime="20230208 13:09:00.957"/>
</kw>
<status status="PASS" starttime="20230208 13:08:59.496" endtime="20230208 13:09:00.957"/>
</kw>
<kw name="Clicar no botão &quot;Compre agora&quot;" library="dasorte_resources">
<kw name="Wait Until Element Is Visible" library="SeleniumLibrary">
<arg>locator=//span[@class='material-icons-outlined'][contains(.,'arrow_forward')]</arg>
<doc>Waits until the element ``locator`` is visible.</doc>
<status status="PASS" starttime="20230208 13:09:00.958" endtime="20230208 13:09:00.990"/>
</kw>
<kw name="Click Element" library="SeleniumLibrary">
<arg>locator=//span[@class='material-icons-outlined'][contains(.,'arrow_forward')]</arg>
<doc>Click the element identified by ``locator``.</doc>
<msg timestamp="20230208 13:09:00.993" level="INFO">Clicking element '//span[@class='material-icons-outlined'][contains(.,'arrow_forward')]'.</msg>
<status status="PASS" starttime="20230208 13:09:00.991" endtime="20230208 13:09:01.167"/>
</kw>
<status status="PASS" starttime="20230208 13:09:00.957" endtime="20230208 13:09:01.167"/>
</kw>
<kw name="Verificar se a header mostra &quot;Compra de título&quot;" library="dasorte_resources" sourcename="Verificar se a header mostra &quot;${HEADER}&quot;">
<kw name="Wait Until Element Is Visible" library="SeleniumLibrary">
<arg>locator=//h1[@class='rp-title show-title'][contains(.,'${HEADER}')]</arg>
<doc>Waits until the element ``locator`` is visible.</doc>
<status status="PASS" starttime="20230208 13:09:01.169" endtime="20230208 13:09:01.194"/>
</kw>
<status status="PASS" starttime="20230208 13:09:01.168" endtime="20230208 13:09:01.195"/>
</kw>
<doc>Teste para verificar se o atalho da home page envia para a tela de compras</doc>
<tag>atalhos</tag>
<status status="PASS" starttime="20230208 13:08:56.248" endtime="20230208 13:09:01.195"/>
</test>
<kw name="Fechar navegador" library="dasorte_resources" type="TEARDOWN">
<kw name="Capture Page Screenshot" library="SeleniumLibrary">
<doc>Takes a screenshot of the current page and embeds it into a log file.</doc>
<msg timestamp="20230208 13:09:01.338" level="INFO" html="true">&lt;/td&gt;&lt;/tr&gt;&lt;tr&gt;&lt;td colspan="3"&gt;&lt;a href="selenium-screenshot-33.png"&gt;&lt;img src="selenium-screenshot-33.png" width="800px"&gt;&lt;/a&gt;</msg>
<status status="PASS" starttime="20230208 13:09:01.197" endtime="20230208 13:09:01.338"/>
</kw>
<kw name="Close All Browsers" library="SeleniumLibrary">
<doc>Closes all open browsers and resets the browser cache.</doc>
<status status="PASS" starttime="20230208 13:09:01.339" endtime="20230208 13:09:07.590"/>
</kw>
<status status="PASS" starttime="20230208 13:09:01.196" endtime="20230208 13:09:07.590"/>
</kw>
<doc>Suíte de teste, sites Grupo dá Sorte
</doc>
<status status="PASS" starttime="20230208 13:08:54.426" endtime="20230208 13:09:07.590"/>
</suite>
<statistics>
<total>
<stat pass="1" fail="0" skip="0">All Tests</stat>
</total>
<tag>
<stat pass="1" fail="0" skip="0">atalhos</stat>
</tag>
<suite>
<stat pass="1" fail="0" skip="0" id="s1" name="Dasorte Test">Dasorte Test</stat>
</suite>
</statistics>
<errors>
</errors>
</robot>
