<?xml version="1.0" encoding="UTF-8"?>
<robot generator="Robot 6.0.2 (Python 3.11.1 on win32)" generated="20230205 12:08:38.236" rpa="false" schemaversion="3">
<suite id="s1" name="Dasorte Test" source="C:\Users\Gabriel\Documents\Robot\pratice\dasorte_test.robot">
<kw name="Abrir navegador" library="dasorte_resources" type="SETUP">
<kw name="Open Browser" library="SeleniumLibrary">
<arg>browser=${BROWSER}</arg>
<doc>Opens a new browser instance to the optional ``url``.</doc>
<msg timestamp="20230205 12:08:38.621" level="INFO">Opening browser 'chrome' to base url 'None'.</msg>
<status status="PASS" starttime="20230205 12:08:38.621" endtime="20230205 12:08:40.188"/>
</kw>
<kw name="Maximize Browser Window" library="SeleniumLibrary">
<doc>Maximizes current browser window.</doc>
<status status="PASS" starttime="20230205 12:08:40.189" endtime="20230205 12:08:40.318"/>
</kw>
<status status="PASS" starttime="20230205 12:08:38.620" endtime="20230205 12:08:40.318"/>
</kw>
<test id="s1-t1" name="Case test 01 - Acesso a página de compras" line="9">
<kw name="Acessar home page do site Sao Paulo da Sorte" library="dasorte_resources">
<kw name="Go To" library="SeleniumLibrary">
<arg>url=${SP_DASORTE}</arg>
<doc>Navigates the current browser window to the provided ``url``.</doc>
<msg timestamp="20230205 12:08:40.320" level="INFO">Opening url 'https://sp.dasorte.com/'</msg>
<status status="PASS" starttime="20230205 12:08:40.320" endtime="20230205 12:08:44.309"/>
</kw>
<status status="PASS" starttime="20230205 12:08:40.320" endtime="20230205 12:08:44.309"/>
</kw>
<kw name="Verificar se o título é &quot;São Paulo Dá Sorte&quot;" library="dasorte_resources" sourcename="Verificar se o título é &quot;${TITULO}&quot;">
<kw name="Wait Until Element Is Visible" library="SeleniumLibrary">
<arg>locator=//a[contains(.,'Agora não')]</arg>
<doc>Waits until the element ``locator`` is visible.</doc>
<status status="PASS" starttime="20230205 12:08:44.310" endtime="20230205 12:08:45.922"/>
</kw>
<kw name="Click Element" library="SeleniumLibrary">
<arg>locator=//a[contains(.,'Agora não')]</arg>
<doc>Click the element identified by ``locator``.</doc>
<msg timestamp="20230205 12:08:45.923" level="INFO">Clicking element '//a[contains(.,'Agora não')]'.</msg>
<status status="PASS" starttime="20230205 12:08:45.922" endtime="20230205 12:08:46.142"/>
</kw>
<kw name="Wait Until Element Is Visible" library="SeleniumLibrary">
<arg>locator=//button[@class='accept-button'][contains(.,'OK')]</arg>
<doc>Waits until the element ``locator`` is visible.</doc>
<status status="PASS" starttime="20230205 12:08:46.142" endtime="20230205 12:08:46.184"/>
</kw>
<kw name="Click Element" library="SeleniumLibrary">
<arg>locator=//button[@class='accept-button'][contains(.,'OK')]</arg>
<doc>Click the element identified by ``locator``.</doc>
<msg timestamp="20230205 12:08:46.185" level="INFO">Clicking element '//button[@class='accept-button'][contains(.,'OK')]'.</msg>
<status status="PASS" starttime="20230205 12:08:46.184" endtime="20230205 12:08:46.678"/>
</kw>
<kw name="Wait Until Page Contains" library="SeleniumLibrary">
<arg>text=${TITULO}</arg>
<doc>Waits until ``text`` appears on the current page.</doc>
<status status="PASS" starttime="20230205 12:08:46.678" endtime="20230205 12:08:46.852"/>
</kw>
<status status="PASS" starttime="20230205 12:08:44.310" endtime="20230205 12:08:46.852"/>
</kw>
<kw name="Clicar no botão &quot;Compre agora&quot;" library="dasorte_resources">
<kw name="Wait Until Element Is Visible" library="SeleniumLibrary">
<arg>locator=//span[@class='material-icons-outlined'][contains(.,'arrow_forward')]</arg>
<doc>Waits until the element ``locator`` is visible.</doc>
<status status="PASS" starttime="20230205 12:08:46.853" endtime="20230205 12:08:46.904"/>
</kw>
<kw name="Click Element" library="SeleniumLibrary">
<arg>locator=//span[@class='material-icons-outlined'][contains(.,'arrow_forward')]</arg>
<doc>Click the element identified by ``locator``.</doc>
<msg timestamp="20230205 12:08:46.905" level="INFO">Clicking element '//span[@class='material-icons-outlined'][contains(.,'arrow_forward')]'.</msg>
<status status="PASS" starttime="20230205 12:08:46.904" endtime="20230205 12:08:47.396"/>
</kw>
<status status="PASS" starttime="20230205 12:08:46.852" endtime="20230205 12:08:47.397"/>
</kw>
<kw name="Verificar se a header mostra &quot;Compra de título&quot;" library="dasorte_resources" sourcename="Verificar se a header mostra &quot;${HEADER}&quot;">
<kw name="Wait Until Element Is Visible" library="SeleniumLibrary">
<arg>locator=//h1[@class='rp-title show-title'][contains(.,'${HEADER}')]</arg>
<doc>Waits until the element ``locator`` is visible.</doc>
<status status="PASS" starttime="20230205 12:08:47.398" endtime="20230205 12:08:47.430"/>
</kw>
<status status="PASS" starttime="20230205 12:08:47.397" endtime="20230205 12:08:47.430"/>
</kw>
<doc>Teste para verificar se o atalho da home page envia para a tela de compras</doc>
<tag>atalhos</tag>
<status status="PASS" starttime="20230205 12:08:40.319" endtime="20230205 12:08:47.432"/>
</test>
<kw name="Fechar navegador" library="dasorte_resources" type="TEARDOWN">
<kw name="Capture Page Screenshot" library="SeleniumLibrary">
<doc>Takes a screenshot of the current page and embeds it into a log file.</doc>
<msg timestamp="20230205 12:08:47.633" level="INFO" html="true">&lt;/td&gt;&lt;/tr&gt;&lt;tr&gt;&lt;td colspan="3"&gt;&lt;a href="selenium-screenshot-29.png"&gt;&lt;img src="selenium-screenshot-29.png" width="800px"&gt;&lt;/a&gt;</msg>
<status status="PASS" starttime="20230205 12:08:47.434" endtime="20230205 12:08:47.633"/>
</kw>
<kw name="Close All Browsers" library="SeleniumLibrary">
<doc>Closes all open browsers and resets the browser cache.</doc>
<status status="PASS" starttime="20230205 12:08:47.634" endtime="20230205 12:08:54.008"/>
</kw>
<status status="PASS" starttime="20230205 12:08:47.434" endtime="20230205 12:08:54.008"/>
</kw>
<doc>Suíte de teste, sites Grupo dá Sorte
</doc>
<status status="PASS" starttime="20230205 12:08:38.239" endtime="20230205 12:08:54.008"/>
</suite>
<statistics>
<total>
<stat pass="1" fail="0" skip="0">All Tests</stat>
</total>
<tag>
<stat pass="1" fail="0" skip="0">atalhos</stat>
</tag>
<suite>
<stat pass="1" fail="0" skip="0" id="s1" name="Dasorte Test">Dasorte Test</stat>
</suite>
</statistics>
<errors>
</errors>
</robot>
