<?xml version="1.0" encoding="UTF-8"?>
<robot generator="Robot 6.0.2 (Python 3.11.1 on win32)" generated="20230209 10:28:54.311" rpa="false" schemaversion="3">
<suite id="s1" name="ApiTest" source="C:\Users\atend\Documents\robot_framework\ApiTest">
<suite id="s1-s1" name="Tests" source="C:\Users\atend\Documents\robot_framework\ApiTest\tests">
<suite id="s1-s1-s1" name="ApiTest User" source="C:\Users\atend\Documents\robot_framework\ApiTest\tests\ApiTest_User.robot">
<test id="s1-s1-s1-t1" name="Cenario 01: Cadastrar um novo usuario com sucesso na ServeRest" line="10">
<kw name="Criar um usuario novo" library="ApiTest_User_Resource">
<kw name="Generate Random String" library="String">
<var>${PALAVRA_ALEATORIA}</var>
<arg>length=4</arg>
<arg>chars=[LETTERS]</arg>
<doc>Generates a string with a desired ``length`` from the given ``chars``.</doc>
<msg timestamp="20230209 10:28:54.598" level="INFO">${PALAVRA_ALEATORIA} = mCYY</msg>
<status status="PASS" starttime="20230209 10:28:54.597" endtime="20230209 10:28:54.598"/>
</kw>
<kw name="Convert To Lower Case" library="String">
<var>${PALAVRA_ALEATORIA}</var>
<arg>${PALAVRA_ALEATORIA}</arg>
<doc>Converts string to lower case.</doc>
<msg timestamp="20230209 10:28:54.600" level="INFO">${PALAVRA_ALEATORIA} = mcyy</msg>
<status status="PASS" starttime="20230209 10:28:54.599" endtime="20230209 10:28:54.600"/>
</kw>
<kw name="Set Test Variable" library="BuiltIn">
<arg>${EMAIL}</arg>
<arg>${PALAVRA_ALEATORIA}@emailteste.com</arg>
<doc>Makes a variable available everywhere within the scope of the current test.</doc>
<msg timestamp="20230209 10:28:54.601" level="INFO">${EMAIL} = mcyy@emailteste.com</msg>
<status status="PASS" starttime="20230209 10:28:54.600" endtime="20230209 10:28:54.601"/>
</kw>
<status status="PASS" starttime="20230209 10:28:54.596" endtime="20230209 10:28:54.601"/>
</kw>
<kw name="Cadastrar o usuario criado na ServeRest" library="ApiTest_User_Resource">
<kw name="Create Dictionary" library="BuiltIn">
<var>${BODY}</var>
<arg>nome=Coisinha de Tal</arg>
<arg>email=${EMAIL}</arg>
<arg>password=coisinha</arg>
<arg>administrador=true</arg>
<doc>Creates and returns a dictionary based on the given ``items``.</doc>
<msg timestamp="20230209 10:28:54.605" level="INFO">${BODY} = {'nome': 'Coisinha de Tal', 'email': 'mcyy@emailteste.com', 'password': 'coisinha', 'administrador': 'true'}</msg>
<status status="PASS" starttime="20230209 10:28:54.604" endtime="20230209 10:28:54.606"/>
</kw>
<kw name="Log" library="BuiltIn">
<arg>${BODY}</arg>
<doc>Logs the given message with the given level.</doc>
<msg timestamp="20230209 10:28:54.607" level="INFO">{'nome': 'Coisinha de Tal', 'email': 'mcyy@emailteste.com', 'password': 'coisinha', 'administrador': 'true'}</msg>
<status status="PASS" starttime="20230209 10:28:54.606" endtime="20230209 10:28:54.607"/>
</kw>
<kw name="Criar sessão na ServeRest" library="ApiTest_User_Resource">
<kw name="Create Dictionary" library="BuiltIn">
<var>${HEADERS}</var>
<arg>accept=application/json</arg>
<arg>Content-Type=application/json</arg>
<doc>Creates and returns a dictionary based on the given ``items``.</doc>
<msg timestamp="20230209 10:28:54.610" level="INFO">${HEADERS} = {'accept': 'application/json', 'Content-Type': 'application/json'}</msg>
<status status="PASS" starttime="20230209 10:28:54.609" endtime="20230209 10:28:54.610"/>
</kw>
<kw name="Create Session" library="RequestsLibrary">
<arg>alias=ServeRest</arg>
<arg>url=https://serverest.dev/</arg>
<arg>headers=${HEADERS}</arg>
<doc>Create Session: create a HTTP session to a server</doc>
<msg timestamp="20230209 10:28:54.611" level="INFO">Creating Session using : alias=ServeRest, url=https://serverest.dev/, headers={'accept': 'application/json', 'Content-Type': 'application/json'},                     cookies={}, auth=None, timeout=None, proxies=None, verify=False,                     debug=0 </msg>
<status status="PASS" starttime="20230209 10:28:54.610" endtime="20230209 10:28:54.611"/>
</kw>
<status status="PASS" starttime="20230209 10:28:54.608" endtime="20230209 10:28:54.612"/>
</kw>
<kw name="POST On Session" library="RequestsLibrary">
<var>${RESPONSE}</var>
<arg>alias=ServeRest</arg>
<arg>url=/usuarios</arg>
<arg>json=${BODY}</arg>
<doc>Sends a POST request on a previously created HTTP Session.</doc>
<msg timestamp="20230209 10:28:55.214" level="INFO">POST Request : url=https://serverest.dev/usuarios 
 path_url=/usuarios 
 headers={'User-Agent': 'python-requests/2.28.2', 'Accept-Encoding': 'gzip, deflate', 'accept': 'application/json', 'Connection': 'keep-alive', 'Content-Type': 'application/json', 'Content-Length': '108'} 
 body=b'{"nome": "Coisinha de Tal", "email": "mcyy@emailteste.com", "password": "coisinha", "administrador": "true"}' 
 </msg>
<msg timestamp="20230209 10:28:55.217" level="INFO">POST Response : url=https://serverest.dev/usuarios 
 status=201, reason=Created 
 headers={'access-control-allow-origin': '*', 'x-dns-prefetch-control': 'off', 'x-frame-options': 'SAMEORIGIN', 'strict-transport-security': 'max-age=15552000; includeSubDomains', 'x-download-options': 'noopen', 'x-content-type-options': 'nosniff', 'x-xss-protection': '1; mode=block', 'x-moesif-transaction-id': '0f3cd7cf-ea3d-4683-b966-d054486e09bd', 'content-type': 'application/json; charset=utf-8', 'X-Cloud-Trace-Context': '63cc64f675f63df8da1e9188221d96eb;o=1', 'Date': 'Thu, 09 Feb 2023 13:28:54 GMT', 'Server': 'Google Frontend', 'Content-Length': '82'} 
 body={
    "message": "Cadastro realizado com sucesso",
    "_id": "u2Qi9EHYZ1wj2MHW"
} 
 </msg>
<msg timestamp="20230209 10:28:55.218" level="INFO">C:\Users\atend\AppData\Local\Programs\Python\Python311\Lib\site-packages\urllib3\connectionpool.py:1045: InsecureRequestWarning: Unverified HTTPS request is being made to host 'serverest.dev'. Adding certificate verification is strongly advised. See: https://urllib3.readthedocs.io/en/1.26.x/advanced-usage.html#ssl-warnings
  warnings.warn(</msg>
<msg timestamp="20230209 10:28:55.219" level="INFO">${RESPONSE} = &lt;Response [201]&gt;</msg>
<status status="PASS" starttime="20230209 10:28:54.612" endtime="20230209 10:28:55.220"/>
</kw>
<kw name="Log" library="BuiltIn">
<arg>${RESPONSE.json()}</arg>
<doc>Logs the given message with the given level.</doc>
<msg timestamp="20230209 10:28:55.222" level="INFO">{'message': 'Cadastro realizado com sucesso', '_id': 'u2Qi9EHYZ1wj2MHW'}</msg>
<status status="PASS" starttime="20230209 10:28:55.221" endtime="20230209 10:28:55.222"/>
</kw>
<status status="PASS" starttime="20230209 10:28:54.603" endtime="20230209 10:28:55.222"/>
</kw>
<status status="PASS" starttime="20230209 10:28:54.594" endtime="20230209 10:28:55.223"/>
</test>
<status status="PASS" starttime="20230209 10:28:54.356" endtime="20230209 10:28:55.225"/>
</suite>
<status status="PASS" starttime="20230209 10:28:54.352" endtime="20230209 10:28:55.227"/>
</suite>
<status status="PASS" starttime="20230209 10:28:54.317" endtime="20230209 10:28:55.230"/>
</suite>
<statistics>
<total>
<stat pass="1" fail="0" skip="0">All Tests</stat>
</total>
<tag>
</tag>
<suite>
<stat pass="1" fail="0" skip="0" id="s1" name="ApiTest">ApiTest</stat>
<stat pass="1" fail="0" skip="0" id="s1-s1" name="Tests">ApiTest.Tests</stat>
<stat pass="1" fail="0" skip="0" id="s1-s1-s1" name="ApiTest User">ApiTest.Tests.ApiTest User</stat>
</suite>
</statistics>
<errors>
</errors>
</robot>
