<?xml version="1.0" encoding="UTF-8"?>
<robot generator="Robot 6.0.2 (Python 3.11.1 on win32)" generated="20230213 14:42:13.675" rpa="false" schemaversion="3">
<suite id="s1" name="Dasorte Tests" source="c:\Users\atend\Documents\robot_framework\pratice\testes\dasorte_tests.robot">
<kw name="Abrir navegador" library="dasorte_resources" type="SETUP">
<arg>https://sp.dasorte.com/</arg>
<kw name="Open Browser" library="SeleniumLibrary">
<arg>${URL}</arg>
<arg>chrome</arg>
<doc>Opens a new browser instance to the optional ``url``.</doc>
<msg timestamp="20230213 14:42:13.952" level="INFO">Opening browser 'chrome' to base url 'https://sp.dasorte.com/'.</msg>
<status status="PASS" starttime="20230213 14:42:13.951" endtime="20230213 14:42:17.346"/>
</kw>
<status status="PASS" starttime="20230213 14:42:13.951" endtime="20230213 14:42:17.347"/>
</kw>
<test id="s1-t1" name="Case 01: Testar pagina inicial" line="10">
<kw name="Verificar cookies e pop-ups da página" library="dasorte_resources">
<kw name="Pop-up Luck" library="dasorte_resources">
<kw name="Wait Until Element Is Visible" library="SeleniumLibrary">
<arg>locator=${LUCK_ELEMENT}</arg>
<doc>Waits until the element ``locator`` is visible.</doc>
<status status="PASS" starttime="20230213 14:42:17.354" endtime="20230213 14:42:20.591"/>
</kw>
<kw name="Click Element" library="SeleniumLibrary">
<arg>locator=${LUCK_ELEMENT}</arg>
<doc>Click the element identified by ``locator``.</doc>
<msg timestamp="20230213 14:42:20.592" level="INFO">Clicking element '//a[contains(.,'Agora não')]'.</msg>
<status status="PASS" starttime="20230213 14:42:20.591" endtime="20230213 14:42:20.651"/>
</kw>
<status status="PASS" starttime="20230213 14:42:17.353" endtime="20230213 14:42:20.652"/>
</kw>
<kw name="Cookies" library="dasorte_resources">
<kw name="Wait Until Element Is Visible" library="SeleniumLibrary">
<arg>locator=${COOKIE_ID}</arg>
<doc>Waits until the element ``locator`` is visible.</doc>
<status status="PASS" starttime="20230213 14:42:20.653" endtime="20230213 14:42:20.690"/>
</kw>
<kw name="Click Button" library="SeleniumLibrary">
<arg>locator=${COOKIE_BUTTON}</arg>
<doc>Clicks the button identified by ``locator``.</doc>
<msg timestamp="20230213 14:42:20.691" level="INFO">Clicking button '//button[@class='accept-button'][contains(.,'OK')]'.</msg>
<status status="PASS" starttime="20230213 14:42:20.690" endtime="20230213 14:42:20.768"/>
</kw>
<status status="PASS" starttime="20230213 14:42:20.652" endtime="20230213 14:42:20.768"/>
</kw>
<status status="PASS" starttime="20230213 14:42:17.351" endtime="20230213 14:42:20.769"/>
</kw>
<kw name="Testar os atalhos na header da pagina" library="dasorte_resources">
<kw name="Header resultados" library="dasorte_resources">
<kw name="Wait Until Element Is Visible" library="SeleniumLibrary">
<arg>locator=//a[contains(.,'Resultados')]</arg>
<doc>Waits until the element ``locator`` is visible.</doc>
<status status="PASS" starttime="20230213 14:42:20.772" endtime="20230213 14:42:20.798"/>
</kw>
<kw name="Click Element" library="SeleniumLibrary">
<arg>locator=//a[contains(.,'Resultados')]</arg>
<doc>Click the element identified by ``locator``.</doc>
<msg timestamp="20230213 14:42:20.798" level="INFO">Clicking element '//a[contains(.,'Resultados')]'.</msg>
<status status="PASS" starttime="20230213 14:42:20.798" endtime="20230213 14:42:20.971"/>
</kw>
<kw name="Wait Until Element Is Visible" library="SeleniumLibrary">
<arg>locator=//h1[@class='rp-title'][contains(.,'Resultados')]</arg>
<doc>Waits until the element ``locator`` is visible.</doc>
<status status="PASS" starttime="20230213 14:42:20.972" endtime="20230213 14:42:21.007"/>
</kw>
<status status="PASS" starttime="20230213 14:42:20.772" endtime="20230213 14:42:21.008"/>
</kw>
<kw name="Header Resgate Que Sorte" library="dasorte_resources">
<kw name="Wait Until Element Is Visible" library="SeleniumLibrary">
<arg>locator=//a[contains(.,'Resgate Que Sorte')]</arg>
<doc>Waits until the element ``locator`` is visible.</doc>
<status status="PASS" starttime="20230213 14:42:21.008" endtime="20230213 14:42:21.029"/>
</kw>
<kw name="Click Element" library="SeleniumLibrary">
<arg>locator=//a[contains(.,'Resgate Que Sorte')]</arg>
<doc>Click the element identified by ``locator``.</doc>
<msg timestamp="20230213 14:42:21.030" level="INFO">Clicking element '//a[contains(.,'Resgate Que Sorte')]'.</msg>
<status status="PASS" starttime="20230213 14:42:21.029" endtime="20230213 14:42:21.103"/>
</kw>
<kw name="Wait Until Element Is Visible" library="SeleniumLibrary">
<arg>locator=//h1[@class='rp-title show-title'][contains(.,'Resgate de cupom')]</arg>
<doc>Waits until the element ``locator`` is visible.</doc>
<status status="PASS" starttime="20230213 14:42:21.103" endtime="20230213 14:42:21.129"/>
</kw>
<status status="PASS" starttime="20230213 14:42:21.008" endtime="20230213 14:42:21.130"/>
</kw>
<kw name="Header Seja um revendedor" library="dasorte_resources">
<kw name="Wait Until Element Is Visible" library="SeleniumLibrary">
<arg>locator=//a[contains(.,'Seja um revendedor')]</arg>
<doc>Waits until the element ``locator`` is visible.</doc>
<status status="PASS" starttime="20230213 14:42:21.130" endtime="20230213 14:42:21.153"/>
</kw>
<kw name="Click Element" library="SeleniumLibrary">
<arg>locator=//a[contains(.,'Seja um revendedor')]</arg>
<doc>Click the element identified by ``locator``.</doc>
<msg timestamp="20230213 14:42:21.154" level="INFO">Clicking element '//a[contains(.,'Seja um revendedor')]'.</msg>
<status status="PASS" starttime="20230213 14:42:21.154" endtime="20230213 14:42:21.241"/>
</kw>
<kw name="Wait Until Element Is Visible" library="SeleniumLibrary">
<arg>locator=//h1[@class='rp-title show-title'][contains(.,'Seja um revendedor')]</arg>
<doc>Waits until the element ``locator`` is visible.</doc>
<status status="PASS" starttime="20230213 14:42:21.241" endtime="20230213 14:42:21.266"/>
</kw>
<status status="PASS" starttime="20230213 14:42:21.130" endtime="20230213 14:42:21.267"/>
</kw>
<kw name="Header Sobre" library="dasorte_resources">
<kw name="Wait Until Element Is Visible" library="SeleniumLibrary">
<arg>locator=//a[contains(@class,'mat-menu-trigger rp-pointer')]</arg>
<doc>Waits until the element ``locator`` is visible.</doc>
<status status="PASS" starttime="20230213 14:42:21.269" endtime="20230213 14:42:21.293"/>
</kw>
<kw name="Click Element" library="SeleniumLibrary">
<arg>locator=//a[contains(@class,'mat-menu-trigger rp-pointer')]</arg>
<doc>Click the element identified by ``locator``.</doc>
<msg timestamp="20230213 14:42:21.294" level="INFO">Clicking element '//a[contains(@class,'mat-menu-trigger rp-pointer')]'.</msg>
<status status="PASS" starttime="20230213 14:42:21.294" endtime="20230213 14:42:21.346"/>
</kw>
<kw name="Click Element" library="SeleniumLibrary">
<arg>locator=//button[contains(.,'Quem somos')]</arg>
<doc>Click the element identified by ``locator``.</doc>
<msg timestamp="20230213 14:42:21.347" level="INFO">Clicking element '//button[contains(.,'Quem somos')]'.</msg>
<status status="PASS" starttime="20230213 14:42:21.346" endtime="20230213 14:42:21.543"/>
</kw>
<kw name="Wait Until Element Is Visible" library="SeleniumLibrary">
<arg>locator=//h1[@class='rp-title show-title'][contains(.,'Quem somos')]</arg>
<doc>Waits until the element ``locator`` is visible.</doc>
<status status="PASS" starttime="20230213 14:42:21.543" endtime="20230213 14:42:21.575"/>
</kw>
<kw name="Click Element" library="SeleniumLibrary">
<arg>locator=//a[contains(@class,'mat-menu-trigger rp-pointer')]</arg>
<doc>Click the element identified by ``locator``.</doc>
<msg timestamp="20230213 14:42:21.576" level="INFO">Clicking element '//a[contains(@class,'mat-menu-trigger rp-pointer')]'.</msg>
<status status="PASS" starttime="20230213 14:42:21.576" endtime="20230213 14:42:21.619"/>
</kw>
<kw name="Click Button" library="SeleniumLibrary">
<arg>locator=//button[contains(.,'Normas')]</arg>
<doc>Clicks the button identified by ``locator``.</doc>
<msg timestamp="20230213 14:42:21.619" level="INFO">Clicking button '//button[contains(.,'Normas')]'.</msg>
<status status="PASS" starttime="20230213 14:42:21.619" endtime="20230213 14:42:21.835"/>
</kw>
<kw name="Wait Until Element Is Visible" library="SeleniumLibrary">
<arg>locator=//h1[@class='rp-title show-title'][contains(.,'Normas')]</arg>
<doc>Waits until the element ``locator`` is visible.</doc>
<status status="PASS" starttime="20230213 14:42:21.835" endtime="20230213 14:42:21.862"/>
</kw>
<status status="PASS" starttime="20230213 14:42:21.267" endtime="20230213 14:42:21.862"/>
</kw>
<kw name="Header Ajuda" library="dasorte_resources">
<kw name="Wait Until Element Is Visible" library="SeleniumLibrary">
<arg>locator=//a[contains(.,'Ajuda')]</arg>
<doc>Waits until the element ``locator`` is visible.</doc>
<status status="PASS" starttime="20230213 14:42:21.863" endtime="20230213 14:42:21.922"/>
</kw>
<kw name="Click Element" library="SeleniumLibrary">
<arg>locator=//a[contains(.,'Ajuda')]</arg>
<doc>Click the element identified by ``locator``.</doc>
<msg timestamp="20230213 14:42:21.922" level="INFO">Clicking element '//a[contains(.,'Ajuda')]'.</msg>
<status status="PASS" starttime="20230213 14:42:21.922" endtime="20230213 14:42:22.014"/>
</kw>
<kw name="Wait Until Element Is Visible" library="SeleniumLibrary">
<arg>locator=//h1[contains(.,'Ajuda')]</arg>
<doc>Waits until the element ``locator`` is visible.</doc>
<status status="PASS" starttime="20230213 14:42:22.014" endtime="20230213 14:42:22.058"/>
</kw>
<status status="PASS" starttime="20230213 14:42:21.863" endtime="20230213 14:42:22.058"/>
</kw>
<kw name="Header Contato" library="dasorte_resources">
<kw name="Wait Until Element Is Visible" library="SeleniumLibrary">
<arg>locator=//a[contains(.,'Contato')]</arg>
<doc>Waits until the element ``locator`` is visible.</doc>
<status status="PASS" starttime="20230213 14:42:22.058" endtime="20230213 14:42:22.079"/>
</kw>
<kw name="Click Element" library="SeleniumLibrary">
<arg>locator=//a[contains(.,'Contato')]</arg>
<doc>Click the element identified by ``locator``.</doc>
<msg timestamp="20230213 14:42:22.079" level="INFO">Clicking element '//a[contains(.,'Contato')]'.</msg>
<status status="PASS" starttime="20230213 14:42:22.079" endtime="20230213 14:42:22.210"/>
</kw>
<kw name="Wait Until Element Is Visible" library="SeleniumLibrary">
<arg>locator=//h1[contains(.,'Contato')]</arg>
<doc>Waits until the element ``locator`` is visible.</doc>
<status status="PASS" starttime="20230213 14:42:22.210" endtime="20230213 14:42:22.396"/>
</kw>
<status status="PASS" starttime="20230213 14:42:22.058" endtime="20230213 14:42:22.396"/>
</kw>
<status status="PASS" starttime="20230213 14:42:20.770" endtime="20230213 14:42:22.396"/>
</kw>
<tag>atalhos</tag>
<status status="PASS" starttime="20230213 14:42:17.347" endtime="20230213 14:42:22.397"/>
</test>
<kw name="Fechar navegador" library="dasorte_resources" type="TEARDOWN">
<kw name="Close Browser" library="SeleniumLibrary">
<doc>Closes the current browser.</doc>
<status status="PASS" starttime="20230213 14:42:22.401" endtime="20230213 14:42:24.678"/>
</kw>
<status status="PASS" starttime="20230213 14:42:22.400" endtime="20230213 14:42:24.678"/>
</kw>
<doc>Suite de testes do site São Paulo dá Sorte</doc>
<status status="PASS" starttime="20230213 14:42:13.682" endtime="20230213 14:42:24.679"/>
</suite>
<statistics>
<total>
<stat pass="1" fail="0" skip="0">All Tests</stat>
</total>
<tag>
<stat pass="1" fail="0" skip="0">atalhos</stat>
</tag>
<suite>
<stat pass="1" fail="0" skip="0" id="s1" name="Dasorte Tests">Dasorte Tests</stat>
</suite>
</statistics>
<errors>
</errors>
</robot>
