<?xml version="1.0" encoding="UTF-8"?>
<robot generator="Robot 6.0.2 (Python 3.11.1 on win32)" generated="20230210 07:57:57.318" rpa="false" schemaversion="3">
<suite id="s1" name="Esperas" source="C:\Users\atend\Documents\robot_framework\esperas.robot">
<test id="s1-t1" name="Exemplo 01: Teste lidando com o timeout do teste" line="8">
<kw name="Simular espera do teste">
<arg>2s</arg>
<kw name="Sleep" library="BuiltIn">
<arg>${TEMPO}</arg>
<doc>Pauses the test executed for the given time.</doc>
<msg timestamp="20230210 07:57:58.356" level="FAIL">Test timeout 1 second exceeded.</msg>
<status status="FAIL" starttime="20230210 07:57:57.346" endtime="20230210 07:57:58.356"/>
</kw>
<status status="FAIL" starttime="20230210 07:57:57.346" endtime="20230210 07:57:58.356"/>
</kw>
<kw name="Teardown do meu teste" type="TEARDOWN">
<kw name="Run Keyword If Timeout Occurred" library="BuiltIn">
<arg>Log</arg>
<arg>Esse teste demorou demais, possível problema de performance!</arg>
<doc>Runs the given keyword if either a test or a keyword timeout has occurred.</doc>
<kw name="Log" library="BuiltIn">
<arg>Esse teste demorou demais, possível problema de performance!</arg>
<doc>Logs the given message with the given level.</doc>
<msg timestamp="20230210 07:57:58.360" level="INFO">Esse teste demorou demais, possível problema de performance!</msg>
<status status="PASS" starttime="20230210 07:57:58.359" endtime="20230210 07:57:58.360"/>
</kw>
<status status="PASS" starttime="20230210 07:57:58.357" endtime="20230210 07:57:58.360"/>
</kw>
<status status="PASS" starttime="20230210 07:57:58.357" endtime="20230210 07:57:58.360"/>
</kw>
<timeout value="1 second"/>
<status status="FAIL" starttime="20230210 07:57:57.345" endtime="20230210 07:57:58.360">Test timeout 1 second exceeded.</status>
</test>
<test id="s1-t2" name="Exemplo 02: Teste de espera" line="12">
<kw name="Esperar uma keyword obter sucesso!">
<kw name="Wait Until Keyword Succeeds" library="BuiltIn">
<arg>60x</arg>
<arg>1 seconds</arg>
<arg>Essa keyword só passa se estivermos no segundo 15!</arg>
<doc>Runs the specified keyword and retries if it fails.</doc>
<kw name="Essa keyword só passa se estivermos no segundo 15!">
<kw name="Get Current Date" library="DateTime">
<var>${HORA_ATUAL}</var>
<doc>Returns current local or UTC time with an optional increment.</doc>
<msg timestamp="20230210 07:57:58.367" level="INFO">${HORA_ATUAL} = 2023-02-10 07:57:58.367</msg>
<status status="PASS" starttime="20230210 07:57:58.365" endtime="20230210 07:57:58.367"/>
</kw>
<kw name="Convert Date" library="DateTime">
<var>${HORA_ATUAL}</var>
<arg>${HORA_ATUAL}</arg>
<arg>datetime</arg>
<doc>Converts between supported `date formats`.</doc>
<msg timestamp="20230210 07:57:58.372" level="INFO">${HORA_ATUAL} = 2023-02-10 07:57:58.367000</msg>
<status status="PASS" starttime="20230210 07:57:58.367" endtime="20230210 07:57:58.372"/>
</kw>
<kw name="Log" library="BuiltIn">
<arg>Hora atual: ${HORA_ATUAL.hour}\nMinuto atual: ${HORA_ATUAL.minute}\nSegundo atual: ${HORA_ATUAL.second}</arg>
<doc>Logs the given message with the given level.</doc>
<msg timestamp="20230210 07:57:58.374" level="INFO">Hora atual: 7
Minuto atual: 57
Segundo atual: 58</msg>
<status status="PASS" starttime="20230210 07:57:58.373" endtime="20230210 07:57:58.374"/>
</kw>
<kw name="Run Keyword If" library="BuiltIn">
<arg>"${HORA_ATUAL.second}"!="15"</arg>
<arg>Fail</arg>
<arg>msg=Ainda não estamos no segundo 15!!</arg>
<doc>Runs the given keyword with the given arguments, if ``condition`` is true.</doc>
<kw name="Fail" library="BuiltIn">
<arg>msg=Ainda não estamos no segundo 15!!</arg>
<doc>Fails the test with the given message and optionally alters its tags.</doc>
<msg timestamp="20230210 07:57:58.376" level="FAIL">Ainda não estamos no segundo 15!!</msg>
<status status="FAIL" starttime="20230210 07:57:58.375" endtime="20230210 07:57:58.376"/>
</kw>
<status status="FAIL" starttime="20230210 07:57:58.374" endtime="20230210 07:57:58.376"/>
</kw>
<status status="FAIL" starttime="20230210 07:57:58.365" endtime="20230210 07:57:58.376"/>
</kw>
<kw name="Essa keyword só passa se estivermos no segundo 15!">
<kw name="Get Current Date" library="DateTime">
<var>${HORA_ATUAL}</var>
<doc>Returns current local or UTC time with an optional increment.</doc>
<msg timestamp="20230210 07:57:59.377" level="INFO">${HORA_ATUAL} = 2023-02-10 07:57:59.377</msg>
<status status="PASS" starttime="20230210 07:57:59.376" endtime="20230210 07:57:59.377"/>
</kw>
<kw name="Convert Date" library="DateTime">
<var>${HORA_ATUAL}</var>
<arg>${HORA_ATUAL}</arg>
<arg>datetime</arg>
<doc>Converts between supported `date formats`.</doc>
<msg timestamp="20230210 07:57:59.378" level="INFO">${HORA_ATUAL} = 2023-02-10 07:57:59.377000</msg>
<status status="PASS" starttime="20230210 07:57:59.377" endtime="20230210 07:57:59.378"/>
</kw>
<kw name="Log" library="BuiltIn">
<arg>Hora atual: ${HORA_ATUAL.hour}\nMinuto atual: ${HORA_ATUAL.minute}\nSegundo atual: ${HORA_ATUAL.second}</arg>
<doc>Logs the given message with the given level.</doc>
<msg timestamp="20230210 07:57:59.379" level="INFO">Hora atual: 7
Minuto atual: 57
Segundo atual: 59</msg>
<status status="PASS" starttime="20230210 07:57:59.378" endtime="20230210 07:57:59.380"/>
</kw>
<kw name="Run Keyword If" library="BuiltIn">
<arg>"${HORA_ATUAL.second}"!="15"</arg>
<arg>Fail</arg>
<arg>msg=Ainda não estamos no segundo 15!!</arg>
<doc>Runs the given keyword with the given arguments, if ``condition`` is true.</doc>
<kw name="Fail" library="BuiltIn">
<arg>msg=Ainda não estamos no segundo 15!!</arg>
<doc>Fails the test with the given message and optionally alters its tags.</doc>
<msg timestamp="20230210 07:57:59.382" level="FAIL">Ainda não estamos no segundo 15!!</msg>
<status status="FAIL" starttime="20230210 07:57:59.381" endtime="20230210 07:57:59.382"/>
</kw>
<status status="FAIL" starttime="20230210 07:57:59.380" endtime="20230210 07:57:59.382"/>
</kw>
<status status="FAIL" starttime="20230210 07:57:59.376" endtime="20230210 07:57:59.382"/>
</kw>
<kw name="Essa keyword só passa se estivermos no segundo 15!">
<kw name="Get Current Date" library="DateTime">
<var>${HORA_ATUAL}</var>
<doc>Returns current local or UTC time with an optional increment.</doc>
<msg timestamp="20230210 07:58:00.385" level="INFO">${HORA_ATUAL} = 2023-02-10 07:58:00.384</msg>
<status status="PASS" starttime="20230210 07:58:00.384" endtime="20230210 07:58:00.385"/>
</kw>
<kw name="Convert Date" library="DateTime">
<var>${HORA_ATUAL}</var>
<arg>${HORA_ATUAL}</arg>
<arg>datetime</arg>
<doc>Converts between supported `date formats`.</doc>
<msg timestamp="20230210 07:58:00.386" level="INFO">${HORA_ATUAL} = 2023-02-10 07:58:00.384000</msg>
<status status="PASS" starttime="20230210 07:58:00.385" endtime="20230210 07:58:00.386"/>
</kw>
<kw name="Log" library="BuiltIn">
<arg>Hora atual: ${HORA_ATUAL.hour}\nMinuto atual: ${HORA_ATUAL.minute}\nSegundo atual: ${HORA_ATUAL.second}</arg>
<doc>Logs the given message with the given level.</doc>
<msg timestamp="20230210 07:58:00.388" level="INFO">Hora atual: 7
Minuto atual: 58
Segundo atual: 0</msg>
<status status="PASS" starttime="20230210 07:58:00.386" endtime="20230210 07:58:00.388"/>
</kw>
<kw name="Run Keyword If" library="BuiltIn">
<arg>"${HORA_ATUAL.second}"!="15"</arg>
<arg>Fail</arg>
<arg>msg=Ainda não estamos no segundo 15!!</arg>
<doc>Runs the given keyword with the given arguments, if ``condition`` is true.</doc>
<kw name="Fail" library="BuiltIn">
<arg>msg=Ainda não estamos no segundo 15!!</arg>
<doc>Fails the test with the given message and optionally alters its tags.</doc>
<msg timestamp="20230210 07:58:00.389" level="FAIL">Ainda não estamos no segundo 15!!</msg>
<status status="FAIL" starttime="20230210 07:58:00.388" endtime="20230210 07:58:00.389"/>
</kw>
<status status="FAIL" starttime="20230210 07:58:00.388" endtime="20230210 07:58:00.389"/>
</kw>
<status status="FAIL" starttime="20230210 07:58:00.383" endtime="20230210 07:58:00.390"/>
</kw>
<kw name="Essa keyword só passa se estivermos no segundo 15!">
<kw name="Get Current Date" library="DateTime">
<var>${HORA_ATUAL}</var>
<doc>Returns current local or UTC time with an optional increment.</doc>
<msg timestamp="20230210 07:58:01.392" level="INFO">${HORA_ATUAL} = 2023-02-10 07:58:01.392</msg>
<status status="PASS" starttime="20230210 07:58:01.391" endtime="20230210 07:58:01.392"/>
</kw>
<kw name="Convert Date" library="DateTime">
<var>${HORA_ATUAL}</var>
<arg>${HORA_ATUAL}</arg>
<arg>datetime</arg>
<doc>Converts between supported `date formats`.</doc>
<msg timestamp="20230210 07:58:01.393" level="INFO">${HORA_ATUAL} = 2023-02-10 07:58:01.392000</msg>
<status status="PASS" starttime="20230210 07:58:01.392" endtime="20230210 07:58:01.393"/>
</kw>
<kw name="Log" library="BuiltIn">
<arg>Hora atual: ${HORA_ATUAL.hour}\nMinuto atual: ${HORA_ATUAL.minute}\nSegundo atual: ${HORA_ATUAL.second}</arg>
<doc>Logs the given message with the given level.</doc>
<msg timestamp="20230210 07:58:01.394" level="INFO">Hora atual: 7
Minuto atual: 58
Segundo atual: 1</msg>
<status status="PASS" starttime="20230210 07:58:01.393" endtime="20230210 07:58:01.394"/>
</kw>
<kw name="Run Keyword If" library="BuiltIn">
<arg>"${HORA_ATUAL.second}"!="15"</arg>
<arg>Fail</arg>
<arg>msg=Ainda não estamos no segundo 15!!</arg>
<doc>Runs the given keyword with the given arguments, if ``condition`` is true.</doc>
<kw name="Fail" library="BuiltIn">
<arg>msg=Ainda não estamos no segundo 15!!</arg>
<doc>Fails the test with the given message and optionally alters its tags.</doc>
<msg timestamp="20230210 07:58:01.395" level="FAIL">Ainda não estamos no segundo 15!!</msg>
<status status="FAIL" starttime="20230210 07:58:01.395" endtime="20230210 07:58:01.395"/>
</kw>
<status status="FAIL" starttime="20230210 07:58:01.394" endtime="20230210 07:58:01.396"/>
</kw>
<status status="FAIL" starttime="20230210 07:58:01.391" endtime="20230210 07:58:01.396"/>
</kw>
<kw name="Essa keyword só passa se estivermos no segundo 15!">
<kw name="Get Current Date" library="DateTime">
<var>${HORA_ATUAL}</var>
<doc>Returns current local or UTC time with an optional increment.</doc>
<msg timestamp="20230210 07:58:02.397" level="INFO">${HORA_ATUAL} = 2023-02-10 07:58:02.397</msg>
<status status="PASS" starttime="20230210 07:58:02.396" endtime="20230210 07:58:02.397"/>
</kw>
<kw name="Convert Date" library="DateTime">
<var>${HORA_ATUAL}</var>
<arg>${HORA_ATUAL}</arg>
<arg>datetime</arg>
<doc>Converts between supported `date formats`.</doc>
<msg timestamp="20230210 07:58:02.398" level="INFO">${HORA_ATUAL} = 2023-02-10 07:58:02.397000</msg>
<status status="PASS" starttime="20230210 07:58:02.397" endtime="20230210 07:58:02.398"/>
</kw>
<kw name="Log" library="BuiltIn">
<arg>Hora atual: ${HORA_ATUAL.hour}\nMinuto atual: ${HORA_ATUAL.minute}\nSegundo atual: ${HORA_ATUAL.second}</arg>
<doc>Logs the given message with the given level.</doc>
<msg timestamp="20230210 07:58:02.400" level="INFO">Hora atual: 7
Minuto atual: 58
Segundo atual: 2</msg>
<status status="PASS" starttime="20230210 07:58:02.398" endtime="20230210 07:58:02.400"/>
</kw>
<kw name="Run Keyword If" library="BuiltIn">
<arg>"${HORA_ATUAL.second}"!="15"</arg>
<arg>Fail</arg>
<arg>msg=Ainda não estamos no segundo 15!!</arg>
<doc>Runs the given keyword with the given arguments, if ``condition`` is true.</doc>
<kw name="Fail" library="BuiltIn">
<arg>msg=Ainda não estamos no segundo 15!!</arg>
<doc>Fails the test with the given message and optionally alters its tags.</doc>
<msg timestamp="20230210 07:58:02.401" level="FAIL">Ainda não estamos no segundo 15!!</msg>
<status status="FAIL" starttime="20230210 07:58:02.401" endtime="20230210 07:58:02.401"/>
</kw>
<status status="FAIL" starttime="20230210 07:58:02.400" endtime="20230210 07:58:02.402"/>
</kw>
<status status="FAIL" starttime="20230210 07:58:02.396" endtime="20230210 07:58:02.402"/>
</kw>
<kw name="Essa keyword só passa se estivermos no segundo 15!">
<kw name="Get Current Date" library="DateTime">
<var>${HORA_ATUAL}</var>
<doc>Returns current local or UTC time with an optional increment.</doc>
<msg timestamp="20230210 07:58:03.404" level="INFO">${HORA_ATUAL} = 2023-02-10 07:58:03.404</msg>
<status status="PASS" starttime="20230210 07:58:03.404" endtime="20230210 07:58:03.404"/>
</kw>
<kw name="Convert Date" library="DateTime">
<var>${HORA_ATUAL}</var>
<arg>${HORA_ATUAL}</arg>
<arg>datetime</arg>
<doc>Converts between supported `date formats`.</doc>
<msg timestamp="20230210 07:58:03.405" level="INFO">${HORA_ATUAL} = 2023-02-10 07:58:03.404000</msg>
<status status="PASS" starttime="20230210 07:58:03.404" endtime="20230210 07:58:03.405"/>
</kw>
<kw name="Log" library="BuiltIn">
<arg>Hora atual: ${HORA_ATUAL.hour}\nMinuto atual: ${HORA_ATUAL.minute}\nSegundo atual: ${HORA_ATUAL.second}</arg>
<doc>Logs the given message with the given level.</doc>
<msg timestamp="20230210 07:58:03.406" level="INFO">Hora atual: 7
Minuto atual: 58
Segundo atual: 3</msg>
<status status="PASS" starttime="20230210 07:58:03.405" endtime="20230210 07:58:03.406"/>
</kw>
<kw name="Run Keyword If" library="BuiltIn">
<arg>"${HORA_ATUAL.second}"!="15"</arg>
<arg>Fail</arg>
<arg>msg=Ainda não estamos no segundo 15!!</arg>
<doc>Runs the given keyword with the given arguments, if ``condition`` is true.</doc>
<kw name="Fail" library="BuiltIn">
<arg>msg=Ainda não estamos no segundo 15!!</arg>
<doc>Fails the test with the given message and optionally alters its tags.</doc>
<msg timestamp="20230210 07:58:03.408" level="FAIL">Ainda não estamos no segundo 15!!</msg>
<status status="FAIL" starttime="20230210 07:58:03.407" endtime="20230210 07:58:03.408"/>
</kw>
<status status="FAIL" starttime="20230210 07:58:03.406" endtime="20230210 07:58:03.408"/>
</kw>
<status status="FAIL" starttime="20230210 07:58:03.403" endtime="20230210 07:58:03.408"/>
</kw>
<kw name="Essa keyword só passa se estivermos no segundo 15!">
<kw name="Get Current Date" library="DateTime">
<var>${HORA_ATUAL}</var>
<doc>Returns current local or UTC time with an optional increment.</doc>
<msg timestamp="20230210 07:58:04.410" level="INFO">${HORA_ATUAL} = 2023-02-10 07:58:04.410</msg>
<status status="PASS" starttime="20230210 07:58:04.409" endtime="20230210 07:58:04.410"/>
</kw>
<kw name="Convert Date" library="DateTime">
<var>${HORA_ATUAL}</var>
<arg>${HORA_ATUAL}</arg>
<arg>datetime</arg>
<doc>Converts between supported `date formats`.</doc>
<msg timestamp="20230210 07:58:04.411" level="INFO">${HORA_ATUAL} = 2023-02-10 07:58:04.410000</msg>
<status status="PASS" starttime="20230210 07:58:04.410" endtime="20230210 07:58:04.411"/>
</kw>
<kw name="Log" library="BuiltIn">
<arg>Hora atual: ${HORA_ATUAL.hour}\nMinuto atual: ${HORA_ATUAL.minute}\nSegundo atual: ${HORA_ATUAL.second}</arg>
<doc>Logs the given message with the given level.</doc>
<msg timestamp="20230210 07:58:04.415" level="INFO">Hora atual: 7
Minuto atual: 58
Segundo atual: 4</msg>
<status status="PASS" starttime="20230210 07:58:04.411" endtime="20230210 07:58:04.415"/>
</kw>
<kw name="Run Keyword If" library="BuiltIn">
<arg>"${HORA_ATUAL.second}"!="15"</arg>
<arg>Fail</arg>
<arg>msg=Ainda não estamos no segundo 15!!</arg>
<doc>Runs the given keyword with the given arguments, if ``condition`` is true.</doc>
<kw name="Fail" library="BuiltIn">
<arg>msg=Ainda não estamos no segundo 15!!</arg>
<doc>Fails the test with the given message and optionally alters its tags.</doc>
<msg timestamp="20230210 07:58:04.417" level="FAIL">Ainda não estamos no segundo 15!!</msg>
<status status="FAIL" starttime="20230210 07:58:04.416" endtime="20230210 07:58:04.417"/>
</kw>
<status status="FAIL" starttime="20230210 07:58:04.415" endtime="20230210 07:58:04.417"/>
</kw>
<status status="FAIL" starttime="20230210 07:58:04.409" endtime="20230210 07:58:04.417"/>
</kw>
<kw name="Essa keyword só passa se estivermos no segundo 15!">
<kw name="Get Current Date" library="DateTime">
<var>${HORA_ATUAL}</var>
<doc>Returns current local or UTC time with an optional increment.</doc>
<msg timestamp="20230210 07:58:05.419" level="INFO">${HORA_ATUAL} = 2023-02-10 07:58:05.419</msg>
<status status="PASS" starttime="20230210 07:58:05.418" endtime="20230210 07:58:05.419"/>
</kw>
<kw name="Convert Date" library="DateTime">
<var>${HORA_ATUAL}</var>
<arg>${HORA_ATUAL}</arg>
<arg>datetime</arg>
<doc>Converts between supported `date formats`.</doc>
<msg timestamp="20230210 07:58:05.421" level="INFO">${HORA_ATUAL} = 2023-02-10 07:58:05.419000</msg>
<status status="PASS" starttime="20230210 07:58:05.420" endtime="20230210 07:58:05.421"/>
</kw>
<kw name="Log" library="BuiltIn">
<arg>Hora atual: ${HORA_ATUAL.hour}\nMinuto atual: ${HORA_ATUAL.minute}\nSegundo atual: ${HORA_ATUAL.second}</arg>
<doc>Logs the given message with the given level.</doc>
<msg timestamp="20230210 07:58:05.423" level="INFO">Hora atual: 7
Minuto atual: 58
Segundo atual: 5</msg>
<status status="PASS" starttime="20230210 07:58:05.421" endtime="20230210 07:58:05.423"/>
</kw>
<kw name="Run Keyword If" library="BuiltIn">
<arg>"${HORA_ATUAL.second}"!="15"</arg>
<arg>Fail</arg>
<arg>msg=Ainda não estamos no segundo 15!!</arg>
<doc>Runs the given keyword with the given arguments, if ``condition`` is true.</doc>
<kw name="Fail" library="BuiltIn">
<arg>msg=Ainda não estamos no segundo 15!!</arg>
<doc>Fails the test with the given message and optionally alters its tags.</doc>
<msg timestamp="20230210 07:58:05.425" level="FAIL">Ainda não estamos no segundo 15!!</msg>
<status status="FAIL" starttime="20230210 07:58:05.424" endtime="20230210 07:58:05.426"/>
</kw>
<status status="FAIL" starttime="20230210 07:58:05.423" endtime="20230210 07:58:05.426"/>
</kw>
<status status="FAIL" starttime="20230210 07:58:05.418" endtime="20230210 07:58:05.426"/>
</kw>
<kw name="Essa keyword só passa se estivermos no segundo 15!">
<kw name="Get Current Date" library="DateTime">
<var>${HORA_ATUAL}</var>
<doc>Returns current local or UTC time with an optional increment.</doc>
<msg timestamp="20230210 07:58:06.428" level="INFO">${HORA_ATUAL} = 2023-02-10 07:58:06.428</msg>
<status status="PASS" starttime="20230210 07:58:06.427" endtime="20230210 07:58:06.428"/>
</kw>
<kw name="Convert Date" library="DateTime">
<var>${HORA_ATUAL}</var>
<arg>${HORA_ATUAL}</arg>
<arg>datetime</arg>
<doc>Converts between supported `date formats`.</doc>
<msg timestamp="20230210 07:58:06.429" level="INFO">${HORA_ATUAL} = 2023-02-10 07:58:06.428000</msg>
<status status="PASS" starttime="20230210 07:58:06.428" endtime="20230210 07:58:06.429"/>
</kw>
<kw name="Log" library="BuiltIn">
<arg>Hora atual: ${HORA_ATUAL.hour}\nMinuto atual: ${HORA_ATUAL.minute}\nSegundo atual: ${HORA_ATUAL.second}</arg>
<doc>Logs the given message with the given level.</doc>
<msg timestamp="20230210 07:58:06.432" level="INFO">Hora atual: 7
Minuto atual: 58
Segundo atual: 6</msg>
<status status="PASS" starttime="20230210 07:58:06.430" endtime="20230210 07:58:06.432"/>
</kw>
<kw name="Run Keyword If" library="BuiltIn">
<arg>"${HORA_ATUAL.second}"!="15"</arg>
<arg>Fail</arg>
<arg>msg=Ainda não estamos no segundo 15!!</arg>
<doc>Runs the given keyword with the given arguments, if ``condition`` is true.</doc>
<kw name="Fail" library="BuiltIn">
<arg>msg=Ainda não estamos no segundo 15!!</arg>
<doc>Fails the test with the given message and optionally alters its tags.</doc>
<msg timestamp="20230210 07:58:06.433" level="FAIL">Ainda não estamos no segundo 15!!</msg>
<status status="FAIL" starttime="20230210 07:58:06.432" endtime="20230210 07:58:06.433"/>
</kw>
<status status="FAIL" starttime="20230210 07:58:06.432" endtime="20230210 07:58:06.433"/>
</kw>
<status status="FAIL" starttime="20230210 07:58:06.427" endtime="20230210 07:58:06.433"/>
</kw>
<kw name="Essa keyword só passa se estivermos no segundo 15!">
<kw name="Get Current Date" library="DateTime">
<var>${HORA_ATUAL}</var>
<doc>Returns current local or UTC time with an optional increment.</doc>
<msg timestamp="20230210 07:58:07.434" level="INFO">${HORA_ATUAL} = 2023-02-10 07:58:07.434</msg>
<status status="PASS" starttime="20230210 07:58:07.434" endtime="20230210 07:58:07.434"/>
</kw>
<kw name="Convert Date" library="DateTime">
<var>${HORA_ATUAL}</var>
<arg>${HORA_ATUAL}</arg>
<arg>datetime</arg>
<doc>Converts between supported `date formats`.</doc>
<msg timestamp="20230210 07:58:07.435" level="INFO">${HORA_ATUAL} = 2023-02-10 07:58:07.434000</msg>
<status status="PASS" starttime="20230210 07:58:07.434" endtime="20230210 07:58:07.435"/>
</kw>
<kw name="Log" library="BuiltIn">
<arg>Hora atual: ${HORA_ATUAL.hour}\nMinuto atual: ${HORA_ATUAL.minute}\nSegundo atual: ${HORA_ATUAL.second}</arg>
<doc>Logs the given message with the given level.</doc>
<msg timestamp="20230210 07:58:07.436" level="INFO">Hora atual: 7
Minuto atual: 58
Segundo atual: 7</msg>
<status status="PASS" starttime="20230210 07:58:07.435" endtime="20230210 07:58:07.436"/>
</kw>
<kw name="Run Keyword If" library="BuiltIn">
<arg>"${HORA_ATUAL.second}"!="15"</arg>
<arg>Fail</arg>
<arg>msg=Ainda não estamos no segundo 15!!</arg>
<doc>Runs the given keyword with the given arguments, if ``condition`` is true.</doc>
<kw name="Fail" library="BuiltIn">
<arg>msg=Ainda não estamos no segundo 15!!</arg>
<doc>Fails the test with the given message and optionally alters its tags.</doc>
<msg timestamp="20230210 07:58:07.438" level="FAIL">Ainda não estamos no segundo 15!!</msg>
<status status="FAIL" starttime="20230210 07:58:07.437" endtime="20230210 07:58:07.438"/>
</kw>
<status status="FAIL" starttime="20230210 07:58:07.437" endtime="20230210 07:58:07.438"/>
</kw>
<status status="FAIL" starttime="20230210 07:58:07.434" endtime="20230210 07:58:07.438"/>
</kw>
<kw name="Essa keyword só passa se estivermos no segundo 15!">
<kw name="Get Current Date" library="DateTime">
<var>${HORA_ATUAL}</var>
<doc>Returns current local or UTC time with an optional increment.</doc>
<msg timestamp="20230210 07:58:08.439" level="INFO">${HORA_ATUAL} = 2023-02-10 07:58:08.439</msg>
<status status="PASS" starttime="20230210 07:58:08.438" endtime="20230210 07:58:08.439"/>
</kw>
<kw name="Convert Date" library="DateTime">
<var>${HORA_ATUAL}</var>
<arg>${HORA_ATUAL}</arg>
<arg>datetime</arg>
<doc>Converts between supported `date formats`.</doc>
<msg timestamp="20230210 07:58:08.440" level="INFO">${HORA_ATUAL} = 2023-02-10 07:58:08.439000</msg>
<status status="PASS" starttime="20230210 07:58:08.439" endtime="20230210 07:58:08.440"/>
</kw>
<kw name="Log" library="BuiltIn">
<arg>Hora atual: ${HORA_ATUAL.hour}\nMinuto atual: ${HORA_ATUAL.minute}\nSegundo atual: ${HORA_ATUAL.second}</arg>
<doc>Logs the given message with the given level.</doc>
<msg timestamp="20230210 07:58:08.442" level="INFO">Hora atual: 7
Minuto atual: 58
Segundo atual: 8</msg>
<status status="PASS" starttime="20230210 07:58:08.440" endtime="20230210 07:58:08.442"/>
</kw>
<kw name="Run Keyword If" library="BuiltIn">
<arg>"${HORA_ATUAL.second}"!="15"</arg>
<arg>Fail</arg>
<arg>msg=Ainda não estamos no segundo 15!!</arg>
<doc>Runs the given keyword with the given arguments, if ``condition`` is true.</doc>
<kw name="Fail" library="BuiltIn">
<arg>msg=Ainda não estamos no segundo 15!!</arg>
<doc>Fails the test with the given message and optionally alters its tags.</doc>
<msg timestamp="20230210 07:58:08.443" level="FAIL">Ainda não estamos no segundo 15!!</msg>
<status status="FAIL" starttime="20230210 07:58:08.442" endtime="20230210 07:58:08.443"/>
</kw>
<status status="FAIL" starttime="20230210 07:58:08.442" endtime="20230210 07:58:08.443"/>
</kw>
<status status="FAIL" starttime="20230210 07:58:08.438" endtime="20230210 07:58:08.443"/>
</kw>
<kw name="Essa keyword só passa se estivermos no segundo 15!">
<kw name="Get Current Date" library="DateTime">
<var>${HORA_ATUAL}</var>
<doc>Returns current local or UTC time with an optional increment.</doc>
<msg timestamp="20230210 07:58:09.444" level="INFO">${HORA_ATUAL} = 2023-02-10 07:58:09.444</msg>
<status status="PASS" starttime="20230210 07:58:09.443" endtime="20230210 07:58:09.444"/>
</kw>
<kw name="Convert Date" library="DateTime">
<var>${HORA_ATUAL}</var>
<arg>${HORA_ATUAL}</arg>
<arg>datetime</arg>
<doc>Converts between supported `date formats`.</doc>
<msg timestamp="20230210 07:58:09.447" level="INFO">${HORA_ATUAL} = 2023-02-10 07:58:09.444000</msg>
<status status="PASS" starttime="20230210 07:58:09.445" endtime="20230210 07:58:09.447"/>
</kw>
<kw name="Log" library="BuiltIn">
<arg>Hora atual: ${HORA_ATUAL.hour}\nMinuto atual: ${HORA_ATUAL.minute}\nSegundo atual: ${HORA_ATUAL.second}</arg>
<doc>Logs the given message with the given level.</doc>
<msg timestamp="20230210 07:58:09.448" level="INFO">Hora atual: 7
Minuto atual: 58
Segundo atual: 9</msg>
<status status="PASS" starttime="20230210 07:58:09.447" endtime="20230210 07:58:09.448"/>
</kw>
<kw name="Run Keyword If" library="BuiltIn">
<arg>"${HORA_ATUAL.second}"!="15"</arg>
<arg>Fail</arg>
<arg>msg=Ainda não estamos no segundo 15!!</arg>
<doc>Runs the given keyword with the given arguments, if ``condition`` is true.</doc>
<kw name="Fail" library="BuiltIn">
<arg>msg=Ainda não estamos no segundo 15!!</arg>
<doc>Fails the test with the given message and optionally alters its tags.</doc>
<msg timestamp="20230210 07:58:09.449" level="FAIL">Ainda não estamos no segundo 15!!</msg>
<status status="FAIL" starttime="20230210 07:58:09.449" endtime="20230210 07:58:09.449"/>
</kw>
<status status="FAIL" starttime="20230210 07:58:09.448" endtime="20230210 07:58:09.449"/>
</kw>
<status status="FAIL" starttime="20230210 07:58:09.443" endtime="20230210 07:58:09.449"/>
</kw>
<kw name="Essa keyword só passa se estivermos no segundo 15!">
<kw name="Get Current Date" library="DateTime">
<var>${HORA_ATUAL}</var>
<doc>Returns current local or UTC time with an optional increment.</doc>
<msg timestamp="20230210 07:58:10.451" level="INFO">${HORA_ATUAL} = 2023-02-10 07:58:10.451</msg>
<status status="PASS" starttime="20230210 07:58:10.451" endtime="20230210 07:58:10.452"/>
</kw>
<kw name="Convert Date" library="DateTime">
<var>${HORA_ATUAL}</var>
<arg>${HORA_ATUAL}</arg>
<arg>datetime</arg>
<doc>Converts between supported `date formats`.</doc>
<msg timestamp="20230210 07:58:10.452" level="INFO">${HORA_ATUAL} = 2023-02-10 07:58:10.451000</msg>
<status status="PASS" starttime="20230210 07:58:10.452" endtime="20230210 07:58:10.452"/>
</kw>
<kw name="Log" library="BuiltIn">
<arg>Hora atual: ${HORA_ATUAL.hour}\nMinuto atual: ${HORA_ATUAL.minute}\nSegundo atual: ${HORA_ATUAL.second}</arg>
<doc>Logs the given message with the given level.</doc>
<msg timestamp="20230210 07:58:10.454" level="INFO">Hora atual: 7
Minuto atual: 58
Segundo atual: 10</msg>
<status status="PASS" starttime="20230210 07:58:10.452" endtime="20230210 07:58:10.454"/>
</kw>
<kw name="Run Keyword If" library="BuiltIn">
<arg>"${HORA_ATUAL.second}"!="15"</arg>
<arg>Fail</arg>
<arg>msg=Ainda não estamos no segundo 15!!</arg>
<doc>Runs the given keyword with the given arguments, if ``condition`` is true.</doc>
<kw name="Fail" library="BuiltIn">
<arg>msg=Ainda não estamos no segundo 15!!</arg>
<doc>Fails the test with the given message and optionally alters its tags.</doc>
<msg timestamp="20230210 07:58:10.455" level="FAIL">Ainda não estamos no segundo 15!!</msg>
<status status="FAIL" starttime="20230210 07:58:10.454" endtime="20230210 07:58:10.455"/>
</kw>
<status status="FAIL" starttime="20230210 07:58:10.454" endtime="20230210 07:58:10.455"/>
</kw>
<status status="FAIL" starttime="20230210 07:58:10.451" endtime="20230210 07:58:10.455"/>
</kw>
<kw name="Essa keyword só passa se estivermos no segundo 15!">
<kw name="Get Current Date" library="DateTime">
<var>${HORA_ATUAL}</var>
<doc>Returns current local or UTC time with an optional increment.</doc>
<msg timestamp="20230210 07:58:11.457" level="INFO">${HORA_ATUAL} = 2023-02-10 07:58:11.456</msg>
<status status="PASS" starttime="20230210 07:58:11.455" endtime="20230210 07:58:11.457"/>
</kw>
<kw name="Convert Date" library="DateTime">
<var>${HORA_ATUAL}</var>
<arg>${HORA_ATUAL}</arg>
<arg>datetime</arg>
<doc>Converts between supported `date formats`.</doc>
<msg timestamp="20230210 07:58:11.457" level="INFO">${HORA_ATUAL} = 2023-02-10 07:58:11.456000</msg>
<status status="PASS" starttime="20230210 07:58:11.457" endtime="20230210 07:58:11.457"/>
</kw>
<kw name="Log" library="BuiltIn">
<arg>Hora atual: ${HORA_ATUAL.hour}\nMinuto atual: ${HORA_ATUAL.minute}\nSegundo atual: ${HORA_ATUAL.second}</arg>
<doc>Logs the given message with the given level.</doc>
<msg timestamp="20230210 07:58:11.458" level="INFO">Hora atual: 7
Minuto atual: 58
Segundo atual: 11</msg>
<status status="PASS" starttime="20230210 07:58:11.457" endtime="20230210 07:58:11.458"/>
</kw>
<kw name="Run Keyword If" library="BuiltIn">
<arg>"${HORA_ATUAL.second}"!="15"</arg>
<arg>Fail</arg>
<arg>msg=Ainda não estamos no segundo 15!!</arg>
<doc>Runs the given keyword with the given arguments, if ``condition`` is true.</doc>
<kw name="Fail" library="BuiltIn">
<arg>msg=Ainda não estamos no segundo 15!!</arg>
<doc>Fails the test with the given message and optionally alters its tags.</doc>
<msg timestamp="20230210 07:58:11.460" level="FAIL">Ainda não estamos no segundo 15!!</msg>
<status status="FAIL" starttime="20230210 07:58:11.459" endtime="20230210 07:58:11.460"/>
</kw>
<status status="FAIL" starttime="20230210 07:58:11.458" endtime="20230210 07:58:11.460"/>
</kw>
<status status="FAIL" starttime="20230210 07:58:11.455" endtime="20230210 07:58:11.460"/>
</kw>
<kw name="Essa keyword só passa se estivermos no segundo 15!">
<kw name="Get Current Date" library="DateTime">
<var>${HORA_ATUAL}</var>
<doc>Returns current local or UTC time with an optional increment.</doc>
<msg timestamp="20230210 07:58:12.461" level="INFO">${HORA_ATUAL} = 2023-02-10 07:58:12.460</msg>
<status status="PASS" starttime="20230210 07:58:12.460" endtime="20230210 07:58:12.461"/>
</kw>
<kw name="Convert Date" library="DateTime">
<var>${HORA_ATUAL}</var>
<arg>${HORA_ATUAL}</arg>
<arg>datetime</arg>
<doc>Converts between supported `date formats`.</doc>
<msg timestamp="20230210 07:58:12.463" level="INFO">${HORA_ATUAL} = 2023-02-10 07:58:12.460000</msg>
<status status="PASS" starttime="20230210 07:58:12.461" endtime="20230210 07:58:12.463"/>
</kw>
<kw name="Log" library="BuiltIn">
<arg>Hora atual: ${HORA_ATUAL.hour}\nMinuto atual: ${HORA_ATUAL.minute}\nSegundo atual: ${HORA_ATUAL.second}</arg>
<doc>Logs the given message with the given level.</doc>
<msg timestamp="20230210 07:58:12.466" level="INFO">Hora atual: 7
Minuto atual: 58
Segundo atual: 12</msg>
<status status="PASS" starttime="20230210 07:58:12.463" endtime="20230210 07:58:12.466"/>
</kw>
<kw name="Run Keyword If" library="BuiltIn">
<arg>"${HORA_ATUAL.second}"!="15"</arg>
<arg>Fail</arg>
<arg>msg=Ainda não estamos no segundo 15!!</arg>
<doc>Runs the given keyword with the given arguments, if ``condition`` is true.</doc>
<kw name="Fail" library="BuiltIn">
<arg>msg=Ainda não estamos no segundo 15!!</arg>
<doc>Fails the test with the given message and optionally alters its tags.</doc>
<msg timestamp="20230210 07:58:12.468" level="FAIL">Ainda não estamos no segundo 15!!</msg>
<status status="FAIL" starttime="20230210 07:58:12.467" endtime="20230210 07:58:12.468"/>
</kw>
<status status="FAIL" starttime="20230210 07:58:12.466" endtime="20230210 07:58:12.468"/>
</kw>
<status status="FAIL" starttime="20230210 07:58:12.460" endtime="20230210 07:58:12.468"/>
</kw>
<kw name="Essa keyword só passa se estivermos no segundo 15!">
<kw name="Get Current Date" library="DateTime">
<var>${HORA_ATUAL}</var>
<doc>Returns current local or UTC time with an optional increment.</doc>
<msg timestamp="20230210 07:58:13.470" level="INFO">${HORA_ATUAL} = 2023-02-10 07:58:13.470</msg>
<status status="PASS" starttime="20230210 07:58:13.469" endtime="20230210 07:58:13.470"/>
</kw>
<kw name="Convert Date" library="DateTime">
<var>${HORA_ATUAL}</var>
<arg>${HORA_ATUAL}</arg>
<arg>datetime</arg>
<doc>Converts between supported `date formats`.</doc>
<msg timestamp="20230210 07:58:13.471" level="INFO">${HORA_ATUAL} = 2023-02-10 07:58:13.470000</msg>
<status status="PASS" starttime="20230210 07:58:13.470" endtime="20230210 07:58:13.471"/>
</kw>
<kw name="Log" library="BuiltIn">
<arg>Hora atual: ${HORA_ATUAL.hour}\nMinuto atual: ${HORA_ATUAL.minute}\nSegundo atual: ${HORA_ATUAL.second}</arg>
<doc>Logs the given message with the given level.</doc>
<msg timestamp="20230210 07:58:13.472" level="INFO">Hora atual: 7
Minuto atual: 58
Segundo atual: 13</msg>
<status status="PASS" starttime="20230210 07:58:13.471" endtime="20230210 07:58:13.472"/>
</kw>
<kw name="Run Keyword If" library="BuiltIn">
<arg>"${HORA_ATUAL.second}"!="15"</arg>
<arg>Fail</arg>
<arg>msg=Ainda não estamos no segundo 15!!</arg>
<doc>Runs the given keyword with the given arguments, if ``condition`` is true.</doc>
<kw name="Fail" library="BuiltIn">
<arg>msg=Ainda não estamos no segundo 15!!</arg>
<doc>Fails the test with the given message and optionally alters its tags.</doc>
<msg timestamp="20230210 07:58:13.474" level="FAIL">Ainda não estamos no segundo 15!!</msg>
<status status="FAIL" starttime="20230210 07:58:13.473" endtime="20230210 07:58:13.474"/>
</kw>
<status status="FAIL" starttime="20230210 07:58:13.472" endtime="20230210 07:58:13.474"/>
</kw>
<status status="FAIL" starttime="20230210 07:58:13.469" endtime="20230210 07:58:13.474"/>
</kw>
<kw name="Essa keyword só passa se estivermos no segundo 15!">
<kw name="Get Current Date" library="DateTime">
<var>${HORA_ATUAL}</var>
<doc>Returns current local or UTC time with an optional increment.</doc>
<msg timestamp="20230210 07:58:14.474" level="INFO">${HORA_ATUAL} = 2023-02-10 07:58:14.474</msg>
<status status="PASS" starttime="20230210 07:58:14.474" endtime="20230210 07:58:14.474"/>
</kw>
<kw name="Convert Date" library="DateTime">
<var>${HORA_ATUAL}</var>
<arg>${HORA_ATUAL}</arg>
<arg>datetime</arg>
<doc>Converts between supported `date formats`.</doc>
<msg timestamp="20230210 07:58:14.476" level="INFO">${HORA_ATUAL} = 2023-02-10 07:58:14.474000</msg>
<status status="PASS" starttime="20230210 07:58:14.474" endtime="20230210 07:58:14.476"/>
</kw>
<kw name="Log" library="BuiltIn">
<arg>Hora atual: ${HORA_ATUAL.hour}\nMinuto atual: ${HORA_ATUAL.minute}\nSegundo atual: ${HORA_ATUAL.second}</arg>
<doc>Logs the given message with the given level.</doc>
<msg timestamp="20230210 07:58:14.477" level="INFO">Hora atual: 7
Minuto atual: 58
Segundo atual: 14</msg>
<status status="PASS" starttime="20230210 07:58:14.476" endtime="20230210 07:58:14.477"/>
</kw>
<kw name="Run Keyword If" library="BuiltIn">
<arg>"${HORA_ATUAL.second}"!="15"</arg>
<arg>Fail</arg>
<arg>msg=Ainda não estamos no segundo 15!!</arg>
<doc>Runs the given keyword with the given arguments, if ``condition`` is true.</doc>
<kw name="Fail" library="BuiltIn">
<arg>msg=Ainda não estamos no segundo 15!!</arg>
<doc>Fails the test with the given message and optionally alters its tags.</doc>
<msg timestamp="20230210 07:58:14.479" level="FAIL">Ainda não estamos no segundo 15!!</msg>
<status status="FAIL" starttime="20230210 07:58:14.478" endtime="20230210 07:58:14.479"/>
</kw>
<status status="FAIL" starttime="20230210 07:58:14.477" endtime="20230210 07:58:14.479"/>
</kw>
<status status="FAIL" starttime="20230210 07:58:14.474" endtime="20230210 07:58:14.479"/>
</kw>
<kw name="Essa keyword só passa se estivermos no segundo 15!">
<kw name="Get Current Date" library="DateTime">
<var>${HORA_ATUAL}</var>
<doc>Returns current local or UTC time with an optional increment.</doc>
<msg timestamp="20230210 07:58:15.481" level="INFO">${HORA_ATUAL} = 2023-02-10 07:58:15.481</msg>
<status status="PASS" starttime="20230210 07:58:15.480" endtime="20230210 07:58:15.481"/>
</kw>
<kw name="Convert Date" library="DateTime">
<var>${HORA_ATUAL}</var>
<arg>${HORA_ATUAL}</arg>
<arg>datetime</arg>
<doc>Converts between supported `date formats`.</doc>
<msg timestamp="20230210 07:58:15.482" level="INFO">${HORA_ATUAL} = 2023-02-10 07:58:15.481000</msg>
<status status="PASS" starttime="20230210 07:58:15.481" endtime="20230210 07:58:15.482"/>
</kw>
<kw name="Log" library="BuiltIn">
<arg>Hora atual: ${HORA_ATUAL.hour}\nMinuto atual: ${HORA_ATUAL.minute}\nSegundo atual: ${HORA_ATUAL.second}</arg>
<doc>Logs the given message with the given level.</doc>
<msg timestamp="20230210 07:58:15.483" level="INFO">Hora atual: 7
Minuto atual: 58
Segundo atual: 15</msg>
<status status="PASS" starttime="20230210 07:58:15.482" endtime="20230210 07:58:15.483"/>
</kw>
<kw name="Run Keyword If" library="BuiltIn">
<arg>"${HORA_ATUAL.second}"!="15"</arg>
<arg>Fail</arg>
<arg>msg=Ainda não estamos no segundo 15!!</arg>
<doc>Runs the given keyword with the given arguments, if ``condition`` is true.</doc>
<status status="PASS" starttime="20230210 07:58:15.483" endtime="20230210 07:58:15.484"/>
</kw>
<status status="PASS" starttime="20230210 07:58:15.480" endtime="20230210 07:58:15.484"/>
</kw>
<status status="PASS" starttime="20230210 07:57:58.364" endtime="20230210 07:58:15.484"/>
</kw>
<status status="PASS" starttime="20230210 07:57:58.363" endtime="20230210 07:58:15.484"/>
</kw>
<kw name="Teardown do meu teste" type="TEARDOWN">
<kw name="Run Keyword If Timeout Occurred" library="BuiltIn">
<arg>Log</arg>
<arg>Esse teste demorou demais, possível problema de performance!</arg>
<doc>Runs the given keyword if either a test or a keyword timeout has occurred.</doc>
<status status="PASS" starttime="20230210 07:58:15.485" endtime="20230210 07:58:15.485"/>
</kw>
<status status="PASS" starttime="20230210 07:58:15.484" endtime="20230210 07:58:15.485"/>
</kw>
<timeout value="2 minutes"/>
<status status="PASS" starttime="20230210 07:57:58.362" endtime="20230210 07:58:15.485"/>
</test>
<status status="FAIL" starttime="20230210 07:57:57.320" endtime="20230210 07:58:15.486"/>
</suite>
<statistics>
<total>
<stat pass="1" fail="1" skip="0">All Tests</stat>
</total>
<tag>
</tag>
<suite>
<stat pass="1" fail="1" skip="0" id="s1" name="Esperas">Esperas</stat>
</suite>
</statistics>
<errors>
</errors>
</robot>
