<?xml version="1.0" encoding="UTF-8"?>
<robot generator="Robot 6.0.2 (Python 3.11.1 on win32)" generated="20230204 18:11:19.199" rpa="false" schemaversion="3">
<suite id="s1" name="Amazon Test" source="C:\Users\Gabriel\Documents\Robot\webtest\amazon_test.robot">
<test id="s1-t1" name="Case test 01 - Acesso ao menu &quot;Eletrônicos&quot;" line="9">
<kw name="Abrir navegador" library="amazon_resources" type="SETUP">
<kw name="Open Browser" library="SeleniumLibrary">
<arg>browser=chrome</arg>
<doc>Opens a new browser instance to the optional ``url``.</doc>
<msg timestamp="20230204 18:11:19.733" level="INFO">Opening browser 'chrome' to base url 'None'.</msg>
<status status="PASS" starttime="20230204 18:11:19.732" endtime="20230204 18:11:21.627"/>
</kw>
<kw name="Maximize Browser Window" library="SeleniumLibrary">
<doc>Maximizes current browser window.</doc>
<status status="PASS" starttime="20230204 18:11:21.627" endtime="20230204 18:11:21.822"/>
</kw>
<status status="PASS" starttime="20230204 18:11:19.732" endtime="20230204 18:11:21.823"/>
</kw>
<kw name="Acessar a home page do site Amazon.com.br" library="amazon_resources">
<kw name="Go To" library="SeleniumLibrary">
<arg>url=${URL}</arg>
<doc>Navigates the current browser window to the provided ``url``.</doc>
<msg timestamp="20230204 18:11:21.827" level="INFO">Opening url 'https://www.amazon.com.br/'</msg>
<status status="PASS" starttime="20230204 18:11:21.826" endtime="20230204 18:11:32.597"/>
</kw>
<status status="PASS" starttime="20230204 18:11:21.824" endtime="20230204 18:11:32.597"/>
</kw>
<kw name="Entrar no menu &quot;Eletrônicos&quot;" library="amazon_resources">
<kw name="Wait Until Element Is Visible" library="SeleniumLibrary">
<arg>locator=${MENU_ELETRONICOS}</arg>
<doc>Waits until the element ``locator`` is visible.</doc>
<status status="PASS" starttime="20230204 18:11:32.598" endtime="20230204 18:11:32.682"/>
</kw>
<kw name="Click Element" library="SeleniumLibrary">
<arg>locator=${MENU_ELETRONICOS}</arg>
<doc>Click the element identified by ``locator``.</doc>
<msg timestamp="20230204 18:11:32.684" level="INFO">Clicking element '//a[contains(.,'Eletrônicos')]'.</msg>
<status status="PASS" starttime="20230204 18:11:32.683" endtime="20230204 18:11:38.723"/>
</kw>
<status status="PASS" starttime="20230204 18:11:32.597" endtime="20230204 18:11:38.724"/>
</kw>
<kw name="Verificar se aparece a frase &quot;Eletrônicos e Tecnologia&quot;" library="amazon_resources" sourcename="Verificar se aparece a frase &quot;${FRASE}&quot;">
<kw name="Wait Until Page Contains" library="SeleniumLibrary">
<arg>text=${FRASE}</arg>
<doc>Waits until ``text`` appears on the current page.</doc>
<status status="PASS" starttime="20230204 18:11:38.725" endtime="20230204 18:11:38.908"/>
</kw>
<kw name="Wait Until Element Is Visible" library="SeleniumLibrary">
<arg>locator=${CHECK_HEADER}</arg>
<doc>Waits until the element ``locator`` is visible.</doc>
<status status="PASS" starttime="20230204 18:11:38.908" endtime="20230204 18:11:39.267"/>
</kw>
<status status="PASS" starttime="20230204 18:11:38.724" endtime="20230204 18:11:39.267"/>
</kw>
<kw name="Verificar se o título da página fica &quot;Eletrônicos e Tecnologia | Amazon.com.br&quot;" library="amazon_resources" sourcename="Verificar se o título da página fica &quot;${TITULO}&quot;">
<kw name="Title Should Be" library="SeleniumLibrary">
<arg>title=${TITULO}</arg>
<doc>Verifies that the current page title equals ``title``.</doc>
<msg timestamp="20230204 18:11:39.497" level="INFO">Page title is 'Eletrônicos e Tecnologia | Amazon.com.br'.</msg>
<status status="PASS" starttime="20230204 18:11:39.268" endtime="20230204 18:11:39.497"/>
</kw>
<status status="PASS" starttime="20230204 18:11:39.268" endtime="20230204 18:11:39.497"/>
</kw>
<kw name="Verificar se aparece a categoria &quot;Computadores e Informática&quot;" library="amazon_resources" sourcename="Verificar se aparece a categoria &quot;${CATEGORIA}&quot;">
<kw name="Element Should Be Visible" library="SeleniumLibrary">
<arg>locator=//a[contains(@aria-label,'${CATEGORIA}')]</arg>
<doc>Verifies that the element identified by ``locator`` is visible.</doc>
<msg timestamp="20230204 18:11:39.718" level="INFO">Element '//a[contains(@aria-label,'Computadores e Informática')]' is displayed.</msg>
<status status="PASS" starttime="20230204 18:11:39.498" endtime="20230204 18:11:39.718"/>
</kw>
<status status="PASS" starttime="20230204 18:11:39.498" endtime="20230204 18:11:39.718"/>
</kw>
<kw name="Fechar navegador" library="amazon_resources" type="TEARDOWN">
<kw name="Capture Page Screenshot" library="SeleniumLibrary">
<doc>Takes a screenshot of the current page and embeds it into a log file.</doc>
<msg timestamp="20230204 18:11:40.162" level="INFO" html="true">&lt;/td&gt;&lt;/tr&gt;&lt;tr&gt;&lt;td colspan="3"&gt;&lt;a href="selenium-screenshot-4.png"&gt;&lt;img src="selenium-screenshot-4.png" width="800px"&gt;&lt;/a&gt;</msg>
<status status="PASS" starttime="20230204 18:11:39.719" endtime="20230204 18:11:40.162"/>
</kw>
<kw name="Close Browser" library="SeleniumLibrary">
<doc>Closes the current browser.</doc>
<status status="PASS" starttime="20230204 18:11:40.162" endtime="20230204 18:11:42.612"/>
</kw>
<status status="PASS" starttime="20230204 18:11:39.719" endtime="20230204 18:11:42.612"/>
</kw>
<doc>Teste verifica o menu de elêtronicos da Amazon.com.br e a categoria "Computadores e
informática"</doc>
<tag>menus</tag>
<status status="PASS" starttime="20230204 18:11:19.730" endtime="20230204 18:11:42.613"/>
</test>
<test id="s1-t2" name="Case test 02 - Pesquisa de um Produto" line="19">
<kw name="Abrir navegador" library="amazon_resources" type="SETUP">
<kw name="Open Browser" library="SeleniumLibrary">
<arg>browser=chrome</arg>
<doc>Opens a new browser instance to the optional ``url``.</doc>
<msg timestamp="20230204 18:11:42.617" level="INFO">Opening browser 'chrome' to base url 'None'.</msg>
<status status="PASS" starttime="20230204 18:11:42.617" endtime="20230204 18:11:44.585"/>
</kw>
<kw name="Maximize Browser Window" library="SeleniumLibrary">
<doc>Maximizes current browser window.</doc>
<status status="PASS" starttime="20230204 18:11:44.585" endtime="20230204 18:11:44.794"/>
</kw>
<status status="PASS" starttime="20230204 18:11:42.616" endtime="20230204 18:11:44.795"/>
</kw>
<kw name="Acessar a home page do site Amazon.com.br" library="amazon_resources">
<kw name="Go To" library="SeleniumLibrary">
<arg>url=${URL}</arg>
<doc>Navigates the current browser window to the provided ``url``.</doc>
<msg timestamp="20230204 18:11:44.809" level="INFO">Opening url 'https://www.amazon.com.br/'</msg>
<status status="PASS" starttime="20230204 18:11:44.809" endtime="20230204 18:11:52.852"/>
</kw>
<status status="PASS" starttime="20230204 18:11:44.808" endtime="20230204 18:11:52.852"/>
</kw>
<kw name="Digitar o nome de produto &quot;Xbox Series S&quot; no campo de pesquisa" library="amazon_resources" sourcename="Digitar o nome de produto &quot;${PESQUISA}&quot; no campo de pesquisa">
<kw name="Input Text" library="SeleniumLibrary">
<arg>locator=${INPUT_TEXT}</arg>
<arg>text=${PESQUISA}</arg>
<doc>Types the given ``text`` into the text field identified by ``locator``.</doc>
<msg timestamp="20230204 18:11:52.855" level="INFO">Typing text 'Xbox Series S' into text field 'twotabsearchtextbox'.</msg>
<status status="PASS" starttime="20230204 18:11:52.854" endtime="20230204 18:11:54.997"/>
</kw>
<kw name="Capture Element Screenshot" library="SeleniumLibrary">
<arg>locator=${INPUT_TEXT}</arg>
<doc>Captures a screenshot from the element identified by ``locator`` and embeds it into log file.</doc>
<msg timestamp="20230204 18:11:55.292" level="INFO" html="true">&lt;/td&gt;&lt;/tr&gt;&lt;tr&gt;&lt;td colspan="3"&gt;&lt;a href="selenium-element-screenshot-1.png"&gt;&lt;img src="selenium-element-screenshot-1.png" width="400px"&gt;&lt;/a&gt;</msg>
<status status="PASS" starttime="20230204 18:11:54.997" endtime="20230204 18:11:55.293"/>
</kw>
<status status="PASS" starttime="20230204 18:11:52.853" endtime="20230204 18:11:55.293"/>
</kw>
<kw name="Clicar no botão de pesquisa" library="amazon_resources">
<kw name="Click Element" library="SeleniumLibrary">
<arg>locator=${PESQUISA_BOTAO}</arg>
<doc>Click the element identified by ``locator``.</doc>
<msg timestamp="20230204 18:11:55.304" level="INFO">Clicking element '//input[contains(@type,'submit')]'.</msg>
<status status="PASS" starttime="20230204 18:11:55.302" endtime="20230204 18:11:55.537"/>
</kw>
<status status="PASS" starttime="20230204 18:11:55.301" endtime="20230204 18:11:55.537"/>
</kw>
<kw name="Exibir a tela com o resultado da pesquisa,listando o produto pesquisado." library="amazon_resources">
<kw name="Wait Until Element Is Visible" library="SeleniumLibrary">
<arg>locator=//span[@class='a-size-medium-plus a-color-base a-text-normal'][contains(.,'RESULTADOS')]</arg>
<doc>Waits until the element ``locator`` is visible.</doc>
<status status="PASS" starttime="20230204 18:11:55.538" endtime="20230204 18:12:02.400"/>
</kw>
<status status="PASS" starttime="20230204 18:11:55.538" endtime="20230204 18:12:02.400"/>
</kw>
<kw name="Fechar navegador" library="amazon_resources" type="TEARDOWN">
<kw name="Capture Page Screenshot" library="SeleniumLibrary">
<doc>Takes a screenshot of the current page and embeds it into a log file.</doc>
<msg timestamp="20230204 18:12:02.734" level="INFO" html="true">&lt;/td&gt;&lt;/tr&gt;&lt;tr&gt;&lt;td colspan="3"&gt;&lt;a href="selenium-screenshot-5.png"&gt;&lt;img src="selenium-screenshot-5.png" width="800px"&gt;&lt;/a&gt;</msg>
<status status="PASS" starttime="20230204 18:12:02.401" endtime="20230204 18:12:02.734"/>
</kw>
<kw name="Close Browser" library="SeleniumLibrary">
<doc>Closes the current browser.</doc>
<status status="PASS" starttime="20230204 18:12:02.735" endtime="20230204 18:12:05.292"/>
</kw>
<status status="PASS" starttime="20230204 18:12:02.400" endtime="20230204 18:12:05.292"/>
</kw>
<doc>Teste verifica a busca de um produto dentro do site Amazon.com.br</doc>
<tag>busca_produto</tag>
<status status="PASS" starttime="20230204 18:11:42.615" endtime="20230204 18:12:05.293"/>
</test>
<doc>Suíte de teste do site amazon.com.br
</doc>
<status status="PASS" starttime="20230204 18:11:19.202" endtime="20230204 18:12:05.294"/>
</suite>
<statistics>
<total>
<stat pass="2" fail="0" skip="0">All Tests</stat>
</total>
<tag>
<stat pass="1" fail="0" skip="0">busca_produto</stat>
<stat pass="1" fail="0" skip="0">menus</stat>
</tag>
<suite>
<stat pass="2" fail="0" skip="0" id="s1" name="Amazon Test">Amazon Test</stat>
</suite>
</statistics>
<errors>
</errors>
</robot>
